2026-05-16_23:08: log_update: LOG lines BEFORE update:9 /home/kmiller/.local/share/yts/yts.downloads
2026-05-16_23:08: log_update: Skipping expired inode:6308574
2026-05-16_23:08: log_update: Skipping expired inode:6293021
2026-05-16_23:08: log_update: Skipping expired inode:6309015
2026-05-16_23:08: log_update: Skipping expired inode:6322742
2026-05-16_23:08: log_update: Skipping expired inode:6322750
2026-05-16_23:08: log_update: Skipping expired inode:6316775
2026-05-16_23:08: log_update: Skipping expired inode:6329096
2026-05-16_23:08: log_update: Skipping expired inode:6340469
2026-05-16_23:08: log_update: LOG lines AFTER update:1 /home/kmiller/.local/share/yts/yts.downloads
2026-05-16_23:08: query_youtube: Creating listing for QKEY:alexchristoforou STRICT:s
2026-05-16_23:08: query_youtube: _QUERY_OPTS: AGE:recent DKEY:Alex Christoforou ENGINE:youtube EOPT:s FKEY:alex christoforou QKEY:alexchristoforou TYPE:standard 
2026-05-16_23:08: query_youtube: g_PROXY_CMD:node /usr/local/etc/yts.js -s -a recent "alexchristoforou"
2026-05-16_23:08: query_youtube: Query matched 13 lines, _LOCAL_LIST has 10 lines
2026-05-16_23:08: query_youtube: Listing for QKEY:alexchristoforou contains 10 rows
2026-05-16_23:08: job_start: DOWNLOAD LOG:/home/kmiller/.local/share/yts/yt.log.NFofLt
2026-05-16_23:08: job_start: TITLE:Putin DECREE raises concerns in WEST. Zelensky FEARS Kiev strike, Finland
2026-05-16_23:08: job_start: CMD:nohup yt -N2 -Rinfinite -i -o '%(channel)s - %(title).200s.%(ext)s' "https://youtube.com/watch?v=6V7lJQQgX1Q" PID:1062577
2026-05-16_23:08: yt PPCMD:/usr/bin/zsh/usr/local/bin/yts
2026-05-16_23:08: action_do: GENERATING HEADER
2026-05-16_23:08: title_scrubber: UCASE_WORDS:5
2026-05-16_23:08: yt Executed from script:-N2 -Rinfinite -i -o %(channel)s - %(title).200s.%(ext)s https://youtube.com/watch?v=6V7lJQQgX1Q PPCMD:/usr/bin/zsh/usr/local/bin/yts
2026-05-16_23:08: action_do: COMPLETED
2026-05-16_23:08: action_do: POST-PROCESSING
2026-05-16_23:08: post_process: Last file downloaded:/home/kmiller/Downloads/Torrents/Library/web/Alex_Christoforou - Putin_DECREE_raises_concerns_in_WEST._Zelensky_FEARS_Kiev_strike_Finland_drone_F._CUBA_ultimatum.mp4
2026-05-16_23:08: set_final_fn: FN  IN:/home/kmiller/Downloads/Torrents/Library/web/Alex_Christoforou - Putin_DECREE_raises_concerns_in_WEST._Zelensky_FEARS_Kiev_strike_Finland_drone_F._CUBA_ultimatum.mp4
2026-05-16_23:08: title_scrubber: UCASE_WORDS:5
2026-05-16_23:08: set_final_fn: Overwriting file:Alex_Christoforou - Putin_DECREE_raises_concerns_in_WEST._Zelensky_FEARS_Kiev_strike_Finland_drone_F._CUBA_ultimatum.mp4 with:Alex Christoforou - Putin Decree Raises Concerns In West. Zelensky.mp4
2026-05-16_23:08: set_final_fn: FN OUT:/home/kmiller/Downloads/Torrents/Library/web/Alex Christoforou - Putin Decree Raises Concerns In West. Zelensky.mp4
2026-05-16_23:08: log_clear: Temp log file:/home/kmiller/.local/share/yts/yt.log.NFofLt was cleared for:alexchristoforou from:action_do
2026-05-16_23:08: query_youtube: Creating listing for QKEY:blancolirio STRICT:s
2026-05-16_23:08: query_youtube: _QUERY_OPTS: AGE:recent DKEY:Blan Colirio ENGINE:youtube EOPT:s FKEY:blan colirio QKEY:blancolirio SMSG:Inf% TYPE:standard 
2026-05-16_23:08: query_youtube: g_PROXY_CMD:node /usr/local/etc/yts.js -s -a recent "blancolirio"
2026-05-16_23:08: query_youtube: Query matched 7 lines, _LOCAL_LIST has 5 lines
2026-05-16_23:08: query_youtube: Translated TITLE:P51D crash in Tullulah, Louisiana on May 12, 2026.
2026-05-16_23:09: query_youtube: Translated TITLE:N291AN C-421C Wimberley TX April 30, 2026
2026-05-16_23:09: query_youtube: Translated TITLE:NTSB Preliminary Reports: Catalina Island, California; Marana, Arizona,
2026-05-16_23:09: query_youtube: Translated TITLE:United Boeing 767 crashes into bread truck at EWR!
2026-05-16_23:09: query_youtube: Listing for QKEY:blancolirio contains 5 rows
2026-05-16_23:09: query_youtube: Creating listing for QKEY:dialogueworks STRICT:s
2026-05-16_23:09: query_youtube: _QUERY_OPTS: AGE:recent DKEY:Dialogue Works ENGINE:youtube EOPT:s FKEY:dialogue works QKEY:dialogueworks SMSG:0.0% TYPE:standard 
2026-05-16_23:09: query_youtube: g_PROXY_CMD:node /usr/local/etc/yts.js -s -a recent "dialogueworks"
2026-05-16_23:09: query_youtube: Query matched 15 lines, _LOCAL_LIST has 13 lines
2026-05-16_23:09: query_youtube: Listing for QKEY:dialogueworks contains 13 rows
2026-05-16_23:09: query_youtube: Creating listing for QKEY:katiehalper STRICT:s
2026-05-16_23:09: query_youtube: _QUERY_OPTS: AGE:recent DKEY:Katie Halper ENGINE:youtube EOPT:s FKEY:katie halper QKEY:katiehalper SMSG:0.0% TYPE:standard 
2026-05-16_23:09: query_youtube: g_PROXY_CMD:node /usr/local/etc/yts.js -s -a recent "katiehalper"
2026-05-16_23:09: query_youtube: Query matched 12 lines, _LOCAL_LIST has 10 lines
2026-05-16_23:09: query_youtube: Listing for QKEY:katiehalper contains 10 rows
2026-05-16_23:10: query_youtube: Creating listing for QKEY:mentourpilot STRICT:s
2026-05-16_23:10: query_youtube: _QUERY_OPTS: AGE:recent DKEY:Mentour Pilot ENGINE:youtube EOPT:s FKEY:mentour pilot QKEY:mentourpilot SMSG:0.0% TYPE:standard 
2026-05-16_23:10: query_youtube: g_PROXY_CMD:node /usr/local/etc/yts.js -s -a recent "mentourpilot"
2026-05-16_23:10: query_youtube: Query matched 4 lines, _LOCAL_LIST has 1 lines
2026-05-16_23:10: query_youtube: Listing for QKEY:mentourpilot contains 1 rows
2026-05-16_23:10: query_youtube: Creating listing for QKEY:rickbeato STRICT:s
2026-05-16_23:10: query_youtube: _QUERY_OPTS: AGE:recent DKEY:Rick Beato ENGINE:youtube EOPT:s FKEY:rick beato QKEY:rickbeato SMSG:Inf% TYPE:standard 
2026-05-16_23:10: query_youtube: g_PROXY_CMD:node /usr/local/etc/yts.js -s -a recent "rickbeato"
2026-05-16_23:10: query_youtube: Query matched 5 lines, _LOCAL_LIST has 2 lines
2026-05-16_23:10: query_youtube: Listing for QKEY:rickbeato contains 2 rows
2026-05-16_23:10: query_youtube: Creating listing for QKEY:thegrayzone STRICT:s
2026-05-16_23:10: query_youtube: _QUERY_OPTS: AGE:recent DKEY:The Grayzone ENGINE:youtube EOPT:s FKEY:the grayzone QKEY:thegrayzone SMSG:Inf% TYPE:standard 
2026-05-16_23:10: query_youtube: g_PROXY_CMD:node /usr/local/etc/yts.js -s -a recent "thegrayzone"
2026-05-16_23:10: query_youtube: Query matched 8 lines, _LOCAL_LIST has 6 lines
2026-05-16_23:10: query_youtube: Listing for QKEY:thegrayzone contains 6 rows
2026-05-16_23:11: query_rumble: Creating listing for QKEY:dannyhaiphong TYPE:channel
2026-05-16_23:11: parse_rumble: Parsing list for QKEY:dannyhaiphong
2026-05-16_23:11: parse_rumble: ROW:1 NO DATA from TAG:videostream__time text{}
2026-05-16_23:11: parse_rumble: ROW:1 NO DATA from TAG:title__link attr{href}
2026-05-16_23:11: parse_rumble: ROW:1 NO DATA from TAG:videostream__badge text{}
2026-05-16_23:11: parse_rumble: ROW:1 NO DATA from TAG:thumbnail__title attr{title}
2026-05-16_23:11: query_rumble: Listing for QKEY:dannyhaiphong contains 24 rows
2026-05-16_23:11: query_rumble: Creating listing for QKEY:glenndiesen TYPE:channel
2026-05-16_23:11: parse_rumble: Parsing list for QKEY:glenndiesen
2026-05-16_23:11: parse_rumble: ROW:1 NO DATA from TAG:videostream__time text{}
2026-05-16_23:11: parse_rumble: ROW:1 NO DATA from TAG:title__link attr{href}
2026-05-16_23:11: parse_rumble: ROW:1 NO DATA from TAG:videostream__badge text{}
2026-05-16_23:11: parse_rumble: ROW:1 NO DATA from TAG:thumbnail__title attr{title}
2026-05-16_23:11: parse_rumble: Omitting NDX:2 - URL - ucp_f
2026-05-16_23:11: query_rumble: Listing for QKEY:glenndiesen contains 25 rows
2026-05-16_23:11: job_start: DOWNLOAD LOG:/home/kmiller/.local/share/yts/yt.log.W116yD
2026-05-16_23:11: job_start: TITLE:Lawrence Wilkerson: Trump-Xi Meeting After U.S. Defeat In Iran
2026-05-16_23:11: job_start: CMD:nohup yt -N2 -Rinfinite -i -o '%(channel)s - %(title).200s.%(ext)s' "https://rumble.com/v79xljy-lawrence-wilkerson-trump-xi-meeting-after-u.s.-defeat-in-iran.html?e9s=src_v1_ucp_a" PID:1088252
2026-05-16_23:11: yt PPCMD:/usr/bin/zsh/usr/local/bin/yts
2026-05-16_23:11: action_do: PRE-PROCESSING
2026-05-16_23:12: action_do: GENERATING HEADER
2026-05-16_23:12: title_scrubber: UCASE_WORDS:2
2026-05-16_23:12: action_do: COMPLETED
2026-05-16_23:12: action_do: POST-PROCESSING
2026-05-16_23:12: yt Executed from script:-N2 -Rinfinite -i -o %(channel)s - %(title).200s.%(ext)s https://rumble.com/v79xljy-lawrence-wilkerson-trump-xi-meeting-after-u.s.-defeat-in-iran.html?e9s=src_v1_ucp_a PPCMD:/usr/bin/zsh/usr/local/bin/yts
2026-05-16_23:12: post_process: Last file downloaded:/home/kmiller/Downloads/Torrents/Library/web/Glenn_Diesen_Greater_Eurasia - Lawrence_Wilkerson_-_Trump-Xi_Meeting_After_U.S._Defeat_in_Iran.mp4
2026-05-16_23:12: set_final_fn: FN  IN:/home/kmiller/Downloads/Torrents/Library/web/Glenn_Diesen_Greater_Eurasia - Lawrence_Wilkerson_-_Trump-Xi_Meeting_After_U.S._Defeat_in_Iran.mp4
2026-05-16_23:12: title_scrubber: UCASE_WORDS:2
2026-05-16_23:12: set_final_fn: Overwriting file:Glenn_Diesen_Greater_Eurasia - Lawrence_Wilkerson_-_Trump-Xi_Meeting_After_U.S._Defeat_in_Iran.mp4 with:Glenn Diesen - Lawrence Wilkerson - Trump-Xi Meeting.mp4
2026-05-16_23:12: set_final_fn: FN OUT:/home/kmiller/Downloads/Torrents/Library/web/Glenn Diesen - Lawrence Wilkerson - Trump-Xi Meeting.mp4
2026-05-16_23:12: log_clear: Temp log file:/home/kmiller/.local/share/yts/yt.log.W116yD was cleared for:glenndiesen from:action_do
2026-05-16_23:12: job_start: DOWNLOAD LOG:/home/kmiller/.local/share/yts/yt.log.5imVDV
2026-05-16_23:12: job_start: TITLE:Alexander Mercouris: The Political Legitimacy Crisis Across Europe
2026-05-16_23:12: job_start: CMD:nohup yt -N2 -Rinfinite -i -o '%(channel)s - %(title).200s.%(ext)s' "https://rumble.com/v79xm2i-alexander-mercouris-the-political-legitimacy-crisis-across-europe.html?e9s=src_v1_ucp_a" PID:1095737
2026-05-16_23:12: yt PPCMD:/usr/bin/zsh/usr/local/bin/yts
2026-05-16_23:12: action_do: PRE-PROCESSING
2026-05-16_23:12: action_do: GENERATING HEADER
2026-05-16_23:12: title_scrubber: UCASE_WORDS:1
2026-05-16_23:13: action_do: COMPLETED
2026-05-16_23:13: action_do: POST-PROCESSING
2026-05-16_23:13: yt Executed from script:-N2 -Rinfinite -i -o %(channel)s - %(title).200s.%(ext)s https://rumble.com/v79xm2i-alexander-mercouris-the-political-legitimacy-crisis-across-europe.html?e9s=src_v1_ucp_a PPCMD:/usr/bin/zsh/usr/local/bin/yts
2026-05-16_23:13: post_process: Last file downloaded:/home/kmiller/Downloads/Torrents/Library/web/Glenn_Diesen_Greater_Eurasia - Alexander_Mercouris_-_The_Political_Legitimacy_Crisis_Across_Europe.mp4
2026-05-16_23:13: set_final_fn: FN  IN:/home/kmiller/Downloads/Torrents/Library/web/Glenn_Diesen_Greater_Eurasia - Alexander_Mercouris_-_The_Political_Legitimacy_Crisis_Across_Europe.mp4
2026-05-16_23:13: title_scrubber: UCASE_WORDS:1
2026-05-16_23:13: set_final_fn: Overwriting file:Glenn_Diesen_Greater_Eurasia - Alexander_Mercouris_-_The_Political_Legitimacy_Crisis_Across_Europe.mp4 with:Glenn Diesen - Alexander Mercouris - The Political.mp4
2026-05-16_23:13: set_final_fn: FN OUT:/home/kmiller/Downloads/Torrents/Library/web/Glenn Diesen - Alexander Mercouris - The Political.mp4
2026-05-16_23:13: log_clear: Temp log file:/home/kmiller/.local/share/yts/yt.log.5imVDV was cleared for:glenndiesen from:action_do
2026-05-16_23:13: query_rumble: Creating listing for QKEY:goingunderground TYPE:channel
2026-05-16_23:13: parse_rumble: Parsing list for QKEY:goingunderground
2026-05-16_23:13: parse_rumble: ROW:1 NO DATA from TAG:videostream__time text{}
2026-05-16_23:13: parse_rumble: ROW:1 NO DATA from TAG:title__link attr{href}
2026-05-16_23:13: parse_rumble: ROW:1 NO DATA from TAG:videostream__badge text{}
2026-05-16_23:13: parse_rumble: ROW:1 NO DATA from TAG:thumbnail__title attr{title}
2026-05-16_23:13: parse_rumble: Omitting NDX:2 - URL - ucp_f
2026-05-16_23:14: query_rumble: Listing for QKEY:goingunderground contains 25 rows
2026-05-16_23:14: query_rumble: Creating listing for QKEY:thejimmydoreshow TYPE:channel
2026-05-16_23:14: parse_rumble: Parsing list for QKEY:thejimmydoreshow
2026-05-16_23:14: parse_rumble: ROW:1 NO DATA from TAG:videostream__time text{}
2026-05-16_23:14: parse_rumble: ROW:1 NO DATA from TAG:title__link attr{href}
2026-05-16_23:14: parse_rumble: ROW:1 NO DATA from TAG:videostream__badge text{}
2026-05-16_23:14: parse_rumble: ROW:1 NO DATA from TAG:thumbnail__title attr{title}
2026-05-16_23:14: query_rumble: Listing for QKEY:thejimmydoreshow contains 24 rows
2026-05-16_23:14: query_rumble: Creating listing for QKEY:deepfocuswithjohnkiriakou TYPE:channel
2026-05-16_23:14: parse_rumble: Parsing list for QKEY:deepfocuswithjohnkiriakou
2026-05-16_23:14: parse_rumble: ROW:1 NO DATA from TAG:videostream__time text{}
2026-05-16_23:14: parse_rumble: ROW:1 NO DATA from TAG:title__link attr{href}
2026-05-16_23:14: parse_rumble: ROW:1 NO DATA from TAG:videostream__badge text{}
2026-05-16_23:14: parse_rumble: ROW:1 NO DATA from TAG:thumbnail__title attr{title}
2026-05-16_23:15: query_rumble: Listing for QKEY:deepfocuswithjohnkiriakou contains 24 rows
2026-05-16_23:15: query_rumble: Creating listing for QKEY:newordertv TYPE:channel
2026-05-16_23:15: parse_rumble: Parsing list for QKEY:newordertv
2026-05-16_23:15: parse_rumble: ROW:1 NO DATA from TAG:videostream__time text{}
2026-05-16_23:15: parse_rumble: ROW:1 NO DATA from TAG:title__link attr{href}
2026-05-16_23:15: parse_rumble: ROW:1 NO DATA from TAG:videostream__badge text{}
2026-05-16_23:15: parse_rumble: ROW:1 NO DATA from TAG:thumbnail__title attr{title}
2026-05-16_23:15: parse_rumble: ROW:2 NO DATA from TAG:videostream__time text{}
2026-05-16_23:15: parse_rumble: Omitting NDX:3 - TIME no colon
2026-05-16_23:15: query_rumble: Listing for QKEY:newordertv contains 9 rows
2026-05-16_23:15: query_rumble: Creating listing for QKEY:rtnews TYPE:channel
2026-05-16_23:15: parse_rumble: Parsing list for QKEY:rtnews
2026-05-16_23:15: parse_rumble: ROW:1 NO DATA from TAG:videostream__time text{}
2026-05-16_23:15: parse_rumble: ROW:1 NO DATA from TAG:title__link attr{href}
2026-05-16_23:15: parse_rumble: ROW:1 NO DATA from TAG:videostream__badge text{}
2026-05-16_23:15: parse_rumble: ROW:1 NO DATA from TAG:thumbnail__title attr{title}
2026-05-16_23:15: parse_rumble: ROW:3 NO DATA from TAG:videostream__time text{}
2026-05-16_23:15: parse_rumble: Omitting NDX:2 - URL - ucp_f
2026-05-16_23:15: parse_rumble: Omitting NDX:4 - TIME no colon
2026-05-16_23:15: query_rumble: Listing for QKEY:rtnews contains 24 rows
2026-05-16_23:16: job_start: DOWNLOAD LOG:/home/kmiller/.local/share/yts/yt.log.2QRCbN
2026-05-16_23:16: job_start: TITLE:Crosstalk # Economic Spiral
2026-05-16_23:16: job_start: CMD:nohup yt -N2 -Rinfinite -i -o '%(channel)s - %(title).200s.%(ext)s' "https://rumble.com/v79vkme-crosstalk-economic-spiral.html?e9s=src_v1_ucp_a" PID:1131856
2026-05-16_23:16: yt PPCMD:/usr/bin/zsh/usr/local/bin/yts
2026-05-16_23:16: action_do: PRE-PROCESSING
2026-05-16_23:16: action_do: GENERATING HEADER
2026-05-16_23:16: title_scrubber: UCASE_WORDS:1
2026-05-16_23:16: title_scrubber: Preserving acronym:Rt
2026-05-16_23:17: action_do: COMPLETED
2026-05-16_23:17: action_do: POST-PROCESSING
2026-05-16_23:17: yt Executed from script:-N2 -Rinfinite -i -o %(channel)s - %(title).200s.%(ext)s https://rumble.com/v79vkme-crosstalk-economic-spiral.html?e9s=src_v1_ucp_a PPCMD:/usr/bin/zsh/usr/local/bin/yts
2026-05-16_23:17: post_process: Last file downloaded:/home/kmiller/Downloads/Torrents/Library/web/RT - CrossTalk_Economic_Spiral.mp4
2026-05-16_23:17: set_final_fn: FN  IN:/home/kmiller/Downloads/Torrents/Library/web/RT - CrossTalk_Economic_Spiral.mp4
2026-05-16_23:17: title_scrubber: UCASE_WORDS:1
2026-05-16_23:17: title_scrubber: Preserving acronym:Rt
2026-05-16_23:17: set_final_fn: Overwriting file:RT - CrossTalk_Economic_Spiral.mp4 with:RT - Crosstalk Economic Spiral.mp4
2026-05-16_23:17: set_final_fn: FN OUT:/home/kmiller/Downloads/Torrents/Library/web/RT - Crosstalk Economic Spiral.mp4
2026-05-16_23:17: log_clear: Temp log file:/home/kmiller/.local/share/yts/yt.log.2QRCbN was cleared for:rtnews from:action_do
2026-05-16_23:18: query_youtube: Creating listing for QKEY:danieldavisdeepdive STRICT:null
2026-05-16_23:18: query_youtube: _QUERY_OPTS: AGE:recent DKEY:Daniel Davis ENGINE:youtube EOPT:null FKEY:daniel davis QKEY:danieldavisdeepdive SMSG:0.0% TYPE:custom 
2026-05-16_23:18: query_youtube: g_PROXY_CMD:node /usr/local/etc/yts.js  -a recent "danieldavisdeepdive"
2026-05-16_23:18: query_youtube: Query matched 18 lines, _LOCAL_LIST has 17 lines
2026-05-16_23:18: query_youtube: Listing for QKEY:danieldavisdeepdive contains 17 rows
2026-05-16_23:18: job_start: DOWNLOAD LOG:/home/kmiller/.local/share/yts/yt.log.wpFYPz
2026-05-16_23:18: job_start: TITLE:MIT Professsor Ted Postol: Missiles Won't End Iran War
2026-05-16_23:18: job_start: CMD:nohup yt -N2 -Rinfinite -i -o '%(channel)s - %(title).200s.%(ext)s' "https://youtube.com/watch?v=-CBfkTMoCA0" PID:1143775
2026-05-16_23:18: yt PPCMD:/usr/bin/zsh/usr/local/bin/yts
2026-05-16_23:18: action_do: GENERATING HEADER
2026-05-16_23:18: title_scrubber: UCASE_WORDS:1
2026-05-16_23:18: title_scrubber: Preserving uppercase:Mit
2026-05-16_23:18: yt Executed from script:-N2 -Rinfinite -i -o %(channel)s - %(title).200s.%(ext)s https://youtube.com/watch?v=-CBfkTMoCA0 PPCMD:/usr/bin/zsh/usr/local/bin/yts
2026-05-16_23:18: action_do: COMPLETED
2026-05-16_23:18: action_do: POST-PROCESSING
2026-05-16_23:19: post_process: Last file downloaded:/home/kmiller/Downloads/Torrents/Library/web/Daniel_Davis_Deep_Dive - MIT_Professsor_Ted_Postol_-_Missiles_Won_t_End_Iran_War.mp4
2026-05-16_23:19: set_final_fn: FN  IN:/home/kmiller/Downloads/Torrents/Library/web/Daniel_Davis_Deep_Dive - MIT_Professsor_Ted_Postol_-_Missiles_Won_t_End_Iran_War.mp4
2026-05-16_23:19: title_scrubber: UCASE_WORDS:1
2026-05-16_23:19: title_scrubber: Preserving uppercase:Mit
2026-05-16_23:19: set_final_fn: Overwriting file:Daniel_Davis_Deep_Dive - MIT_Professsor_Ted_Postol_-_Missiles_Won_t_End_Iran_War.mp4 with:Daniel Davis - MIT Professsor Ted Postol - Missiles Won't End Iran War.mp4
2026-05-16_23:19: set_final_fn: FN OUT:/home/kmiller/Downloads/Torrents/Library/web/Daniel Davis - MIT Professsor Ted Postol - Missiles Won't End Iran War.mp4
2026-05-16_23:19: log_clear: Temp log file:/home/kmiller/.local/share/yts/yt.log.wpFYPz was cleared for:danieldavisdeepdive from:action_do
