2026-06-10_11:53: yt SCRIPT downloaded URL:https://youtube.com/watch?v=zy53aRzHllM to blancolirio - N318JF_G200_Fatal_Emergency_Return_La_Romana_7_June_2026.mp4|6295021
2026-06-10_11:56: yt SCRIPT downloaded URL:https://youtube.com/watch?v=KJzmnJqWbX8 to Dialogue_Works - Lt._Col._Anthony_Aguilar_-_Iranian_Drone_Takes_Down_US_Apache_Helicopter_-_War_imminent.mp4|6322907
2026-06-10_11:56: yt SCRIPT downloaded URL:https://youtube.com/watch?v=CEXkLl7pVzo to Dialogue_Works - Col._Jacques_Baud_-_Iran_Israel_Just_Opened_a_NEW_WAR_FRONT_in_the_Mediterranean.mp4|6323140
2026-06-10_11:57: yt SCRIPT downloaded URL:https://youtube.com/watch?v=bRwdQgI_HyY to Neil_Oliver - Neil_Oliver_-_...it_s_BREAKING_my_heart.mp4|6323150
2026-06-10_11:58: yt SCRIPT downloaded URL:https://rumble.com/v7b1wgq-media-covers-for-trump-after-netanyahu-humiliates-him.html to Kim_Iversen - Media_Covers_For_Trump_After_Netanyahu_Humiliates_Him.mp4|6323153
2026-06-10_12:05: yt SCRIPT downloaded URL:https://rumble.com/v7b1wgq-media-covers-for-trump-after-netanyahu-humiliates-him.html to Kim_Iversen - Media_Covers_For_Trump_After_Netanyahu_Humiliates_Him.mp4|6323136
2026-06-10_20:05: yt SCRIPT downloaded URL:https://youtube.com/watch?v=DVkyGUegTcU to Judge_Napolitano_-_Judging_Freedom - Aaron_Mate_-_While_Trump_Is_Stalling_for_Time...mp4|6322911
2026-06-10_20:05: yt SCRIPT downloaded URL:https://youtube.com/watch?v=JneU4AO2MVA to Judge_Napolitano_-_Judging_Freedom - Gilbert_Doctorow_-_Are_Russians_Happy_Are_They_Patient.mp4|6323161
2026-06-10_20:06: yt SCRIPT downloaded URL:https://youtube.com/watch?v=mdoNyGGEztI to Judge_Napolitano_-_Judging_Freedom - SPECIAL_Robert_Barnes_-_How_Trump_Makes_Decisions.mp4|6323164
2026-06-10_20:07: yt SCRIPT downloaded URL:https://youtube.com/watch?v=zNG9q2FQWI8 to Judge_Napolitano_-_Judging_Freedom - SPECIAL_Robert_Barnes_-_How_Trump_Makes_Decisions.mp4|6323164
2026-06-10_20:20: yt SCRIPT downloaded URL:https://youtube.com/watch?v=R4mO3agxARE to Alex_Christoforou - APACHE_down_ignites_conflict._EU_claims_Brick_by_Brick_Russia_in_TATTERS_as_Zelensky_warns_UK_Farage.mp4|6323159
2026-06-10_20:23: yt SCRIPT downloaded URL:https://youtube.com/watch?v=zNG9q2FQWI8 to Alex_Christoforou - APACHE_down_ignites_conflict._EU_claims_Brick_by_Brick_Russia_in_TATTERS_as_Zelensky_warns_UK_Farage.mp4|6323159
2026-06-10_20:24: yt SCRIPT downloaded URL:https://youtube.com/watch?v=R4mO3agxARE to Alex_Christoforou - APACHE_down_ignites_conflict._EU_claims_Brick_by_Brick_Russia_in_TATTERS_as_Zelensky_warns_UK_Farage.mp4|6323157
2026-06-10_21:53: yt SCRIPT downloaded URL:https://youtube.com/watch?v=gmTP_4MjqWY to Judge_Napolitano_-_Judging_Freedom - Phil_Giraldi_-_Congress_Ties_the_Hands_of_Future_Presidents_on_.mp4|6298949
2026-06-11_12:03: yt SCRIPT downloaded URL:https://rumble.com/v7b3pgi-zionists-complete-takeover-of-american-media.html to Kim_Iversen - Zionists_Complete_TAKEOVER_of_American_Media.mp4|6323159
2026-06-11_12:29: yt SCRIPT downloaded URL:https://rumble.com/v7b41jk-breaking-u.s.-resumes-strikes-on-iran.-a-clean-exit-is-unlikely.-tucker-and.html to Tucker_Carlson - BREAKING_-_U.S._Resumes_Strikes_on_Iran._A_Clean_Exit_Is_Unlikely._Tucker_and_John_.mp4|6323165
2026-06-11_17:02: yt SCRIPT downloaded URL:https://rumble.com/v7b1c2u-trump-jinxes-knicks-massie-goes-all-in-for-uss-liberty-survivors-pratt-fall.html to Due_Dissidence - Trump_JINXES_Knicks_Massie_Goes_ALL_IN_For_USS_Liberty_Survivors_Pratt_FALLS_in_LA_.mp4|6323172
2026-06-11_21:17: yt SCRIPT downloaded URL:https://youtube.com/watch?v=Tmdh22YoLlY to Due Dissidence - Trump Jinxes Knicks Massie Goes All In For USS Liberty.mp4|6323172
2026-06-11_21:19: yt SCRIPT downloaded URL:https://youtube.com/watch?v=Tmdh22YoLlY to Alex_Christoforou - Elensky_curse_hits_UK_threatens_Kallas_entire_EU_foreign_office._Pirate_Trump_loves_inflation.mp4|6298950
2026-06-11_21:20: yt SCRIPT downloaded URL:https://youtube.com/watch?v=eePlcgQTsDY to Daniel_Davis_Deep_Dive - Prof_John_Mearsheimer_Iran_War_Strategy_CHANGES_AGAIN.mp4|6323145
2026-06-11_22:08: yt SCRIPT downloaded URL:https://youtube.com/watch?v=v-PwVY70s0U to Judge_Napolitano_-_Judging_Freedom - JOE_KENT_-_Why_Trump_Is_Stuck.mp4|6299015
2026-06-11_22:08: yt SCRIPT downloaded URL:https://youtube.com/watch?v=Hg7FvDUzi6c to Judge_Napolitano_-_Judging_Freedom - Prof._Mohammad_Marandi_-_FROM_TEHRAN._Why_Iran_Risks_War.mp4|6323140
2026-06-11_22:08: yt SCRIPT downloaded URL:https://youtube.com/watch?v=ar9V-pip-_Q to Judge_Napolitano_-_Judging_Freedom - COL._Douglas_Macgregor_-_Trump_s_Biggest_Mistake.mp4|6323145
2026-06-11_22:08: yt SCRIPT downloaded URL:https://youtube.com/watch?v=0qNpuJ_vQh4 to Judge_Napolitano_-_Judging_Freedom - COL._Lawrence_Wilkerson_-_Isreal_s_Collapsing_Strategy.mp4|6323162
2026-06-11_22:10: yt CMDLINE downloaded URL:https://www.youtube.com/watch?v=CSQ5rwTv2p4 to Max Blumenthal - Israel Jeopardizes US Troops.mp4
2026-06-12_10:42: yt SCRIPT downloaded URL:https://rumble.com/v7b5gvq-is-this-why-trump-tacod-again-iran-already-has-a-nuke.html to Kim_Iversen - Is_This_Why_Trump_TACO_D_Again_Iran_Already_Has_A_Nuke.mp4|6322907
2026-06-12_16:15: yt SCRIPT downloaded URL:https://rumble.com/v7b4et0-patrick-henningsen-how-a-u.s.-defeat-makes-iran-a-world-power.html to Glenn_Diesen_Greater_Eurasia - Patrick_Henningsen_-_How_a_U.S._Defeat_Makes_Iran_a_World_Power.mp4|6306818
2026-06-12_19:00: yt SCRIPT downloaded URL:https://youtube.com/watch?v=jhJcEFad14M to Due Dissidence - Trump Jinxes Knicks Massie Goes All In For USS Liberty.mp4|6323172
2026-06-12_19:00: yt SCRIPT downloaded URL:https://youtube.com/watch?v=VjI4y1ZcYug to Due Dissidence - Trump Jinxes Knicks Massie Goes All In For USS Liberty.mp4|6323172
2026-06-12_19:00: yt SCRIPT downloaded URL:https://youtube.com/watch?v=jhJcEFad14M to Due Dissidence - Trump Jinxes Knicks Massie Goes All In For USS Liberty.mp4|6323172
2026-06-12_19:00: yt SCRIPT downloaded URL:https://youtube.com/watch?v=VjI4y1ZcYug to Due Dissidence - Trump Jinxes Knicks Massie Goes All In For USS Liberty.mp4|6323172
2026-06-12_19:31: yt SCRIPT downloaded URL:https://youtube.com/watch?v=ZVzlWY0uhck to Alex_Christoforou - Trump_claims_Iran_deal_done._Ukraine_needs_20B_to_defeat_Russia_as_Germany_prepares_for_war.mp4|6323215
2026-06-12_19:32: yt SCRIPT downloaded URL:https://youtube.com/watch?v=Cry4rCIXiVM to Alex Christoforou - Trump Claims Iran Deal Done. Ukraine Needs 20b To.mp4|6323215
2026-06-12_20:24: yt SCRIPT downloaded URL:https://youtube.com/watch?v=Cry4rCIXiVM to Dialogue_Works - Larry_Johnson_Col._Wilkerson_-_Iran_Just_Fired_at_U.S.-Guided_Ships_-_Trump_REVEALS_Final_Decision.mp4|6323159
2026-06-13_07:10: yt CMDLINE downloaded URL: to Dialogue Works - Larry Johnson Col. Wilkerson - Iran Just Fired At.mp4
2026-06-13_07:11: yt SCRIPT downloaded URL:https://youtube.com/watch?v=ILZhqQQf-UY to Judge_Napolitano_-_Judging_Freedom - INTEL_Roundtable_w_Johnson_McGovern_-_Weekly_Wrap_12-June.mp4|6323228
2026-06-13_07:12: yt SCRIPT downloaded URL:https://youtube.com/watch?v=05Cl_SEwchU to Judge_Napolitano_-_Judging_Freedom - Ian_Proud_-_Will_Russia_Attack_British_Munitions_Plants.mp4|6323235
2026-06-13_18:26: yt CMDLINE downloaded URL:https://rumble.com/v7b4xdg-does-iran-have-the-bomb-the-new-rules-reshaping-the-middle-east-mohammad-ma.html?e9s=src_v1_sa%2Csrc_v3_sa_o%2Csrc_v1_upp_l to DOES Iran Have The Bomb The New Rules Reshaping The Middle East Mohammad Marandi.mp4
2026-06-13_18:34: yt CMDLINE downloaded URL:https://rumble.com/v7b4xdg-does-iran-have-the-bomb-the-new-rules-reshaping-the-middle-east-mohammad-ma.html?e9s=src_v1_sa%2Csrc_v3_sa_o%2Csrc_v1_upp_l to DOES Iran Have The Bomb The New Rules Reshaping The Middle East Mohammad Marandi.mp4
2026-06-13_21:40: yt SCRIPT downloaded URL:https://youtube.com/watch?v=P9XWyqLSJhU to Alex_Christoforou - Tulsi_Drops_Bombshell._Iran_Frozen_Money_Workaround._Putin_blames_West_Russia_Starlink_ready.mp4|6292120
2026-06-14_00:45: yt SCRIPT downloaded URL:https://rumble.com/v7b763u-they-lied-to-us-about-the-dancing-israelis-and-building-7.html to Kim_Iversen - They_Lied_To_Us_About_The_Dancing_Israelis_And_Building_7.mp4|6323159
2026-06-14_12:08: yt SCRIPT downloaded URL:https://youtube.com/watch?v=IH-XHT-RLDQ to The_Duran - UFO_Disclosure_Trojan_Horse_for_New_World_Religion_w_Matthew_Ehret.mp4|6323138
2026-06-14_12:15: yt SCRIPT downloaded URL:https://rumble.com/v7b4u4k-us-strikes-iran-gwyneth-paltrow-peddles-israeli-real-estate-mikas-embarrass.html to Due_Dissidence - US_STRIKES_IRAN_Gwyneth_Paltrow_Peddles_ISRAELI_Real_Estate_Mika_s_EMBARRASSING_Pla.mp4|6323218
2026-06-14_12:39: yt CMDLINE downloaded URL:https://www.youtube.com/watch?v=7OPju8Tovvk&pp=ygUabWF0dCBlaHJldCB0aGUgaGlkZGVuIGhhbmQ%3D to The Hidden Hand Behind UFOS Episode 1 - Lifting The Esoteric Veil.mp4
2026-06-14_12:40: yt CMDLINE downloaded URL:https://www.youtube.com/watch?v=5PvjOqwZuEk&pp=ygUabWF0dCBlaHJldCB0aGUgaGlkZGVuIGhhbmQ%3D to The Hidden Hand Behind UFOS Ep. 3 - The New Age Of The Sorcerers - UFOS MK Ultra And The Cold War.mp4
2026-06-14_12:43: yt CMDLINE downloaded URL:https://www.youtube.com/watch?v=lo9ShdT5Ns8 to Movie Night With Matt - The Hidden Hand Behind UFOS Ep. 4 Roswell And The Birth Of A New Legend.mp4
2026-06-14_12:44: yt CMDLINE downloaded URL:https://www.youtube.com/watch?v=tkZqRjX21no&pp=0gcJCUELAYcqIYzv to Hidden Hand Behind UFOS Ep. 2 - H.G. Wells War Of The Worlds And The Dawn Of A New Age.mp4
2026-06-14_12:55: yt SCRIPT downloaded URL:https://youtube.com/watch?v=7JNkIusoUAo to Hidden Hand - Ep. 2 - H.G. Wells War Of The Worlds And T.mp4|6323256
2026-06-14_12:56: yt SCRIPT downloaded URL:https://youtube.com/watch?v=7JNkIusoUAo to The_Chris_Hedges_YouTube_Channel - Epstein_the_Russian_Mob_the_Hidden_Assets_of_the_Maxwells_w_Moe_T._The_Chris_Hedges_Report.mp4|6323254
2026-06-14_13:02: yt SCRIPT downloaded URL:https://youtube.com/watch?v=QAiD3tiDY0I to Rick_Beato - The_End_of_an_Era.mp4|6323255
2026-06-14_13:03: yt SCRIPT downloaded URL:https://youtube.com/watch?v=2hfqqI7DoeE to Rick_Beato - Strombo_-_The_OG_of_Music_Interviewers.mp4|6323259
2026-06-14_20:55: yt SCRIPT downloaded URL:https://youtube.com/watch?v=Elp8kHtlQgc to Rick Beato - Strombo - The OG Of Music Interviewers.mp4|6323259
2026-06-14_20:56: yt SCRIPT downloaded URL:https://youtube.com/watch?v=Elp8kHtlQgc to Rick Beato - Strombo - The OG Of Music Interviewers.mp4|6323259
2026-06-14_20:56: yt SCRIPT downloaded URL: to Rick Beato - Strombo - The OG Of Music Interviewers.mp4|6323259
2026-06-14_20:56: yt SCRIPT downloaded URL: to Rick Beato - Strombo - The OG Of Music Interviewers.mp4|6323259
2026-06-14_20:56: yt SCRIPT downloaded URL: to Rick Beato - Strombo - The OG Of Music Interviewers.mp4|6323259
2026-06-14_20:56: yt SCRIPT downloaded URL: to Rick Beato - Strombo - The OG Of Music Interviewers.mp4|6323259
2026-06-14_20:56: yt SCRIPT downloaded URL: to Rick Beato - Strombo - The OG Of Music Interviewers.mp4|6323259
2026-06-14_20:57: yt SCRIPT downloaded URL: to Rick Beato - Strombo - The OG Of Music Interviewers.mp4|6323259
2026-06-14_20:57: yt SCRIPT downloaded URL: to Rick Beato - Strombo - The OG Of Music Interviewers.mp4|6323259
2026-06-14_20:57: yt SCRIPT downloaded URL: to Rick Beato - Strombo - The OG Of Music Interviewers.mp4|6323259
2026-06-14_20:57: yt SCRIPT downloaded URL: to Rick Beato - Strombo - The OG Of Music Interviewers.mp4|6323259
2026-06-14_20:58: yt SCRIPT downloaded URL:https://youtube.com/watch?v=Elp8kHtlQgc to Rick Beato - Strombo - The OG Of Music Interviewers.mp4|6323259
2026-06-14_20:58: yt SCRIPT downloaded URL: to Rick Beato - Strombo - The OG Of Music Interviewers.mp4|6323259
2026-06-14_20:58: yt SCRIPT downloaded URL: to Rick Beato - Strombo - The OG Of Music Interviewers.mp4|6323259
2026-06-14_21:01: yt SCRIPT downloaded URL:https://youtube.com/watch?v=Elp8kHtlQgc to Rick Beato - Strombo - The OG Of Music Interviewers.mp4|6323259
2026-06-14_21:01: yt SCRIPT downloaded URL: to Rick Beato - Strombo - The OG Of Music Interviewers.mp4|6323259
2026-06-14_21:01: yt SCRIPT downloaded URL: to Rick Beato - Strombo - The OG Of Music Interviewers.mp4|6323259
2026-06-14_21:01: yt SCRIPT downloaded URL: to Rick Beato - Strombo - The OG Of Music Interviewers.mp4|6323259
2026-06-14_21:01: yt SCRIPT downloaded URL: to Rick Beato - Strombo - The OG Of Music Interviewers.mp4|6323259
2026-06-14_21:01: yt SCRIPT downloaded URL: to Rick Beato - Strombo - The OG Of Music Interviewers.mp4|6323259
2026-06-14_21:08: yt SCRIPT downloaded URL:https://youtube.com/watch?v=Elp8kHtlQgc to Alex_Christoforou - UK_SEIZES_shadow_tanker_SWEDEN_protects_NATO_skies._Trump_birthday_Iran_deal._Zelensky_mocks_PUTIN.mp4|6322981
2026-06-14_23:16: yt SCRIPT downloaded URL:https://rumble.com/v7b9x74-peace-deal-day-107-details-emerge-who-won-uk-boards-russian-tanker-israel-b.html to George_Galloway - PEACE_DEAL_Day_107_Details_emerge_Who_won_UK_boards_Russian_tanker_Israel_bombs_Be.mp4|6298983
2026-06-15_00:16: yt SCRIPT downloaded URL:https://youtube.com/watch?v=zfRmAh6iQak to Daniel_Davis_Deep_Dive - SPECIAL_REVISIT_-_ISRAEL_KEEPS_BOMBING_-_Netanyahu_Needs_All-Out_War_in_Ira.mp4|6323171
2026-06-15_00:17: yt SCRIPT downloaded URL:https://youtube.com/watch?v=sP-t76B_42k to Daniel_Davis_Deep_Dive - Col_Doug_Macgregor_-_Iran_Deal_Drama_The_Power_Struggle_Remains.mp4|6323217
2026-06-15_00:49: yt SCRIPT downloaded URL:https://youtube.com/watch?v=LOFw1Ot2f4s to The_Tim_Dillon_Show - Iran_Forever_Belfast_Riots_College_Commencement_The_Tim_Dillon_Show_499.mp4|6298920
2026-06-15_16:54: yt SCRIPT downloaded URL:https://youtube.com/watch?v=eiEH9Lww67A to Judge_Napolitano_-_Judging_Freedom - Alastair_Crooke_-_US_Empire_is_Crashing.mp4|6314776
2026-06-15_16:54: yt SCRIPT downloaded URL:https://youtube.com/watch?v=5NXaJqNbotE to Judging Freedom - Alastair Crooke - US Empire IS Crashing.mp4|6314776
2026-06-15_16:54: yt SCRIPT downloaded URL:https://youtube.com/watch?v=5z21jBNP0xo to Judge_Napolitano_-_Judging_Freedom - Larry_Johnson_-_Is_This_Any_Way_to_Negotiate.mp4|6323258
2026-06-15_20:49: yt SCRIPT downloaded URL:https://youtube.com/watch?v=FQW2N0kknJE to Alex_Christoforou - G7_blame_Russia_script._Putin_sends_birthday_wishes_as_Trump_declares_MoU_to_be_SIGNED_THIS_FRIDAY.mp4|6323955
2026-06-15_20:50: yt SCRIPT downloaded URL:https://youtube.com/watch?v=h2TwG48Kib0 to Dialogue_Works - Col._Jacques_Baud_-_US_Iran_Reach_MoU_War_Ends_IMMEDIATELY_on_All_Fronts_Lebanon_Included.mp4|6323956
2026-06-15_20:50: yt SCRIPT downloaded URL:https://youtube.com/watch?v=NpUzgQmrCnc to Dialogue Works - Col. Jacques Baud - US Iran Reach Mou War Ends.mp4|6323956
2026-06-15_20:50: yt SCRIPT downloaded URL:https://youtube.com/watch?v=EBf2bgfLA8I to Judge_Napolitano_-_Judging_Freedom - Ray_McGovern_-_Will_Russia_Escalate.mp4|6323957
2026-06-15_20:51: yt SCRIPT downloaded URL:https://youtube.com/watch?v=gCBM-9A_w_8 to Judging Freedom - Ray Mcgovern - Will Russia Escalate.mp4|6323957
2026-06-15_20:51: yt SCRIPT downloaded URL:https://youtube.com/watch?v=gCBM-9A_w_8 to Neil_Oliver - Neil_Oliver_82_...in_BRITAIN_it_was_particularly_VIOLENT.mp4|6323958
2026-06-15_21:02: yt SCRIPT downloaded URL:https://rumble.com/v7ba42w-israel-strikes-beirut-as-trump-promises-deal-elon-a-trillionaire-helen-mirr.html to Due_Dissidence - Israel_STRIKES_Beirut_as_Trump_Promises_Deal_Elon_a_TRILLIONAIRE_Helen_Mirren_WALKS.mp4|6322981
2026-06-15_21:05: yt SCRIPT downloaded URL:https://rumble.com/v7b6sek-will-trump-split-from-israel-over-the-gaza-genocide-israeli-journalist-on-n.html to Tucker_Carlson - Will_Trump_Split_From_Israel_Over_the_Gaza_Genocide_Israeli_Journalist_on_Netanyahu.mp4|6323145
2026-06-15_21:06: yt SCRIPT downloaded URL:https://youtube.com/watch?v=S9ROJmN0HQ4 to Daniel_Davis_Deep_Dive - Putin_Macron_Try_to_Pursuade_Trump_to_Their_Side_in_RU_UKR_War_Lt_Col_Danie.mp4|6323961
2026-06-15_22:34: yt SCRIPT downloaded URL:https://youtube.com/watch?v=NpUzgQmrCnc to Judge_Napolitano_-_Judging_Freedom - Prof._Jeffrey_Sachs_-_Netanyahu_vs._Trump_2026-06-15_22_33.mp4|6323964
2026-06-16_00:53: yt SCRIPT downloaded URL:https://youtube.com/watch?v=G6655oqujD0 to Due Dissidence - Israel STRIKES Beirut As Trump Promises Deal Elon A.mp4|6322981
2026-06-16_00:53: yt SCRIPT downloaded URL:https://youtube.com/watch?v=G6655oqujD0 to Judge_Napolitano_-_Judging_Freedom - Prof._Jeffrey_Sachs_-_This_Can_t_Continue_The_U.S._Must_Say_Stop.mp4|6316715
2026-06-16_00:54: yt SCRIPT downloaded URL:https://youtube.com/watch?v=NpUzgQmrCnc to Judge_Napolitano_-_Judging_Freedom - Prof._Jeffrey_Sachs_-_Netanyahu_vs._Trump.mp4|6316715
2026-06-16_00:55: yt SCRIPT downloaded URL:https://youtube.com/watch?v=5NXaJqNbotE to Judge_Napolitano_-_Judging_Freedom - Sheriff_David_Hathaway_-_Israel_Spies_on_US_Law_Enforcement.mp4|6323960
