2025-12-13_14:57: Syriana Analysis:Mark Rutte's World War 3 Warning: Is Europe Sleepwalking Into Disaster? : :https://youtube.com/watch?v=W7a08wNhoxA
yt download:-N2 -Rinfinite -i -o %(channel)s - %(title)s.%(ext)s https://youtube.com/watch?v=W7a08wNhoxA
2025-12-13_15:08: query_rumble:https://rumble.com/c/glenndiesen?page=1
2025-12-13_15:08: Glenn Diesen:David Price: Schuman And The Fragmentation Of Europe:https://rumble.com/v72t1t0-david-price-schuman-and-the-fragmentation-of-europe.html?e9s=src_v1_ucp_a
yt download:-N2 -Rinfinite -i -o %(channel)s - %(title)s.%(ext)s https://rumble.com/v72t1t0-david-price-schuman-and-the-fragmentation-of-europe.html?e9s=src_v1_ucp_a
2025-12-13_15:09: Glenn Diesen:Alastair Crooke: Europe Is Betting Everything On The Ukraine War:https://rumble.com/v72ymiw-alastair-crooke-europe-is-betting-everything-on-the-ukraine-war.html?e9s=src_v1_ucp_a
yt download:-N2 -Rinfinite -i -o %(channel)s - %(title)s.%(ext)s https://rumble.com/v72ymiw-alastair-crooke-europe-is-betting-everything-on-the-ukraine-war.html?e9s=src_v1_ucp_a
2025-12-13_15:11: query_rumble:https://rumble.com/c/glenndiesen?page=1
2025-12-13_15:11: Glenn Diesen:Alastair Crooke: Europe Is Betting Everything On The Ukraine War:https://rumble.com/v72ymiw-alastair-crooke-europe-is-betting-everything-on-the-ukraine-war.html?e9s=src_v1_ucp_a
yt download:-N2 -Rinfinite -i -o %(channel)s - %(title)s.%(ext)s https://rumble.com/v72ymiw-alastair-crooke-europe-is-betting-everything-on-the-ukraine-war.html?e9s=src_v1_ucp_a
2025-12-13_15:16: query_rumble:https://rumble.com/c/glenndiesen?page=1
2025-12-13_15:17: Glenn Diesen:Alastair Crooke: Europe Is Betting Everything On The Ukraine War :https://rumble.com/v72ymiw-alastair-crooke-europe-is-betting-everything-on-the-ukraine-war.html?e9s=src_v1_ucp_a
yt download:-N2 -Rinfinite -i -o %(channel)s - %(title)s.%(ext)s https://rumble.com/v72ymiw-alastair-crooke-europe-is-betting-everything-on-the-ukraine-war.html?e9s=src_v1_ucp_a
yt download:https://youtu.be/gaDJTyWMB7A?si=V1XExh30VjNavNoM
2025-12-13_20:23: query_rumble:https://rumble.com/c/thejimmydoreshow?page=1
2025-12-13_20:23: Jimmy Dore:FBI WHIFFS On Questions About "Top Terrorist Threat" Antifa! :https://rumble.com/v72yeyc-fbi-official-whiffs-on-questions-about-top-terrorist-threat-antifa.html?e9s=src_v1_ucp_a
yt download:-N2 -Rinfinite -i -o %(channel)s - %(title)s.%(ext)s https://rumble.com/v72yeyc-fbi-official-whiffs-on-questions-about-top-terrorist-threat-antifa.html?e9s=src_v1_ucp_a
2025-12-13_20:25: query_rumble:https://rumble.com/c/thejimmydoreshow?page=1
2025-12-13_20:25: Jimmy Dore:FBI WHIFFS On Questions About "Top Terrorist Threat" Antifa! :https://rumble.com/v72yeyc-fbi-official-whiffs-on-questions-about-top-terrorist-threat-antifa.html?e9s=src_v1_ucp_a
yt download:-N2 -Rinfinite -i -o %(channel)s - %(title)s.%(ext)s https://rumble.com/v72yeyc-fbi-official-whiffs-on-questions-about-top-terrorist-threat-antifa.html?e9s=src_v1_ucp_a
2025-12-13_20:25: Jimmy Dore:Lies About Charlie Kirk Will END Many On The Right! - Candace Owens :https://rumble.com/v72yfvw-lies-about-charlie-kirk-will-end-many-on-the-right-candace-owens.html?e9s=src_v1_ucp_a
yt download:-N2 -Rinfinite -i -o %(channel)s - %(title)s.%(ext)s https://rumble.com/v72yfvw-lies-about-charlie-kirk-will-end-many-on-the-right-candace-owens.html?e9s=src_v1_ucp_a
2025-12-13_20:26: Jimmy Dore:Tucker Visits Palestinian Child Victims Of Israeli Violence! :https://rumble.com/v72yf6o-tucker-visits-palestinian-child-victims-of-israeli-violence.html?e9s=src_v1_ucp_a
yt download:-N2 -Rinfinite -i -o %(channel)s - %(title)s.%(ext)s https://rumble.com/v72yf6o-tucker-visits-palestinian-child-victims-of-israeli-violence.html?e9s=src_v1_ucp_a
2025-12-13_20:26: Jimmy Dore:Erika Kirk Reveals TPUSA Is LYING About Mikie Mccoy Phone CALL! - James :https://rumble.com/v72xasa-erika-kirk-reveals-tpusa-is-lying-about-mikie-mccoy-phone-call-james-li.html?e9s=src_v1_ucp_a
yt download:-N2 -Rinfinite -i -o %(channel)s - %(title)s.%(ext)s https://rumble.com/v72xasa-erika-kirk-reveals-tpusa-is-lying-about-mikie-mccoy-phone-call-james-li.html?e9s=src_v1_ucp_a
2025-12-13_20:26: Jimmy Dore:George Clooney DESPERATE To Hide Affairs From Wife Amal! :https://rumble.com/v72xaz0-george-clooney-desperate-to-hide-affairs-from-wife-amal.html?e9s=src_v1_ucp_a
yt download:-N2 -Rinfinite -i -o %(channel)s - %(title)s.%(ext)s https://rumble.com/v72xaz0-george-clooney-desperate-to-hide-affairs-from-wife-amal.html?e9s=src_v1_ucp_a
2025-12-13_20:27: Jimmy Dore:Grok NOT BUYING Story Of Charlie Kirk's Assassination :https://rumble.com/v72xaqc-grok-not-buying-official-story-of-charlie-kirks-assassination.html?e9s=src_v1_ucp_a
yt download:-N2 -Rinfinite -i -o %(channel)s - %(title)s.%(ext)s https://rumble.com/v72xaqc-grok-not-buying-official-story-of-charlie-kirks-assassination.html?e9s=src_v1_ucp_a
2025-12-13_20:27: Jimmy Dore:JD Vance BANS Wife Usha From Celebrating Christmas! :https://rumble.com/v72xb3i-jd-vance-bans-wife-usha-from-celebrating-christmas.html?e9s=src_v1_ucp_a
yt download:-N2 -Rinfinite -i -o %(channel)s - %(title)s.%(ext)s https://rumble.com/v72xb3i-jd-vance-bans-wife-usha-from-celebrating-christmas.html?e9s=src_v1_ucp_a
2025-12-13_20:28: Jimmy Dore:Bari Weiss Calls Tucker Carlson "Anti American!" :https://rumble.com/v72yfjo-bari-weiss-calls-tucker-carlson-anti-american.html?e9s=src_v1_ucp_a
yt download:-N2 -Rinfinite -i -o %(channel)s - %(title)s.%(ext)s https://rumble.com/v72yfjo-bari-weiss-calls-tucker-carlson-anti-american.html?e9s=src_v1_ucp_a
2025-12-13_20:28: Jimmy Dore:Patrick Bet David's Audience OVERWHELMINGLY Backs Candace Owens! :https://rumble.com/v72xav4-patrick-bet-davids-audience-overwhelmingly-backs-candace-owens.html?e9s=src_v1_ucp_a
yt download:-N2 -Rinfinite -i -o %(channel)s - %(title)s.%(ext)s https://rumble.com/v72xav4-patrick-bet-davids-audience-overwhelmingly-backs-candace-owens.html?e9s=src_v1_ucp_a
2025-12-13_20:28: Jimmy Dore:Bari Weiss Gets RATIOD Over Softball Erika Kirk Interview :https://rumble.com/v72yft8-bari-weiss-gets-ratiod-over-softball-erika-kirk-interview.html?e9s=src_v1_ucp_a
yt download:-N2 -Rinfinite -i -o %(channel)s - %(title)s.%(ext)s https://rumble.com/v72yft8-bari-weiss-gets-ratiod-over-softball-erika-kirk-interview.html?e9s=src_v1_ucp_a
2025-12-13_20:29: Jimmy Dore:FBI WHIFFS On Questions About "Top Terrorist Threat" Antifa! :https://rumble.com/v72yeyc-fbi-official-whiffs-on-questions-about-top-terrorist-threat-antifa.html?e9s=src_v1_ucp_a
yt download:-N2 -Rinfinite -i -o %(channel)s - %(title)s.%(ext)s https://rumble.com/v72yeyc-fbi-official-whiffs-on-questions-about-top-terrorist-threat-antifa.html?e9s=src_v1_ucp_a
2025-12-13_20:29: Jimmy Dore:FBI WHIFFS On Questions About "Top Terrorist Threat" Antifa! :https://rumble.com/v72yeyc-fbi-official-whiffs-on-questions-about-top-terrorist-threat-antifa.html?e9s=src_v1_ucp_a
yt download:-N2 -Rinfinite -i -o %(channel)s - %(title)s.%(ext)s https://rumble.com/v72yeyc-fbi-official-whiffs-on-questions-about-top-terrorist-threat-antifa.html?e9s=src_v1_ucp_a
2025-12-14_08:28: Colonial Outcasts:Dungeons And Democracy Session 0.1: Sanctioning The Evil Eye Of Erikkka :https://youtube.com/watch?v=YZSphI8bAd8
yt download:-N2 -Rinfinite -i -o %(channel)s - %(title)s.%(ext)s https://youtube.com/watch?v=YZSphI8bAd8
2025-12-14_12:04: Danny Haiphong:Scott Ritter: Putin's Offensive SHOCKS Trump, It's OVER For Zelensky & :https://youtube.com/watch?v=AIDr9alGsiA
yt download:-N2 -Rinfinite -i -o %(channel)s - %(title)s.%(ext)s https://youtube.com/watch?v=AIDr9alGsiA
2025-12-14_12:06: query_rumble:https://rumble.com/c/alexchristoforou?page=1
2025-12-14_12:06: Alex Christoforou:Italy Warns Ursula. Odessa Port Hit. Iran Strikes Back. Zelensky :https://rumble.com/v72z8b8-italy-warns-ursula.-odessa-port-hit.-iran-strikes-back.-zelensky-kupyansk-i.html?e9s=src_v1_ucp_a
yt download:-N2 -Rinfinite -i -o %(channel)s - %(title)s.%(ext)s https://rumble.com/v72z8b8-italy-warns-ursula.-odessa-port-hit.-iran-strikes-back.-zelensky-kupyansk-i.html?e9s=src_v1_ucp_a
2025-12-14_12:08: query_rumble:https://rumble.com/c/glenndiesen?page=1
2025-12-14_12:08: query_rumble:https://rumble.com/c/goingunderground?page=1
2025-12-14_12:08: Going UnderGround:EXPOSED: The Lies And Real Motives Behind The US Regime Change War On :https://rumble.com/v72xa7c-exposed-the-lies-and-real-motives-behind-the-us-regime-change-war-on-venezu.html?e9s=src_v1_ucp_a
yt download:-N2 -Rinfinite -i -o %(channel)s - %(title)s.%(ext)s https://rumble.com/v72xa7c-exposed-the-lies-and-real-motives-behind-the-us-regime-change-war-on-venezu.html?e9s=src_v1_ucp_a
2025-12-14_12:10: query_rumble:https://rumble.com/c/DeepFocuswithJohnKiriakou?page=1
2025-12-14_12:10: query_rumble:https://rumble.com/c/c-6293844?page=1
2025-12-14_12:10: query_rumble:https://rumble.com/c/rtnews?page=1
2025-12-14_12:10: query_rumble:https://rumble.com/c/tuckercarlson?page=1
2025-12-15_00:48: query_rumble:https://rumble.com/c/duedissidence/livestreams
2025-12-15_00:49: query_rumble:https://rumble.com/c/alexchristoforou?page=1
2025-12-15_00:49: Alex Christoforou:Pax Americana Is Over. Trump Searches For Leverage Over Zelensky. EU, :https://rumble.com/v730jsq-pax-americana-is-over.-trump-searches-for-leverage-over-zelensky.-eu-asset-.html?e9s=src_v1_ucp_a
yt download:-N2 -Rinfinite -i -o %(channel)s - %(title)s.%(ext)s https://rumble.com/v730jsq-pax-americana-is-over.-trump-searches-for-leverage-over-zelensky.-eu-asset-.html?e9s=src_v1_ucp_a
2025-12-15_06:59: Dialogue Works:Larry C. Johnson: Russia Launches Largest Missile & Drone Attack Yet :https://youtube.com/watch?v=-1Cpb5Nh7zc
Command failed:-N2 -Rinfinite -i -o %(channel)s - %(title)s.%(ext)s https://youtube.com/watch?v=-1Cpb5Nh7zc
2025-12-15_07:01: query_rumble:https://rumble.com/c/duedissidence/livestreams
2025-12-15_07:01: Due Dissidence:Bari Weiss Slammed For Erika Kirk Town Hall, Maga World Comes For :https://rumble.com/v730cvu-bari-weiss-slammed-for-erika-kirk-town-hall-maga-world-comes-for-candace-ne.html?e9s=src_v1_ucp_l
yt download:-N2 -Rinfinite -i -o %(channel)s - %(title)s.%(ext)s https://rumble.com/v730cvu-bari-weiss-slammed-for-erika-kirk-town-hall-maga-world-comes-for-candace-ne.html?e9s=src_v1_ucp_l
2025-12-15_07:17: query_rumble:https://rumble.com/c/goingunderground?page=1
2025-12-15_07:17: Going UnderGround:CIA Whistleblower John Kiriakou Reveals All On US Israel Alliance, Warns :https://rumble.com/v73017g-cia-whistleblower-john-kiriakou-reveals-all-on-us-israel-alliance-warns-of-.html?e9s=src_v1_ucp_a
yt download:-N2 -Rinfinite -i -o %(channel)s - %(title)s.%(ext)s https://rumble.com/v73017g-cia-whistleblower-john-kiriakou-reveals-all-on-us-israel-alliance-warns-of-.html?e9s=src_v1_ucp_a
2025-12-15_12:14: Judging Freedom:Alastair Crooke : Trump's Different Imperial Model. :https://youtube.com/watch?v=ETh5dnfKLDk
Command failed:-N2 -Rinfinite -i -o %(channel)s - %(title)s.%(ext)s https://youtube.com/watch?v=ETh5dnfKLDk
yt download:https://rumble.com/v730ejw-sunday-wire-ep-573-neocon-pirates-of-the-caribbean.html?e9s=src_v1_clr%2Csrc_v1_upp_l
2025-12-15_15:38: Judging Freedom:Alastair Crooke : Trump's Different Imperial Model. :https://youtube.com/watch?v=ETh5dnfKLDk
yt download:-N2 -Rinfinite -i -o %(channel)s - %(title)s.%(ext)s https://youtube.com/watch?v=ETh5dnfKLDk
2025-12-15_17:17: query_rumble:https://rumble.com/c/glenndiesen?page=1
2025-12-15_17:17: query_rumble:https://rumble.com/c/DeepFocuswithJohnKiriakou?page=1
2025-12-15_17:17: query_rumble:https://rumble.com/c/c-6293844?page=1
2025-12-15_17:17: query_rumble:https://rumble.com/c/rtnews?page=1
2025-12-15_17:17: RT News:Crosstalk Bullhorns Impossible Peace :https://rumble.com/v731ity-crosstalk-bullhorns-impossible-peace.html?e9s=src_v1_ucp_a
yt download:-N2 -Rinfinite -i -o %(channel)s - %(title)s.%(ext)s https://rumble.com/v731ity-crosstalk-bullhorns-impossible-peace.html?e9s=src_v1_ucp_a
2025-12-15_17:18: query_rumble:https://rumble.com/c/tuckercarlson?page=1
2025-12-15_20:18: Judging Freedom:Larry Johnson : The Dangerous And Inept Marco Rubio. :https://youtube.com/watch?v=G94iSSobUe8
yt download:-N2 -Rinfinite -i -o %(channel)s - %(title)s.%(ext)s https://youtube.com/watch?v=G94iSSobUe8
2025-12-15_20:19: Judging Freedom:Ray Mcgovern : Why Is Trump Stealing Oil? :https://youtube.com/watch?v=jo5Oaz_EkGg
2025-12-15_20:21: Judging Freedom:Prof. Jeffrey Sachs : Trump's Empire Of Hubris. :https://youtube.com/watch?v=WPcgkd-sC3s
Command failed:-N2 -Rinfinite -i -o %(channel)s - %(title)s.%(ext)s https://youtube.com/watch?v=WPcgkd-sC3s
2025-12-15_20:21: Judging Freedom:REACTION: Rob Reiner's Death And Trump Making It About Himself. :https://youtube.com/watch?v=KJ8XwBAnQqk
yt download:-N2 -Rinfinite -i -o %(channel)s - %(title)s.%(ext)s https://youtube.com/watch?v=KJ8XwBAnQqk
Command failed:-N2 -Rinfinite -i -o %(channel)s - %(title)s.%(ext)s https://youtube.com/watch?v=jo5Oaz_EkGg
yt download:https://www.youtube.com/watch?v=jo5Oaz_EkGg&pp=0gcJCToKAYcqIYzv
2025-12-15_22:23: query_rumble:https://rumble.com/c/alexchristoforou?page=1
2025-12-15_22:23: Alex Christoforou:Fake NATO Concession. Salvini, ITALY Not At War With Russia. VW Makes :https://rumble.com/v7320sq-fake-nato-concession.-salvini-italy-not-at-war-with-russia.-vw-makes-histor.html?e9s=src_v1_ucp_a
yt download:-N2 -Rinfinite -i -o %(channel)s - %(title)s.%(ext)s https://rumble.com/v7320sq-fake-nato-concession.-salvini-italy-not-at-war-with-russia.-vw-makes-histor.html?e9s=src_v1_ucp_a
yt download:https://www.youtube.com/watch?v=WPcgkd-sC3s
2025-12-16_01:02: query_rumble:https://rumble.com/c/RealCandaceO?page=1
2025-12-16_08:42: Blan Colirio:DCA Security Reductions on December 10:https://youtube.com/watch?v=ixnkkDn-tUg
yt download:-N2 -Rinfinite -i -o %(channel)s - %(title)s.%(ext)s https://youtube.com/watch?v=ixnkkDn-tUg
2025-12-16_08:43: Danny Haiphong:Putin's Air Blitz SMASHES Ukraine, Trump BEGS For Peace : Alexander :https://youtube.com/watch?v=8jXBkRZ2nM8
Command failed:-N2 -Rinfinite -i -o %(channel)s - %(title)s.%(ext)s https://youtube.com/watch?v=8jXBkRZ2nM8
2025-12-16_08:44: Dialogue Works:COL. Larry Wilkerson: The Alarms Are Blazing Red -- The U.S. Is Heading :https://youtube.com/watch?v=HgTMbRrchsM
Command failed:-N2 -Rinfinite -i -o %(channel)s - %(title)s.%(ext)s https://youtube.com/watch?v=HgTMbRrchsM
2025-12-16_08:44: Dialogue Works:Alex Krainer: Zelensky's Defiant Message - Venezuela's Furious Response :https://youtube.com/watch?v=R0iMsgZ66xI
yt download:-N2 -Rinfinite -i -o %(channel)s - %(title)s.%(ext)s https://youtube.com/watch?v=R0iMsgZ66xI
2025-12-16_08:50: Syriana Analysis:WHO Really Targeted US Troops In Syria? : Syriana Analysis :https://youtube.com/watch?v=-xca2RsJbEg
yt download:-N2 -Rinfinite -i -o %(channel)s - %(title)s.%(ext)s https://youtube.com/watch?v=-xca2RsJbEg
2025-12-16_08:52: query_rumble:https://rumble.com/c/glenndiesen?page=1
2025-12-16_08:53: query_rumble:https://rumble.com/c/goingunderground?page=1
2025-12-16_08:53: query_rumble:https://rumble.com/c/thejimmydoreshow?page=1
2025-12-16_08:55: Jimmy Dore:"THIS Is When I Realized They Were Lying About Charlie's Assassination!" :https://rumble.com/v72zgnc-this-is-when-i-realized-they-were-lying-about-charlies-assassination-candac.html?e9s=src_v1_ucp_a
yt download:-N2 -Rinfinite -i -o %(channel)s - %(title)s.%(ext)s https://rumble.com/v72zgnc-this-is-when-i-realized-they-were-lying-about-charlies-assassination-candac.html?e9s=src_v1_ucp_a
2025-12-16_08:55: Jimmy Dore:Candace RESPONDS To Attacks From Erika Kirk & Bari Weiss! :https://rumble.com/v72zgoe-candace-responds-to-attacks-from-erika-kirk-and-bari-weiss.html?e9s=src_v1_ucp_a
yt download:-N2 -Rinfinite -i -o %(channel)s - %(title)s.%(ext)s https://rumble.com/v72zgoe-candace-responds-to-attacks-from-erika-kirk-and-bari-weiss.html?e9s=src_v1_ucp_a
2025-12-16_08:55: Jimmy Dore:"This Is Why They WONT US The Tyler Robinson Footage!" - Candace Owens :https://rumble.com/v72zgnq-this-is-why-they-wont-show-us-the-tyler-robinson-footage-candace-owens.html?e9s=src_v1_ucp_a
yt download:-N2 -Rinfinite -i -o %(channel)s - %(title)s.%(ext)s https://rumble.com/v72zgnq-this-is-why-they-wont-show-us-the-tyler-robinson-footage-candace-owens.html?e9s=src_v1_ucp_a
2025-12-16_08:55: Jimmy Dore:"Charlie Turned Down A TON OF MONEY From Israel!" - Candace Owens :https://rumble.com/v72zgoa-charlie-turned-down-a-ton-of-money-from-israel-candace-owens.html?e9s=src_v1_ucp_a
yt download:-N2 -Rinfinite -i -o %(channel)s - %(title)s.%(ext)s https://rumble.com/v72zgoa-charlie-turned-down-a-ton-of-money-from-israel-candace-owens.html?e9s=src_v1_ucp_a
2025-12-16_08:56: Jimmy Dore:TOO MANY LIES About Charlie Kirk's Security That Day! - Candace Owens :https://rumble.com/v72zgn0-too-many-lies-about-charlie-kirks-security-that-day-candace-owens.html?e9s=src_v1_ucp_a
yt download:-N2 -Rinfinite -i -o %(channel)s - %(title)s.%(ext)s https://rumble.com/v72zgn0-too-many-lies-about-charlie-kirks-security-that-day-candace-owens.html?e9s=src_v1_ucp_a
2025-12-16_08:56: Jimmy Dore:U.S.'s Dirty Fingers ALL OVER Cambodia Thailand Conflict :https://rumble.com/v72zgpo-u.s.s-dirty-fingers-all-over-cambodia-thailand-conflict.html?e9s=src_v1_ucp_a
yt download:-N2 -Rinfinite -i -o %(channel)s - %(title)s.%(ext)s https://rumble.com/v72zgpo-u.s.s-dirty-fingers-all-over-cambodia-thailand-conflict.html?e9s=src_v1_ucp_a
2025-12-16_08:56: Jimmy Dore:FBI WHIFFS On Questions About "Top Terrorist Threat" Antifa! :https://rumble.com/v72yeyc-fbi-official-whiffs-on-questions-about-top-terrorist-threat-antifa.html?e9s=src_v1_ucp_a
yt download:-N2 -Rinfinite -i -o %(channel)s - %(title)s.%(ext)s https://rumble.com/v72yeyc-fbi-official-whiffs-on-questions-about-top-terrorist-threat-antifa.html?e9s=src_v1_ucp_a
2025-12-16_09:18: query_rumble:https://rumble.com/c/thejimmydoreshow?page=1
2025-12-16_09:18: Jimmy Dore:FBI WHIFFS On Questions About "Top Terrorist Threat" Antifa! :https://rumble.com/v72yeyc-fbi-official-whiffs-on-questions-about-top-terrorist-threat-antifa.html?e9s=src_v1_ucp_a
yt download:-N2 -Rinfinite -i -o %(channel)s - %(title)s.%(ext)s https://rumble.com/v72yeyc-fbi-official-whiffs-on-questions-about-top-terrorist-threat-antifa.html?e9s=src_v1_ucp_a
2025-12-16_09:18: Jimmy Dore:Israel Planning FALSE FLAG Attack On Europe - To Blame On Hamas! :https://rumble.com/v72zgpi-israel-planning-false-flag-attack-on-europe-to-blame-on-hamas.html?e9s=src_v1_ucp_a
yt download:-N2 -Rinfinite -i -o %(channel)s - %(title)s.%(ext)s https://rumble.com/v72zgpi-israel-planning-false-flag-attack-on-europe-to-blame-on-hamas.html?e9s=src_v1_ucp_a
2025-12-16_09:19: Jimmy Dore:Lies About Charlie Kirk Will END Many On The Right! - Candace Owens :https://rumble.com/v72yfvw-lies-about-charlie-kirk-will-end-many-on-the-right-candace-owens.html?e9s=src_v1_ucp_a
yt download:-N2 -Rinfinite -i -o %(channel)s - %(title)s.%(ext)s https://rumble.com/v72yfvw-lies-about-charlie-kirk-will-end-many-on-the-right-candace-owens.html?e9s=src_v1_ucp_a
2025-12-16_09:19: Jimmy Dore:Mike Huckabee GASLIGHTS About Epstein Files & Israel! :https://rumble.com/v72zgpe-mike-huckabee-gaslights-about-epstein-files-and-israel.html?e9s=src_v1_ucp_a
yt download:-N2 -Rinfinite -i -o %(channel)s - %(title)s.%(ext)s https://rumble.com/v72zgpe-mike-huckabee-gaslights-about-epstein-files-and-israel.html?e9s=src_v1_ucp_a
2025-12-16_09:21: query_rumble:https://rumble.com/c/thejimmydoreshow?page=1
2025-12-16_09:21: Jimmy Dore:FBI WHIFFS On Questions About "Top Terrorist Threat" Antifa! :https://rumble.com/v72yeyc-fbi-official-whiffs-on-questions-about-top-terrorist-threat-antifa.html?e9s=src_v1_ucp_a
yt download:-N2 -Rinfinite -i -o %(channel)s - %(title)s.%(ext)s https://rumble.com/v72yeyc-fbi-official-whiffs-on-questions-about-top-terrorist-threat-antifa.html?e9s=src_v1_ucp_a
2025-12-16_09:29: query_rumble:https://rumble.com/c/thejimmydoreshow?page=1
2025-12-16_09:29: Jimmy Dore:FBI WHIFFS On Questions About "Top Terrorist Threat" Antifa! :https://rumble.com/v72yeyc-fbi-official-whiffs-on-questions-about-top-terrorist-threat-antifa.html?e9s=src_v1_ucp_a
yt download:-N2 -Rinfinite -i -o %(channel)s - %(title)s.%(ext)s https://rumble.com/v72yeyc-fbi-official-whiffs-on-questions-about-top-terrorist-threat-antifa.html?e9s=src_v1_ucp_a
2025-12-16_09:39: query_rumble:https://rumble.com/c/thejimmydoreshow?page=1
2025-12-16_09:39: Jimmy Dore:FBI WHIFFS On Questions About "Top Terrorist Threat" Antifa! :https://rumble.com/v72yeyc-fbi-official-whiffs-on-questions-about-top-terrorist-threat-antifa.html?e9s=src_v1_ucp_a
yt download:-N2 -Rinfinite -i -o %(channel)s - %(title)s.%(ext)s https://rumble.com/v72yeyc-fbi-official-whiffs-on-questions-about-top-terrorist-threat-antifa.html?e9s=src_v1_ucp_a
2025-12-16_09:46: query_rumble:https://rumble.com/c/thejimmydoreshow?page=1
2025-12-16_09:47: Jimmy Dore:FBI WHIFFS On Questions About "Top Terrorist Threat" Antifa! :https://rumble.com/v72yeyc-fbi-official-whiffs-on-questions-about-top-terrorist-threat-antifa.html?e9s=src_v1_ucp_a
yt download:-N2 -Rinfinite -i -o %(channel)s - %(title)s.%(ext)s https://rumble.com/v72yeyc-fbi-official-whiffs-on-questions-about-top-terrorist-threat-antifa.html?e9s=src_v1_ucp_a
2025-12-16_09:48: Jimmy Dore:FBI WHIFFS On Questions About "Top Terrorist Threat" Antifa! :https://rumble.com/v72yeyc-fbi-official-whiffs-on-questions-about-top-terrorist-threat-antifa.html?e9s=src_v1_ucp_a
yt download:-N2 -Rinfinite -i -o %(channel)s - %(title)s.%(ext)s https://rumble.com/v72yeyc-fbi-official-whiffs-on-questions-about-top-terrorist-threat-antifa.html?e9s=src_v1_ucp_a
2025-12-16_09:50: query_rumble:https://rumble.com/c/thejimmydoreshow?page=1
2025-12-16_09:51: Jimmy Dore:FBI WHIFFS On Questions About "Top Terrorist Threat" Antifa! :https://rumble.com/v72yeyc-fbi-official-whiffs-on-questions-about-top-terrorist-threat-antifa.html?e9s=src_v1_ucp_a
yt download:-N2 -Rinfinite -i -o %(channel)s - %(title)s.%(ext)s https://rumble.com/v72yeyc-fbi-official-whiffs-on-questions-about-top-terrorist-threat-antifa.html?e9s=src_v1_ucp_a
2025-12-16_09:56: query_rumble:https://rumble.com/c/thejimmydoreshow?page=1
2025-12-16_09:56: Jimmy Dore:FBI WHIFFS On Questions About "Top Terrorist Threat" Antifa! :https://rumble.com/v72yeyc-fbi-official-whiffs-on-questions-about-top-terrorist-threat-antifa.html?e9s=src_v1_ucp_a
yt download:-N2 -Rinfinite -i -o %(channel)s - %(title)s.%(ext)s https://rumble.com/v72yeyc-fbi-official-whiffs-on-questions-about-top-terrorist-threat-antifa.html?e9s=src_v1_ucp_a
2025-12-16_09:59: query_rumble:https://rumble.com/c/thejimmydoreshow?page=1
2025-12-16_09:59: Jimmy Dore:FBI WHIFFS On Questions About "Top Terrorist Threat" Antifa! :https://rumble.com/v72yeyc-fbi-official-whiffs-on-questions-about-top-terrorist-threat-antifa.html?e9s=src_v1_ucp_a
yt download:-N2 -Rinfinite -i -o %(channel)s - %(title)s.%(ext)s https://rumble.com/v72yeyc-fbi-official-whiffs-on-questions-about-top-terrorist-threat-antifa.html?e9s=src_v1_ucp_a last_file_downloaded:/home/kmiller/Downloads/Torrents/Library/web/The_Jimmy_Dore_Show - FBI_Official_WHIFFS_On_Questions_About_Top_Terrorist_Threat_Antifa.mp4
2025-12-16_10:05: query_rumble:https://rumble.com/c/thejimmydoreshow?page=1
2025-12-16_10:05: Jimmy Dore:FBI WHIFFS On Questions About "Top Terrorist Threat" Antifa! :https://rumble.com/v72yeyc-fbi-official-whiffs-on-questions-about-top-terrorist-threat-antifa.html?e9s=src_v1_ucp_a
yt download:-N2 -Rinfinite -i -o %(channel)s - %(title)s.%(ext)s https://rumble.com/v72yeyc-fbi-official-whiffs-on-questions-about-top-terrorist-threat-antifa.html?e9s=src_v1_ucp_a last_file_downloaded:/home/kmiller/Downloads/Torrents/Library/web/The_Jimmy_Dore_Show - FBI_Official_WHIFFS_On_Questions_About_Top_Terrorist_Threat_Antifa.mp4
2025-12-16_15:07: Judging Freedom:Scott Ritter : Russia And EU: Which Is The Enemy? :https://youtube.com/watch?v=GqSbFE9NBRY
Command failed:-N2 -Rinfinite -i -o %(channel)s - %(title)s.%(ext)s https://youtube.com/watch?v=GqSbFE9NBRY
2025-12-16_15:08: query_rumble:https://rumble.com/c/ggreenwald?page=1
2025-12-16_15:08: Glenn Greenwald:No Live Tonight :https://rumble.com/v732f48-no-live-show-tonight.html?e9s=src_v1_ucp_a
yt download:-N2 -Rinfinite -i -o %(channel)s - %(title)s.%(ext)s https://rumble.com/v732f48-no-live-show-tonight.html?e9s=src_v1_ucp_a last_file_downloaded:/home/kmiller/Downloads/Torrents/Library/web/Glenn_Greenwald - No_Live_Show_Tonight.mp4
2025-12-16_15:08: query_rumble:https://rumble.com/c/ggreenwald?page=1
2025-12-16_15:09: query_rumble:https://rumble.com/c/kimiversen?page=1
2025-12-16_15:09: Kim Iversen:Should Muslims Be Allowed In The West? Candace And Erika Kirk FACE OFF :https://rumble.com/v732aga-should-muslims-be-allowed-in-the-west-candace-and-erika-kirk-face-off.html?e9s=src_v1_ucp_a
yt download:-N2 -Rinfinite -i -o %(channel)s - %(title)s.%(ext)s https://rumble.com/v732aga-should-muslims-be-allowed-in-the-west-candace-and-erika-kirk-face-off.html?e9s=src_v1_ucp_a last_file_downloaded:/home/kmiller/Downloads/Torrents/Library/web/Kim_Iversen - Should_Muslims_Be_Allowed_in_the_West_Candace_and_Erika_Kirk_FACE_OFF.mp4
2025-12-16_15:10: query_rumble:https://rumble.com/c/c-6293844?page=1
2025-12-16_15:10: query_rumble:https://rumble.com/c/DeepFocuswithJohnKiriakou?page=1
2025-12-16_15:10: query_rumble:https://rumble.com/c/rtnews?page=1
2025-12-16_15:11: query_rumble:https://rumble.com/c/tuckercarlson?page=1
2025-12-16_15:12: query_rumble:https://rumble.com/c/RealCandaceO?page=1
2025-12-16_18:16: Judging Freedom:Scott Ritter : Russia And EU: Which Is The Enemy? :https://youtube.com/watch?v=GqSbFE9NBRY
yt download:-N2 -Rinfinite -i -o %(channel)s - %(title)s.%(ext)s https://youtube.com/watch?v=GqSbFE9NBRY last_file_downloaded:/home/kmiller/Downloads/Torrents/Library/web/Judge_Napolitano_-_Judging_Freedom - Scott_Ritter_-_Russia_and_EU_-_Which_Is_the_Enemy.mp4
2025-12-16_18:17: Judging Freedom:AMB. Chas Freeman : Trump And US Hegemony. :https://youtube.com/watch?v=n05ufH9BHjw
yt download:-N2 -Rinfinite -i -o %(channel)s - %(title)s.%(ext)s https://youtube.com/watch?v=n05ufH9BHjw last_file_downloaded:/home/kmiller/Downloads/Torrents/Library/web/Judge_Napolitano_-_Judging_Freedom - AMB._Chas_Freeman_-_Trump_and_US_Hegemony.mp4
2025-12-16_21:05: Judging Freedom:Aaron Mate : Rob Reiner And Free Speech. :https://youtube.com/watch?v=RV8QU7EK6t8
yt download:-N2 -Rinfinite -i -o %(channel)s - %(title)s.%(ext)s https://youtube.com/watch?v=RV8QU7EK6t8 last_file_downloaded:/home/kmiller/Downloads/Torrents/Library/web/Judge_Napolitano_-_Judging_Freedom - Aaron_Mate_-_Rob_Reiner_and_Free_Speech.mp4
2025-12-16_21:25: Mentour Pilot:WORST Story I've Ever Told.. : Germanwings 9525 :https://youtube.com/watch?v=lotcRYD42e0
yt download:-N2 -Rinfinite -i -o %(channel)s - %(title)s.%(ext)s https://youtube.com/watch?v=lotcRYD42e0 last_file_downloaded:/home/kmiller/Downloads/Torrents/Library/web/Mentour_Pilot - The_WORST_Story_I_ve_Ever_Told.._Germanwings_9525.mp4
2025-12-16_21:31: query_rumble:https://rumble.com/c/alexchristoforou?page=1
2025-12-16_21:31: Alex Christoforou:UK Prepare To Sacrifice. Us/EU Draft Terms To Pressure Russia. EU 20th :https://rumble.com/v733mhk-uk-families-prepare-to-sacrifice.-useu-draft-terms-to-pressure-russia.-eu-2.html?e9s=src_v1_ucp_a
yt download:-N2 -Rinfinite -i -o %(channel)s - %(title)s.%(ext)s https://rumble.com/v733mhk-uk-families-prepare-to-sacrifice.-useu-draft-terms-to-pressure-russia.-eu-2.html?e9s=src_v1_ucp_a last_file_downloaded:/home/kmiller/Downloads/Torrents/Library/web/Alex_Christoforou - UK_prepare_to_sacrifice._US_EU_draft_terms_to_pressure_Russia._EU_20th_sanctions_package.mp4
2025-12-16_21:33: query_rumble:https://rumble.com/c/DeepFocuswithJohnKiriakou?page=1
2025-12-16_21:33: query_rumble:https://rumble.com/c/tuckercarlson?page=1
yt download:https://www.youtube.com/watch?v=lOMrTLotVOM last_file_downloaded:/home/kmiller/Downloads/Torrents/Library/web/Matt_Hoh_-_Pentagon_Budget_Greater_than_One_Trillion.-[lOMrTLotVOM].mp4
2025-12-16_21:46: query_rumble:https://rumble.com/c/RealCandaceO?page=1
2025-12-16_21:47: query_rumble:https://rumble.com/c/RealCandaceO?page=1
2025-12-16_21:50: Judging Freedom:Ltcol. Karen Kwiatkowski : How Close Is WWIII? :https://youtube.com/watch?v=DSyXiEPwCSk
yt download:-N2 -Rinfinite -i -o %(channel)s - %(title)s.%(ext)s https://youtube.com/watch?v=DSyXiEPwCSk last_file_downloaded:/home/kmiller/Downloads/Torrents/Library/web/Judge_Napolitano_-_Judging_Freedom - LtCOL._Karen_Kwiatkowski_-_How_Close_is_WWIII.mp4
yt download:https://www.youtube.com/watch?v=q3vsKliLhK4 last_file_downloaded:
yt download:https://www.youtube.com/watch?v=q3vsKliLhK4 last_file_downloaded:/home/kmiller/Downloads/Torrents/Library/web/Neil Oliver - ...I m about to EXPLODE.mp4
2025-12-16_22:24: Syriana Analysis:Venezuela On The Brink: US Build Up, Regime Change And Machado : Syriana :https://youtube.com/watch?v=2KxzrfTB3cg
yt download:-Rinfinite -i -o %(channel)s - %(title)s.%(ext)s https://youtube.com/watch?v=2KxzrfTB3cg last_file_downloaded:/home/kmiller/Downloads/Torrents/Library/web/Syriana_Analysis - Venezuela_on_the_Brink_-_US_Build-Up_Regime_Change_and_Machado_Syriana_Analysis.mp4
2025-12-17_08:23: query_rumble:https://rumble.com/c/ggreenwald?page=1
2025-12-17_08:23: Glenn Greenwald:Sydney Shooting Exploited For Pro Israel Censorship And Anti Muslim :https://rumble.com/v733vu8-system-update-show-559.html?e9s=src_v1_ucp_a
yt download:-Rinfinite -i -o %(channel)s - %(title)s.%(ext)s https://rumble.com/v733vu8-system-update-show-559.html?e9s=src_v1_ucp_a last_file_downloaded:/home/kmiller/Downloads/Torrents/Library/web/Glenn_Greenwald - Sydney_Shooting_Exploited_for_Pro-Israel_Censorship_and_Anti-Muslim_Crackdowns_How.mp4
2025-12-17_08:25: query_rumble:https://rumble.com/c/alexchristoforou?page=1
2025-12-17_08:26: query_rumble:https://rumble.com/c/kimiversen?page=1
2025-12-17_08:26: Kim Iversen:Turtle Island Terror: A Narrative That Serves Israel :https://rumble.com/v733uqc-turtle-island-terror-a-narrative-that-serves-israel.html?e9s=src_v1_ucp_a
yt download:-Rinfinite -i -o %(channel)s - %(title)s.%(ext)s https://rumble.com/v733uqc-turtle-island-terror-a-narrative-that-serves-israel.html?e9s=src_v1_ucp_a last_file_downloaded:/home/kmiller/Downloads/Torrents/Library/web/Kim_Iversen - Turtle_Island_Terror_-_A_Narrative_That_Serves_Israel.mp4
2025-12-17_08:33: query_rumble:https://rumble.com/c/kimiversen?page=1
2025-12-17_08:33: Kim Iversen:Turtle Island Terror: A Narrative That Serves Israel :https://rumble.com/v733uqc-turtle-island-terror-a-narrative-that-serves-israel.html?e9s=src_v1_ucp_a
yt download:-Rinfinite -i -o %(channel)s - %(title)s.%(ext)s https://rumble.com/v733uqc-turtle-island-terror-a-narrative-that-serves-israel.html?e9s=src_v1_ucp_a
2025-12-17_09:03: Blan Colirio:DCA Security Reductions on December 10:https://youtube.com/watch?v=ixnkkDn-tUg
yt download:-N2 -Rinfinite -i -o %(channel)s - %(title)s.%(ext)s https://youtube.com/watch?v=ixnkkDn-tUg
2025-12-17_09:15: Blan Colirio:DCA Security Reductions on December 10:https://youtube.com/watch?v=ixnkkDn-tUg
Command failed:-N2 -Rinfinite -i -o %(channel)s - %(title)s.%(ext)s https://youtube.com/watch?v=ixnkkDn-tUg
2025-12-17_09:18: Blan Colirio:DCA Security Reductions on December 10:https://youtube.com/watch?v=ixnkkDn-tUg
Command failed:-N2 -Rinfinite -i -o %(channel)s - %(title)s.%(ext)s https://youtube.com/watch?v=ixnkkDn-tUg
2025-12-17_09:20: Blan Colirio:DCA Security Reductions on December 10:https://youtube.com/watch?v=ixnkkDn-tUg
yt download:-N2 -Rinfinite -i -o %(channel)s - %(title)s.%(ext)s https://youtube.com/watch?v=ixnkkDn-tUg
2025-12-17_10:48: query_rumble:https://rumble.com/c/thejimmydoreshow?page=1
2025-12-17_10:48: Jimmy Dore:Here's How You Know Australian Mass Shooting Was A FALSE FLAG! :https://rumble.com/v7330k0-heres-how-you-know-australian-mass-shooting-was-a-false-flag.html?e9s=src_v1_ucp_a
Command failed:-N2 -Rinfinite -i -o %(channel)s - %(title)s.%(ext)s https://rumble.com/v7330k0-heres-how-you-know-australian-mass-shooting-was-a-false-flag.html?e9s=src_v1_ucp_a
2025-12-17_10:57: query_rumble:https://rumble.com/c/thejimmydoreshow?page=1
2025-12-17_10:58: Jimmy Dore:Here's How You Know Australian Mass Shooting Was A FALSE FLAG! :https://rumble.com/v7330k0-heres-how-you-know-australian-mass-shooting-was-a-false-flag.html?e9s=src_v1_ucp_a
yt download:-N2 -Rinfinite -i -o %(channel)s - %(title)s.%(ext)s https://rumble.com/v7330k0-heres-how-you-know-australian-mass-shooting-was-a-false-flag.html?e9s=src_v1_ucp_a
2025-12-17_11:01: query_rumble:https://rumble.com/c/thejimmydoreshow?page=1
2025-12-17_11:01: Jimmy Dore:Here's How You Know Australian Mass Shooting Was A FALSE FLAG! :https://rumble.com/v7330k0-heres-how-you-know-australian-mass-shooting-was-a-false-flag.html?e9s=src_v1_ucp_a
yt download:-N2 -Rinfinite -i -o %(channel)s - %(title)s.%(ext)s https://rumble.com/v7330k0-heres-how-you-know-australian-mass-shooting-was-a-false-flag.html?e9s=src_v1_ucp_a
2025-12-17_11:06: query_rumble:https://rumble.com/c/thejimmydoreshow?page=1
2025-12-17_11:06: Jimmy Dore:Here's How You Know Australian Mass Shooting Was A FALSE FLAG! :https://rumble.com/v7330k0-heres-how-you-know-australian-mass-shooting-was-a-false-flag.html?e9s=src_v1_ucp_a
yt download:-N2 -Rinfinite -i -o %(channel)s - %(title)s.%(ext)s https://rumble.com/v7330k0-heres-how-you-know-australian-mass-shooting-was-a-false-flag.html?e9s=src_v1_ucp_a
2025-12-17_11:08: query_rumble:https://rumble.com/c/thejimmydoreshow?page=1
2025-12-17_11:09: Jimmy Dore:Here's How You Know Australian Mass Shooting Was A FALSE FLAG! :https://rumble.com/v7330k0-heres-how-you-know-australian-mass-shooting-was-a-false-flag.html?e9s=src_v1_ucp_a
Command failed:-N2 -Rinfinite -i -o %(channel)s - %(title)s.%(ext)s https://rumble.com/v7330k0-heres-how-you-know-australian-mass-shooting-was-a-false-flag.html?e9s=src_v1_ucp_a
2025-12-17_11:10: query_rumble:https://rumble.com/c/thejimmydoreshow?page=1
2025-12-17_11:10: Jimmy Dore:Here's How You Know Australian Mass Shooting Was A FALSE FLAG! :https://rumble.com/v7330k0-heres-how-you-know-australian-mass-shooting-was-a-false-flag.html?e9s=src_v1_ucp_a
yt download:-N2 -Rinfinite -i -o %(channel)s - %(title)s.%(ext)s https://rumble.com/v7330k0-heres-how-you-know-australian-mass-shooting-was-a-false-flag.html?e9s=src_v1_ucp_a
2025-12-17_11:24: query_rumble:https://rumble.com/c/thejimmydoreshow?page=1
2025-12-17_11:24: Jimmy Dore:Here's How You Know Australian Mass Shooting Was A FALSE FLAG! :https://rumble.com/v7330k0-heres-how-you-know-australian-mass-shooting-was-a-false-flag.html?e9s=src_v1_ucp_a
yt download:-N2 -Rinfinite -i -o %(channel)s - %(title)s.%(ext)s https://rumble.com/v7330k0-heres-how-you-know-australian-mass-shooting-was-a-false-flag.html?e9s=src_v1_ucp_a
2025-12-17_11:26: query_rumble:https://rumble.com/c/thejimmydoreshow?page=1
2025-12-17_11:27: Jimmy Dore:Here's How You Know Australian Mass Shooting Was A FALSE FLAG! :https://rumble.com/v7330k0-heres-how-you-know-australian-mass-shooting-was-a-false-flag.html?e9s=src_v1_ucp_a
yt download:-N2 -Rinfinite -i -o %(channel)s - %(title)s.%(ext)s https://rumble.com/v7330k0-heres-how-you-know-australian-mass-shooting-was-a-false-flag.html?e9s=src_v1_ucp_a
2025-12-17_11:30: query_rumble:https://rumble.com/c/thejimmydoreshow?page=1
2025-12-17_11:31: Jimmy Dore:Here's How You Know Australian Mass Shooting Was A FALSE FLAG! :https://rumble.com/v7330k0-heres-how-you-know-australian-mass-shooting-was-a-false-flag.html?e9s=src_v1_ucp_a
yt download:-N2 -Rinfinite -i -o %(channel)s - %(title)s.%(ext)s https://rumble.com/v7330k0-heres-how-you-know-australian-mass-shooting-was-a-false-flag.html?e9s=src_v1_ucp_a
2025-12-17_11:35: query_rumble:https://rumble.com/c/thejimmydoreshow?page=1
2025-12-17_11:35: Jimmy Dore:Here's How You Know Australian Mass Shooting Was A FALSE FLAG! :https://rumble.com/v7330k0-heres-how-you-know-australian-mass-shooting-was-a-false-flag.html?e9s=src_v1_ucp_a
yt download:-N2 -Rinfinite -i -o %(channel)s - %(title)s.%(ext)s https://rumble.com/v7330k0-heres-how-you-know-australian-mass-shooting-was-a-false-flag.html?e9s=src_v1_ucp_a
2025-12-17_11:37: query_rumble:https://rumble.com/c/thejimmydoreshow?page=1
2025-12-17_11:37: Jimmy Dore:Here's How You Know Australian Mass Shooting Was A FALSE FLAG! :https://rumble.com/v7330k0-heres-how-you-know-australian-mass-shooting-was-a-false-flag.html?e9s=src_v1_ucp_a
yt download:-N2 -Rinfinite -i -o %(channel)s - %(title)s.%(ext)s https://rumble.com/v7330k0-heres-how-you-know-australian-mass-shooting-was-a-false-flag.html?e9s=src_v1_ucp_a
2025-12-17_11:49: query_rumble:https://rumble.com/c/thejimmydoreshow?page=1
2025-12-17_11:49: Jimmy Dore:Here's How You Know Australian Mass Shooting Was A FALSE FLAG! :https://rumble.com/v7330k0-heres-how-you-know-australian-mass-shooting-was-a-false-flag.html?e9s=src_v1_ucp_a
yt download:-N2 -Rinfinite -i -o %(channel)s - %(title)s.%(ext)s https://rumble.com/v7330k0-heres-how-you-know-australian-mass-shooting-was-a-false-flag.html?e9s=src_v1_ucp_a
2025-12-17_11:53: query_rumble:https://rumble.com/c/thejimmydoreshow?page=1
2025-12-17_11:53: Jimmy Dore:Here's How You Know Australian Mass Shooting Was A FALSE FLAG! :https://rumble.com/v7330k0-heres-how-you-know-australian-mass-shooting-was-a-false-flag.html?e9s=src_v1_ucp_a
yt download:-N2 -Rinfinite -i -o %(channel)s - %(title)s.%(ext)s https://rumble.com/v7330k0-heres-how-you-know-australian-mass-shooting-was-a-false-flag.html?e9s=src_v1_ucp_a
2025-12-17_14:50: Judging Freedom:Tucker Carlson : War, Peace, Trump, And The Constitution. :https://youtube.com/watch?v=5sgUp-Q2kWg
Command failed:-N2 -Rinfinite -i -o %(channel)s - %(title)s.%(ext)s https://youtube.com/watch?v=5sgUp-Q2kWg
2025-12-17_14:56: Judging Freedom:Tucker Carlson : War, Peace, Trump, And The Constitution. :https://youtube.com/watch?v=5sgUp-Q2kWg
Command failed:-N2 -Rinfinite -i -o %(channel)s - %(title)s.%(ext)s https://youtube.com/watch?v=5sgUp-Q2kWg
2025-12-17_15:01: Judging Freedom:Tucker Carlson : War, Peace, Trump, And The Constitution. :https://youtube.com/watch?v=5sgUp-Q2kWg
Command failed:-N2 -Rinfinite -i -o %(channel)s - %(title)s.%(ext)s https://youtube.com/watch?v=5sgUp-Q2kWg
2025-12-17_15:02: Judging Freedom:Tucker Carlson : War, Peace, Trump, And The Constitution. :https://youtube.com/watch?v=5sgUp-Q2kWg
Command failed:-N2 -Rinfinite -i -o %(channel)s - %(title)s.%(ext)s https://youtube.com/watch?v=5sgUp-Q2kWg
2025-12-17_15:07: Judging Freedom:Tucker Carlson : War, Peace, Trump, And The Constitution. :https://youtube.com/watch?v=5sgUp-Q2kWg
Command failed:-N2 -Rinfinite -i -o %(channel)s - %(title)s.%(ext)s https://youtube.com/watch?v=5sgUp-Q2kWg
2025-12-17_15:09: Judging Freedom:Tucker Carlson : War, Peace, Trump, And The Constitution. :https://youtube.com/watch?v=5sgUp-Q2kWg
Command failed:-N2 -Rinfinite -i -o %(channel)s - %(title)s.%(ext)s https://youtube.com/watch?v=5sgUp-Q2kWg
2025-12-17_15:12: Judging Freedom:Tucker Carlson : War, Peace, Trump, And The Constitution. :https://youtube.com/watch?v=5sgUp-Q2kWg
Command failed:-N2 -Rinfinite -i -o %(channel)s - %(title)s.%(ext)s https://youtube.com/watch?v=5sgUp-Q2kWg
2025-12-17_19:27: Judging Freedom:Tucker Carlson : War, Peace, Trump, And The Constitution. :https://youtube.com/watch?v=5sgUp-Q2kWg
yt download:-N2 -Rinfinite -i -o %(channel)s - %(title)s.%(ext)s https://youtube.com/watch?v=5sgUp-Q2kWg
Command failed:
Command failed:
yt download:https://rumble.com/v733mhk-uk-families-prepare-to-sacrifice.-useu-draft-terms-to-pressure-russia.-eu-2.html?e9s=src_v1_clr%2Csrc_v1_ucp_a
yt download:https://rumble.com/v733mhk-uk-families-prepare-to-sacrifice.-useu-draft-terms-to-pressure-russia.-eu-2.html?e9s=src_v1_clr%2Csrc_v1_ucp_a
2025-12-17_23:23: Judging Freedom:Phil Giraldi : Israelis Still Killing In Gaza. :https://youtube.com/watch?v=mfj30sg-vVM
Command failed:xxx
Command failed:yt -N2 -Rinfinite -i -o %(channel)s - %(title)s.%(ext)s ""
2025-12-17_23:27: Judging Freedom:COL. Douglas Macgregor : Ukraine And European War Fantasies. :https://youtube.com/watch?v=CtgVeHS6oYY
2025-12-17_23:29: Judging Freedom:COL. Douglas Macgregor : Ukraine And European War Fantasies. :https://youtube.com/watch?v=CtgVeHS6oYY
2025-12-17_23:30: Judging Freedom:COL. Douglas Macgregor : Ukraine And European War Fantasies. :https://youtube.com/watch?v=CtgVeHS6oYY
yt download:-N2 -Rinfinite -i -o %(channel)s - %(title)s.%(ext)s https://youtube.com/watch?v=CtgVeHS6oYY
2025-12-17_23:31: Judging Freedom:Phil Giraldi : Israelis Still Killing In Gaza. :https://youtube.com/watch?v=mfj30sg-vVM
yt download:-N2 -Rinfinite -i -o %(channel)s - %(title)s.%(ext)s https://youtube.com/watch?v=mfj30sg-vVM
2025-12-18_00:02: Danny Haiphong:Putin's BOMBSHELL: Trump Deal DEAD, Venezuela War Begins : Larry Johnson :https://youtube.com/watch?v=u7IRs16mtA4
yt download:-N2 -Rinfinite -i -o %(channel)s - %(title)s.%(ext)s https://youtube.com/watch?v=u7IRs16mtA4
2025-12-18_00:11: Dialogue Works:Matthew Hoh: War With Venezuela Coming - Is The EU Preparing For A :https://youtube.com/watch?v=RUb61QSX-e4
2025-12-18_00:12: Dialogue Works:Matthew Hoh: War With Venezuela Coming - Is The EU Preparing For A :https://youtube.com/watch?v=RUb61QSX-e4
Command failed:-N2 -Rinfinite -i -o %(channel)s - %(title)s.%(ext)s https://youtube.com/watch?v=RUb61QSX-e4
Command failed:-N2 -Rinfinite -i -o %(channel)s - %(title)s.%(ext)s https://youtube.com/watch?v=RUb61QSX-e4
2025-12-18_00:19: Danny Haiphong:Putin's BOMBSHELL: Trump Deal DEAD, Venezuela War Begins : Larry Johnson :https://youtube.com/watch?v=u7IRs16mtA4
yt download:-N2 -Rinfinite -i -o %(channel)s - %(title)s.%(ext)s https://youtube.com/watch?v=u7IRs16mtA4
2025-12-18_00:24: Pilot Debrief:Most Heartbreaking Pilot Mistake I've Ever Heard! :https://youtube.com/watch?v=5eoggIkVK8w
yt download:-N2 -Rinfinite -i -o %(channel)s - %(title)s.%(ext)s https://youtube.com/watch?v=5eoggIkVK8w
2025-12-18_00:29: Syriana Analysis:Tucker Carlson: US War On Venezuela Is TONIGHT : Syriana Analysis :https://youtube.com/watch?v=Cawxs69wEMQ
yt download:-N2 -Rinfinite -i -o %(channel)s - %(title)s.%(ext)s https://youtube.com/watch?v=Cawxs69wEMQ
2025-12-18_00:39: Katie Halper:COL. Wilkerson WARNS Putin Is Outmaneuvering Trump :https://youtube.com/watch?v=bthXGiIvT2s
yt download:-N2 -Rinfinite -i -o %(channel)s - %(title)s.%(ext)s https://youtube.com/watch?v=bthXGiIvT2s
Command failed:
Command failed:
yt download:
yt download:
Command failed:
yt download:
yt download:
yt download:
yt download:
yt download:
yt download:
2025-12-18_10:04: Blan Colirio:Jetblue Incident N.? 1112 About Curacao, December 12, 2025:https://youtube.com/watch?v=5lrSQuV-m0A
2025-12-18_10:12: Blan Colirio:Jetblue Incident N.? 1112 About Curacao, December 12, 2025:https://youtube.com/watch?v=5lrSQuV-m0A
2025-12-18_10:16: Blan Colirio:Jetblue Incident N.? 1112 About Curacao, December 12, 2025:https://youtube.com/watch?v=5lrSQuV-m0A
2025-12-18_10:18: Blan Colirio:Jetblue Incident N.? 1112 About Curacao, December 12, 2025:https://youtube.com/watch?v=5lrSQuV-m0A
2025-12-18_10:20: Blan Colirio:Jetblue Incident N.? 1112 About Curacao, December 12, 2025:https://youtube.com/watch?v=5lrSQuV-m0A
2025-12-18_10:28: Blan Colirio:Jetblue Incident N.? 1112 About Curacao, December 12, 2025:https://youtube.com/watch?v=5lrSQuV-m0A
2025-12-18_15:26: Blan Colirio:Jetblue Incident N.? 1112 About Curacao, December 12, 2025:https://youtube.com/watch?v=5lrSQuV-m0A
2025-12-18_15:47: Judging Freedom:Pepe Escobar : Stealing Russian Bank Deposits. :https://youtube.com/watch?v=2dN3XxObn00
2025-12-18_15:47: query_rumble:https://rumble.com/c/duedissidence/livestreams
2025-12-18_15:48: Due Dissidence:Trump's Unhinged Reaction To Rob Reiner Tragedy, Kamala Preps 2028 Run, :https://rumble.com/v733b84-trumps-unhinged-reaction-to-rob-reiner-tragedy-kamala-preps-2028-run-bongin.html?e9s=src_v1_ucp_l
2025-12-18_15:58: query_rumble:https://rumble.com/c/glenndiesen?page=1
2025-12-18_15:58: Glenn Diesen:Michael Hudson: The Economic Unravelling Of The Political West :https://rumble.com/v732ycg-michael-hudson-the-economic-unravelling-of-the-political-west.html?e9s=src_v1_ucp_a
2025-12-18_16:01: Rick Beato:This 300 Year Old Song Kicked My A$$ :https://youtube.com/watch?v=zZt1y-po2tw
2025-12-18_16:20: query_rumble:https://rumble.com/c/alexchristoforou?page=1
2025-12-18_16:20: Rick Beato:This 300 Year Old Song Kicked My A$$ :https://youtube.com/watch?v=zZt1y-po2tw
2025-12-18_16:22: Rick Beato:This 300 Year Old Song Kicked My A$$ :https://youtube.com/watch?v=zZt1y-po2tw
2025-12-18_16:22: Rick Beato:This 300 Year Old Song Kicked My A$$ :https://youtube.com/watch?v=zZt1y-po2tw
2025-12-18_16:23: Rick Beato:This 300 Year Old Song Kicked My A$$ :https://youtube.com/watch?v=zZt1y-po2tw
2025-12-18_16:29: Rick Beato:This 300 Year Old Song Kicked My A$$ :https://youtube.com/watch?v=zZt1y-po2tw
2025-12-18_16:32: Rick Beato:This 300 Year Old Song Kicked My A$$ :https://youtube.com/watch?v=zZt1y-po2tw
2025-12-18_16:32: Rick Beato:This 300 Year Old Song Kicked My A$$ :https://youtube.com/watch?v=zZt1y-po2tw
2025-12-18_16:34: Rick Beato:This 300 Year Old Song Kicked My A$$ :https://youtube.com/watch?v=zZt1y-po2tw
2025-12-18_16:41: Rick Beato:This 300 Year Old Song Kicked My A$$ :https://youtube.com/watch?v=zZt1y-po2tw
2025-12-18_16:42: Rick Beato:This 300 Year Old Song Kicked My A$$ :https://youtube.com/watch?v=zZt1y-po2tw
2025-12-18_17:49: query_rumble:https://rumble.com/c/kimiversen?page=1
2025-12-18_17:50: Kim Iversen:STILL SHADY: Candace Meets With Erika - She Was Right :https://rumble.com/v735bz0-still-shady-candace-meets-with-erika-she-was-right.html?e9s=src_v1_ucp_a
2025-12-18_18:35: query_rumble:https://rumble.com/c/RealCandaceO?page=1
2025-12-18_18:35: Candace Owens:BREAKING NEWS! We Received Photos Of Charlie's Car After The :https://rumble.com/v735az8-breaking-news-we-received-photos-of-charlies-car-after-the-assassination.-c.html?e9s=src_v1_ucp_a
2025-12-18_18:36: Candace Owens:Erika And I Sat Down. Here's What Happened. Candace EP 280 :https://rumble.com/v733uz4-erika-and-i-sat-down.-heres-what-happened.-candace-ep-280.html?e9s=src_v1_ucp_a
2025-12-18_18:57: query_rumble:https://rumble.com/c/alexchristoforou?page=1
2025-12-18_18:57: Alex Christoforou:Orban, EU Marching Into The War. Merz, German Mobilization. 2030 NATO :https://rumble.com/v736mvo-orban-eu-marching-into-war.-merz-german-mobilization.-russia-2030-nato-war..html?e9s=src_v1_ucp_a
2025-12-18_20:39: Judging Freedom:Pepe Escobar : Stealing Russian Bank Deposits. :https://youtube.com/watch?v=2dN3XxObn00
2025-12-18_20:42: Judging Freedom:Prof. John Mearsheimer : Unintended Consequences Of A Meaningless War. :https://youtube.com/watch?v=c5cikB6G5y0
2025-12-18_20:52: Judging Freedom:Prof. John Mearsheimer : Unintended Consequences Of A Meaningless War. :https://youtube.com/watch?v=c5cikB6G5y0
2025-12-18_21:55: Judging Freedom:Prof. John Mearsheimer : Unintended Consequences Of A Meaningless War. :https://youtube.com/watch?v=c5cikB6G5y0
2025-12-18_22:09: Judging Freedom:Prof. John Mearsheimer : Unintended Consequences Of A Meaningless War. :https://youtube.com/watch?v=c5cikB6G5y0
2025-12-18_22:19: Judging Freedom:Prof. John Mearsheimer : Unintended Consequences Of A Meaningless War. :https://youtube.com/watch?v=c5cikB6G5y0
2025-12-18_22:30: Judging Freedom:Prof. John Mearsheimer : Unintended Consequences Of A Meaningless War. :https://youtube.com/watch?v=c5cikB6G5y0
2025-12-18_22:34: Judging Freedom:Prof. John Mearsheimer : Unintended Consequences Of A Meaningless War. :https://youtube.com/watch?v=c5cikB6G5y0
2025-12-18_22:39: Judging Freedom:Prof. John Mearsheimer : Unintended Consequences Of A Meaningless War. :https://youtube.com/watch?v=c5cikB6G5y0
2025-12-18_22:49: query_rumble:https://rumble.com/c/ggreenwald?page=1
2025-12-18_22:49: query_rumble:https://rumble.com/c/thejimmydoreshow?page=1
2025-12-18_22:49: Jimmy Dore:Candace BREAKS SILENCE On Blockbuster Meeting W/ Erika Kirk! :https://rumble.com/v73658a-candace-breaks-silence-on-blockbuster-meeting-w-erika-kirk.html?e9s=src_v1_ucp_a
2025-12-18_22:50: Jimmy Dore:Trump ADMITS He's Owned By Israel! :https://rumble.com/v7364ug-trump-admits-hes-owned-by-israel.html?e9s=src_v1_ucp_a
2025-12-18_22:54: query_rumble:https://rumble.com/c/thejimmydoreshow?page=1
2025-12-18_22:54: Jimmy Dore:Candace Owens Turns Tim Pool AGAINST HIMSELF! :https://rumble.com/v736lp2-candace-owens-turns-tim-pool-against-himself.html?e9s=src_v1_ucp_a
2025-12-18_22:58: query_rumble:https://rumble.com/c/thejimmydoreshow?page=1
2025-12-18_22:58: Jimmy Dore:Candace Owens Turns Tim Pool AGAINST HIMSELF! :https://rumble.com/v736lp2-candace-owens-turns-tim-pool-against-himself.html?e9s=src_v1_ucp_a
2025-12-18_23:01: query_rumble:https://rumble.com/c/thejimmydoreshow?page=1
2025-12-18_23:01: Jimmy Dore:Candace Owens Turns Tim Pool AGAINST HIMSELF! :https://rumble.com/v736lp2-candace-owens-turns-tim-pool-against-himself.html?e9s=src_v1_ucp_a
2025-12-18_23:01: Jimmy Dore:Bongino CUTS AND RUNS From The FBI! :https://rumble.com/v7365ak-bongino-cuts-and-runs-from-the-fbi.html?e9s=src_v1_ucp_a
2025-12-18_23:04: query_rumble:https://rumble.com/c/thejimmydoreshow?page=1
2025-12-18_23:04: Jimmy Dore:Candace Owens Turns Tim Pool AGAINST HIMSELF! :https://rumble.com/v736lp2-candace-owens-turns-tim-pool-against-himself.html?e9s=src_v1_ucp_a
2025-12-18_23:05: Jimmy Dore:Bongino CUTS AND RUNS From The FBI! :https://rumble.com/v7365ak-bongino-cuts-and-runs-from-the-fbi.html?e9s=src_v1_ucp_a
2025-12-18_23:13: query_rumble:https://rumble.com/c/thejimmydoreshow?page=1
2025-12-18_23:13: Jimmy Dore:Candace Owens Turns Tim Pool AGAINST HIMSELF! :https://rumble.com/v736lp2-candace-owens-turns-tim-pool-against-himself.html?e9s=src_v1_ucp_a
2025-12-18_23:57: query_rumble:http://rumble.com/c/thejimmydoreshow?page=1
2025-12-18_23:57: Jimmy Dore:Candace BREAKS SILENCE On Blockbuster Meeting W/ Erika Kirk!:http://rumble.com/v73658a-candace-breaks-silence-on-blockbuster-meeting-w-erika-kirk.html?e9s=src_v1_ucp_a
2025-12-18_23:57: Jimmy Dore:Trump ADMITS He's Owned By Israel!:http://rumble.com/v7364ug-trump-admits-hes-owned-by-israel.html?e9s=src_v1_ucp_a
2025-12-18_23:58: Jimmy Dore:Tucker Backs Candace Owens Claims About Egyptian Aircraft!:http://rumble.com/v736544-tucker-backs-candace-owens-claims-about-egyptian-aircraft.html?e9s=src_v1_ucp_a
2025-12-18_23:58: Jimmy Dore:Bongino CUTS AND RUNS From The FBI!:http://rumble.com/v7365ak-bongino-cuts-and-runs-from-the-fbi.html?e9s=src_v1_ucp_a
2025-12-19_09:23: query_rumble:http://rumble.com/c/ggreenwald?page=1
2025-12-19_09:23: Glenn Greenwald:Reaction To Trump's Primetime Speech; Coldplay "Adultery" Couple:http://rumble.com/v736wjc-system-update-show-560.html?e9s=src_v1_ucp_a
2025-12-19_09:30: query_rumble:http://rumble.com/c/kimiversen?page=1
2025-12-19_09:30: Kim Iversen:Trump Pulls War Fake Out...Attack On Venezuela Still Coming!?:http://rumble.com/v736sj2-trump-pulls-war-fake-outattack-on-venezuela-still-coming.html?e9s=src_v1_ucp_a
2025-12-19_10:08: Blan Colirio:N257BW December 18, 2025 Greg Biffle:https://youtube.com/watch?v=87mpMSjFv58
2025-12-19_18:16: Judging Freedom:INTEL Roundtable : W/ Johnson & Mcgovern WEEKLY WRAP 19 Dec:https://youtube.com/watch?v=xB_GS9Phuas
2025-12-19_18:17: query_rumble:http://rumble.com/c/alexchristoforou?page=1
2025-12-19_18:28: Mentour Pilot:Making Germanwings And YOUR Questions Answered:https://youtube.com/watch?v=Dd2IgA9BYWE
2025-12-19_18:43: Danny Haiphong:Trump STUNNED As Venezuela's NAVY Calls His War Bluff : Greg Stoker &:https://youtube.com/watch?v=wZAYew3FLU0
2025-12-19_18:45: Danny Haiphong:Putin's BOMBSHELL: Trump Deal DEAD, Venezuela War Begins : Larry Johnson:https://youtube.com/watch?v=u7IRs16mtA4
2025-12-19_19:28: query_rumble:http://rumble.com/c/alexchristoforou?page=1
2025-12-19_19:28: query_rumble:http://rumble.com/c/glenndiesen?page=1
2025-12-19_19:28: Glenn Diesen:Fake Diplomacy & Permanent Conflict - John Mearsheimer, Alexander:http://rumble.com/v737pty-fake-diplomacy-and-permanent-conflict-john-mearsheimer-alexander-mercouris-.html?e9s=src_v1_ucp_a
2025-12-19_19:29: Glenn Diesen:Chas Freeman: Age Of Wars As Freedom Of Navigation Ends:http://rumble.com/v736v02-chas-freeman-age-of-wars-as-freedom-of-navigation-ends.html?e9s=src_v1_ucp_a
2025-12-19_19:30: Glenn Diesen:Jeffrey Sachs: An Open Letter To Chancellor Merz - Security Is:http://rumble.com/v737pjw-jeffrey-sachs-an-open-letter-to-chancellor-merz-security-is-indivisible-and.html?e9s=src_v1_ucp_a
2025-12-19_23:56: Blan Colirio:N257BW December 18, 2025 Greg Biffle:https://youtube.com/watch?v=87mpMSjFv58
2025-12-20_18:01: query_rumble:http://rumble.com/c/alexchristoforou?page=1
2025-12-20_18:01: Alex Christoforou:Operation Hawkeye. Redacted Epstein Files. Putin's Kaliningrad Warning.:http://rumble.com/v739jg2-operation-hawkeye.-redacted-epstein-files.-putins-kaliningrad-warning.-odes.html?e9s=src_v1_ucp_a
2025-12-20_20:27: query_rumble:http://rumble.com/c/thejimmydoreshow?page=1
2025-12-20_20:27: Jimmy Dore:Erika Kirk JOKES About Egyptian Planes Following Her!:http://rumble.com/v73941w-erika-kirk-jokes-about-egyptian-planes-following-her.html?e9s=src_v1_ucp_a
2025-12-20_20:27: Jimmy Dore:Erika Kirk's NEWEST LIE - This Time About Her Dating Past!:http://rumble.com/v7393vi-erika-kirks-newest-lie-this-time-about-her-dating-past.html?e9s=src_v1_ucp_a
2025-12-20_20:28: Jimmy Dore:Thomas Massie EVISCERATES Trump Admin For Not Releasing Full Epstein:http://rumble.com/v7394be-thomas-massie-eviscerates-trump-admin-for-not-releasing-full-epstein-files.html?e9s=src_v1_ucp_a
2025-12-20_20:28: Jimmy Dore:Zionist False Flag Attack In Australia WORKS!:http://rumble.com/v739454-zionist-false-flag-attack-in-australia-works.html?e9s=src_v1_ucp_a
2025-12-20_20:29: Jimmy Dore:Ben Shapiro & Bari Weiss TRASH Megyn Kelly!:http://rumble.com/v7393x6-ben-shapiro-and-bari-weiss-trash-megyn-kelly.html?e9s=src_v1_ucp_a
2025-12-20_20:29: Jimmy Dore:Ben Shapiro FREAKS OUT At Tucker & Candace Owens For Criticizing TPUSA!:http://rumble.com/v7393zq-ben-shapiro-freaks-out-at-tucker-and-candace-owens-for-criticizing-tpusa.html?e9s=src_v1_ucp_a
2025-12-21_00:52: query_rumble:http://rumble.com/c/duedissidence/livestreams
2025-12-21_00:53: Due Dissidence:Candace Gets AUDIENCE BACKLASH After Erika Meeting, Bari Weiss RATINGS:http://rumble.com/v736gz4-candace-gets-audience-backlash-after-erika-meeting-bari-weiss-ratings-tank-.html?e9s=src_v1_ucp_l
2025-12-21_16:43: Mentour Pilot:"Where Are We GOING?!" : American Airlines 965:https://youtube.com/watch?v=4-jK3L-V0Fk
2025-12-21_20:24: query_rumble:http://rumble.com/c/alexchristoforou?page=1
2025-12-21_20:24: Alex Christoforou:Tulsi Exposes Warmongers. Oil Tanker Piracy. WELT, Ukraine Will Lose.:http://rumble.com/v73axvm-tulsi-exposes-warmongers.-oil-tanker-piracy.-welt-ukraine-will-lose.-orban-.html?e9s=src_v1_ucp_a
2025-12-21_20:24: query_rumble:http://rumble.com/c/georgegallowayofficial/livestreams
2025-12-21_22:43: Blan Colirio:NTSB Brief 2 Biffle Family Crash UPDATE:https://youtube.com/watch?v=kvIBpi6QyW8
2025-12-22_00:20: Judging Freedom:INTEL Roundtable : W/ Johnson & Mcgovern WEEKLY WRAP 19 Dec:https://youtube.com/watch?v=xB_GS9Phuas
2025-12-22_00:21: Katie Halper:Colonel: Trump Is "AFRAID" Of Marco Rubio:https://youtube.com/watch?v=TqA713YVoms
2025-12-22_00:22: Rick Beato:My Personal Spotify Top 10 Of 2025:https://youtube.com/watch?v=B_5JUKtRQx8
2025-12-19_10:44: Blan Colirio:N257BW December 18, 2025 Greg Biffle:https://youtube.com/watch?v=87mpMSjFv58
2025-12-19_10:55: Blan Colirio:N257BW December 18, 2025 Greg Biffle:https://youtube.com/watch?v=87mpMSjFv58
2025-12-19_10:59: Blan Colirio:N257BW December 18, 2025 Greg Biffle:https://youtube.com/watch?v=87mpMSjFv58
2025-12-19_11:04: Blan Colirio:N257BW December 18, 2025 Greg Biffle:https://youtube.com/watch?v=87mpMSjFv58
2025-12-19_11:06: Blan Colirio:N257BW December 18, 2025 Greg Biffle:https://youtube.com/watch?v=87mpMSjFv58
2025-12-19_11:12: Blan Colirio:N257BW December 18, 2025 Greg Biffle:https://youtube.com/watch?v=87mpMSjFv58
2025-12-19_18:24: Mentour Pilot:Ben's Hard Day And YOUR Questions Answered! :https://youtube.com/watch?v=Dd2IgA9BYWE
2025-12-19_23:18: Blan Colirio:N257BW December 18, 2025 Greg Biffle:https://youtube.com/watch?v=87mpMSjFv58
2025-12-19_23:48: Blan Colirio:N257BW December 18, 2025 Greg Biffle:https://youtube.com/watch?v=87mpMSjFv58
2025-12-19_23:57: Blan Colirio:N257BW December 18, 2025 Greg Biffle:https://youtube.com/watch?v=87mpMSjFv58
2025-12-20_00:03: Blan Colirio:N257BW December 18, 2025 Greg Biffle:https://youtube.com/watch?v=87mpMSjFv58
2025-12-20_22:57: Blan Colirio:NTSB Report on the Biffle Family Accident:https://youtube.com/watch?v=zdM1UO9tYvY
2025-12-21_01:18: Katie Halper:John Mearsheimer: Israel CANT Win This Anymore :https://youtube.com/watch?v=W7J5iUYF_Ck
2025-12-21_01:29: Blan Colirio:NTSB Brief 2 Biffle Family Crash UPDATE :https://youtube.com/watch?v=kvIBpi6QyW8
2025-12-21_01:31: Blan Colirio:NTSB Brief 2 Biffle Family Crash UPDATE :https://youtube.com/watch?v=kvIBpi6QyW8
2025-12-21_10:17: Blan Colirio:NTSB Brief 2 Biffle Family Crash UPDATE :https://youtube.com/watch?v=kvIBpi6QyW8
2025-12-21_10:23: Blan Colirio:NTSB Brief 2 Biffle Family Crash UPDATE :https://youtube.com/watch?v=kvIBpi6QyW8
2025-12-21_10:33: Blan Colirio:NTSB Brief 2 Biffle Family Crash UPDATE :https://youtube.com/watch?v=kvIBpi6QyW8
2025-12-21_10:35: Blan Colirio:NTSB Brief 2 Biffle Family Crash UPDATE :https://youtube.com/watch?v=kvIBpi6QyW8
2025-12-21_10:38: Syriana Analysis:MI6 WARNS: Europe Must Prepare For War With Russia : Syriana Analysis :https://youtube.com/watch?v=bjl6sD9lXSA
2025-12-21_10:44: Blan Colirio:NTSB Brief 2 Biffle Family Crash UPDATE :https://youtube.com/watch?v=kvIBpi6QyW8
2025-12-21_10:55: Blan Colirio:NTSB Brief 2 Biffle Family Crash UPDATE :https://youtube.com/watch?v=kvIBpi6QyW8
2025-12-21_12:32: Blan Colirio:NTSB Brief 2 Biffle Family Crash UPDATE :https://youtube.com/watch?v=kvIBpi6QyW8
2025-12-21_12:41: Blan Colirio:NTSB Brief 2 Biffle Family Crash UPDATE :https://youtube.com/watch?v=kvIBpi6QyW8
2025-12-21_16:35: query_rumble:https://rumble.com/c/alexchristoforou?page=1
2025-12-21_16:35: query_rumble:https://rumble.com/c/glenndiesen?page=1
2025-12-21_16:35: Glenn Diesen:Daniel Davis: Russia Preparing Retaliation - Oreshnik Deployed & Seizing :https://rumble.com/v739o8m-daniel-davis-russia-preparing-retaliation-oreshnik-deployed-and-seizing-ode.html?e9s=src_v1_ucp_a
2025-12-21_16:36: query_rumble:https://rumble.com/c/goingunderground?page=1
2025-12-21_16:36: Going UnderGround:Max Blumenthal: Donald Trump TRAPPED By Neocons For War On Venezuela + :https://rumble.com/v73834u-max-blumenthal-donald-trump-trapped-by-neocons-for-war-on-venezuela-bondi-b.html?e9s=src_v1_ucp_a
2025-12-21_16:38: query_rumble:https://rumble.com/c/DeepFocuswithJohnKiriakou?page=1
2025-12-21_16:38: query_rumble:https://rumble.com/c/c-6293844?page=1
2025-12-21_16:38: query_rumble:https://rumble.com/c/rtnews?page=1
2025-12-21_16:38: query_rumble:https://rumble.com/c/tuckercarlson?page=1
2025-12-21_17:49: Blan Colirio:NTSB Brief 2 Biffle Family Crash UPDATE :https://youtube.com/watch?v=kvIBpi6QyW8
2025-12-21_17:56: Blan Colirio:NTSB Brief 2 Biffle Family Crash UPDATE :https://youtube.com/watch?v=kvIBpi6QyW8
2025-12-21_22:44: Blan Colirio:NTSB Brief 2 Biffle Family Crash UPDATE :https://youtube.com/watch?v=kvIBpi6QyW8
2025-12-21_22:48: Blan Colirio:NTSB Brief 2 Biffle Family Crash UPDATE :https://youtube.com/watch?v=kvIBpi6QyW8
2025-12-21_22:52: Blan Colirio:NTSB Brief 2 Biffle Family Crash UPDATE :https://youtube.com/watch?v=kvIBpi6QyW8
2025-12-21_22:54: Blan Colirio:NTSB Brief 2 Biffle Family Crash UPDATE :https://youtube.com/watch?v=kvIBpi6QyW8
2025-12-21_22:56: query_rumble:https://rumble.com/c/rtnews?page=1
2025-12-21_22:57: query_rumble:https://rumble.com/c/DeepFocuswithJohnKiriakou?page=1
2025-12-21_22:57: query_rumble:https://rumble.com/c/glenndiesen?page=1
2025-12-21_22:58: Counter Currents:Daniel Davis : U.S. Military's Dirty Secrets: Lies And Failures From :https://youtube.com/watch?v=rt_j4Uiw_Wo
2025-12-21_23:00: Danny Haiphong:Trump's Oil War COLLAPSES As Venezuela's Navy HITS BACK : Greg Stoker & :https://youtube.com/watch?v=wZAYew3FLU0
2025-12-22_01:09: Blan Colirio:NTSB Brief 2 Biffle Family Crash UPDATE :https://youtube.com/watch?v=kvIBpi6QyW8
2025-12-22_08:56: query_rumble:https://rumble.com/c/duedissidence/livestreams
2025-12-22_08:56: Due Dissidence:Maga Civil War Erupts At Amfest, Massie Mulls Impeaching Bondi Over :https://rumble.com/v73axqk-maga-civil-war-erupts-at-amfest-massie-mulls-impeaching-bondi-over-epstein-.html?e9s=src_v1_ucp_l
2025-12-22_09:27: Blan Colirio:NTSB Brief 2 Update on the Biffle Family Accident:https://youtube.com/watch?v=kvIBpi6QyW8
2025-12-22_09:31: Blan Colirio:NTSB Brief 2 Update on the Biffle Family Accident:https://youtube.com/watch?v=kvIBpi6QyW8
2025-12-22_09:34: Blan Colirio:NTSB Brief 2 Update on the Biffle Family Accident:https://youtube.com/watch?v=kvIBpi6QyW8
2025-12-22_09:38: Blan Colirio:NTSB Brief 2 Update on the Biffle Family Accident:https://youtube.com/watch?v=kvIBpi6QyW8
2025-12-22_09:48: Blan Colirio:NTSB Brief 2 Update on the Biffle Family Accident:https://youtube.com/watch?v=kvIBpi6QyW8
2025-12-22_09:54: Blan Colirio:NTSB Brief 2 Update on the Biffle Family Accident:https://youtube.com/watch?v=kvIBpi6QyW8
2025-12-22_10:03: Blan Colirio:NTSB Brief 2 Update on the Biffle Family Accident:https://youtube.com/watch?v=kvIBpi6QyW8
2025-12-22_10:08: Blan Colirio:NTSB Brief 2 Update on the Biffle Family Accident:https://youtube.com/watch?v=kvIBpi6QyW8
2025-12-22_10:28: Blan Colirio:NTSB Brief 2 Update on the Biffle Family Accident:https://youtube.com/watch?v=kvIBpi6QyW8
2025-12-22_10:44: Blan Colirio:NTSB Brief 2 Update on the Biffle Family Accident:https://youtube.com/watch?v=kvIBpi6QyW8
2025-12-22_13:43: Blan Colirio:NTSB Brief 2 Update on the Biffle Family Accident:https://youtube.com/watch?v=kvIBpi6QyW8
2025-12-22_13:50: Blan Colirio:NTSB Brief 2 Update on the Biffle Family Accident:https://youtube.com/watch?v=kvIBpi6QyW8
2025-12-22_13:52: Blan Colirio:NTSB Brief 2 Update on the Biffle Family Accident:https://youtube.com/watch?v=kvIBpi6QyW8
2025-12-22_13:54: Blan Colirio:NTSB Brief 2 Update on the Biffle Family Accident:https://youtube.com/watch?v=kvIBpi6QyW8
2025-12-22_13:55: Blan Colirio:NTSB Brief 2 Update on the Biffle Family Accident:https://youtube.com/watch?v=kvIBpi6QyW8
2025-12-22_13:57: Blan Colirio:NTSB Brief 2 Update on the Biffle Family Accident:https://youtube.com/watch?v=kvIBpi6QyW8
2025-12-22_13:57: Blan Colirio:NTSB Brief 2 Update on the Biffle Family Accident:https://youtube.com/watch?v=kvIBpi6QyW8
2025-12-22_13:58: Blan Colirio:N257BW December 18, 2025 Greg Biffle:https://youtube.com/watch?v=87mpMSjFv58
2025-12-22_13:59: Blan Colirio:NTSB Brief 2 Update on the Biffle Family Accident:https://youtube.com/watch?v=kvIBpi6QyW8
2025-12-22_14:00: Blan Colirio:Crash Of A King Air N30HG Evangelist In Coral Springs, Florida, The:https://youtube.com/watch?v=rhWThhSG41E
2025-12-22_14:00: Blan Colirio:NTSB Brief 2 Update on the Biffle Family Accident:https://youtube.com/watch?v=kvIBpi6QyW8
2025-12-22_14:01: Blan Colirio:N257BW December 18, 2025 Greg Biffle:https://youtube.com/watch?v=87mpMSjFv58
2025-12-22_14:45: query_rumble:https://rumble.com/c/glenndiesen?page=1
2025-12-22_14:45: Glenn Diesen:Jiang Xueqin: Chain Reaction Toward World War III Has Begun :https://rumble.com/v7387ss-jiang-xueqin-chain-reaction-toward-world-war-iii-has-begun.html?e9s=src_v1_ucp_a
2025-12-22_14:46: Glenn Diesen:David Betz: The West On Irreversible Path To Civil War :https://rumble.com/v73bwdk-david-betz-the-west-on-irreversible-path-to-civil-war.html?e9s=src_v1_ucp_a
2025-12-22_14:47: query_rumble:https://rumble.com/c/goingunderground?page=1
2025-12-22_14:47: Going UnderGround:Secret Societies Exposed: Epstein Island, The Bilderberg Meetings, The :https://rumble.com/v73aapg-secret-societies-exposed-epstein-island-the-bilderberg-meetings-the-trilate.html?e9s=src_v1_ucp_a
2025-12-22_14:49: query_rumble:https://rumble.com/c/21WIRE?page=1
2025-12-22_14:49: query_rumble:https://rumble.com/user/21WIRE/livestreams
2025-12-22_14:49: Patrick Henningsen:New EU Reich: Road To Ruin? :https://rumble.com/v73aso8-sunday-wire-ep-574-road-to-ruin-the-new-eu-reich.html?e9s=src_v1_upp_l
2025-12-22_14:53: query_rumble:https://rumble.com/c/tuckercarlson?page=1
2025-12-22_14:53: Rick Beato:Late Night Listening Party 12 21 25 :https://youtube.com/watch?v=h46eYLZ2KpE
2025-12-23_01:41: Judging Freedom:Scott Ritter : EU Silences COL. Jacques Baud.:https://youtube.com/watch?v=uO2J48gU2qU
2025-12-23_15:42: Judging Freedom:Prof. Jeffrey Sachs : Underestimating Russia. :https://youtube.com/watch?v=DlNkqlVuA4U
2025-12-23_17:18: Judging Freedom:AMB. Chas Freeman : Will Netanyahu Last? :https://youtube.com/watch?v=YSBlXgLaE-k
2025-12-23_19:28: query_rumble:https://rumble.com/c/alexchristoforou?page=1
2025-12-23_19:28: Alex Christoforou:Greenland; Trump Wants It, EU Fears US. Vance, Ukraine Will Lose :https://rumble.com/v73dwhi-greenland-trump-wants-it-eu-fears-us.-vance-ukraine-will-lose-donetsk.-batt.html?e9s=src_v1_ucp_a
2025-12-23_19:47: Judging Freedom:Aaron Mate : My Interview With Hamas. :https://youtube.com/watch?v=9FglWIU8_Ck
2025-12-23_19:48: Judging Freedom:Matt Hoh : Hegseth And A Weakened Military. :https://youtube.com/watch?v=4NsadF84oDo
2025-12-23_21:26: Judging Freedom:Prof. Jeffrey Sachs : Underestimating Russia. :https://youtube.com/watch?v=DlNkqlVuA4U
2025-12-23_21:44: query_rumble:https://rumble.com/c/ggreenwald?page=1
2025-12-23_21:44: query_rumble:https://rumble.com/c/DeepFocuswithJohnKiriakou?page=1
2025-12-23_21:44: John Kiriakou:Going Deeper With John Kiriakou - CIA Involvement In Drug Trade, :https://rumble.com/v73c462-going-deeper-with-john-kiriakou-cia-involvement-in-drug-trade-venezuela-par.html?e9s=src_v1_ucp_a
2025-12-24_00:11: query_rumble:https://rumble.com/c/thejimmydoreshow?page=1
2025-12-24_00:11: Jimmy Dore:SHOCKING First Question Charlie Kirk Was Asked In Hamptons Donor :https://rumble.com/v73e0uc-shocking-first-question-charlie-kirk-was-asked-in-hamptons-donor-meeting.html?e9s=src_v1_ucp_a
2025-12-24_00:11: Jimmy Dore:Dave Chappelle UNLOADS On Bill Maher Over Saudi Arabia & Israel! :https://rumble.com/v73dcic-dave-chappelle-unloads-on-bill-maher-over-saudi-arabia-and-israel.html?e9s=src_v1_ucp_a
2025-12-24_00:12: Jimmy Dore:Nicki Minaj Says The WORST THING POSSIBLE To Erika Kirk! :https://rumble.com/v73dclu-nicki-minaj-says-the-worst-thing-possible-to-erika-kirk.html?e9s=src_v1_ucp_a
2025-12-24_00:12: Jimmy Dore:Thomas Massie & Ro Khanna's NEW THREAT To Pam Bondi Over Epstein Files! :https://rumble.com/v73dca4-thomas-massie-and-ro-khannas-new-threat-to-pam-bondi-over-epstein-files.html?e9s=src_v1_ucp_a
2025-12-24_00:13: Jimmy Dore:TPUSA Letting Fans Take SELFIES In Charlie Kirk's Death Tent! :https://rumble.com/v73e0us-tpusa-letting-fans-take-selfies-in-charlie-kirks-death-tent.html?e9s=src_v1_ucp_a
2025-12-24_00:13: Jimmy Dore:Trump Photo RETRACTED From Epstein Files Release! :https://rumble.com/v73dcf4-trump-photo-retracted-from-epstein-files-release.html?e9s=src_v1_ucp_a
2025-12-24_00:14: Jimmy Dore:Ben Shapiro Goes SCORCHED EARTH On Steve Bannon! :https://rumble.com/v73e0v4-ben-shapiro-goes-scorched-earth-on-steve-bannon.html?e9s=src_v1_ucp_a
2025-12-24_00:14: Jimmy Dore:It's ALL OUT WAR Between Candace & Ben Shapiro! :https://rumble.com/v73e0vi-its-all-out-war-between-candace-and-ben-shapiro.html?e9s=src_v1_ucp_a
2025-12-24_13:53: query_rumble:https://rumble.com/c/ggreenwald?page=1
2025-12-24_13:53: query_rumble:https://rumble.com/c/kimiversen?page=1
2025-12-24_13:53: Kim Iversen:EXPLOSIVE: The Epstein Files Are Out - They're Worse Than We Thought :https://rumble.com/v73e6gs-explosive-the-epstein-files-are-out-theyre-worse-than-we-thought.html?e9s=src_v1_ucp_a
2025-12-24_13:55: Judging Freedom:Ltcol. Karen Kwiatkowski : Can The STATE Be Tamed? :https://youtube.com/watch?v=Vd-Pmnbx2Sk
2025-12-24_13:56: Judging Freedom:Matt Hoh : Hegseth And A Weakened Military. :https://youtube.com/watch?v=4NsadF84oDo
2025-12-24_13:57: Judging Freedom:Dr. Gilbert Doctorow : The Totalitarian EU. :https://youtube.com/watch?v=LkcraVlIJsg
2025-12-24_13:57: Judging Freedom:Max Blumenthal : Netanyahu To Investigate Himself! :https://youtube.com/watch?v=wbOciOSf8nY
2025-12-24_14:10: query_rumble:https://rumble.com/c/duedissidence/livestreams
2025-12-24_14:10: Due Dissidence:Bari Weiss Spikes Cecot Expos, Tim Dillon Rips Tp USA, Tucker Named :https://rumble.com/v73dnja-bari-weiss-spikes-cecot-expos-tim-dillon-rips-tp-usa-tucker-named-antisemit.html?e9s=src_v1_ucp_l
2025-12-24_16:21: Colonial Outcasts:System Cannot Be Reformed So This Is The Plan :https://youtube.com/watch?v=MWOZo32XXGA
2025-12-25_11:57: Judging Freedom:Prof. John Mearsheimer : An Incoherent Foreign Policy. :https://youtube.com/watch?v=27r7ZK1Pnro
2025-12-25_11:58: Judging Freedom:Phil Giraldi : A Battered America Awaits War. :https://youtube.com/watch?v=wPJy74olIEI
2025-12-25_11:59: Judging Freedom:Dr. Gilbert Doctorow : The Totalitarian EU. :https://youtube.com/watch?v=LkcraVlIJsg
2025-12-25_11:59: Judging Freedom:COL. Lawrence Wilkerson : Trump's License To Kill. :https://youtube.com/watch?v=m4JiO2hVws8
2025-12-25_12:00: query_rumble:https://rumble.com/c/alexchristoforou?page=1
2025-12-25_12:00: Alex Christoforou:RUBIO Sanctions Europe Elite. Zelensky Demands Russia Withdrawal. :https://rumble.com/v73f7e6-rubio-sanctions-europe-elite.-zelensky-demands-russia-withdrawal.-redacted-.html?e9s=src_v1_ucp_a
2025-12-25_12:01: Alex Christoforou:Greenland; Trump Wants It, EU Fears US. Vance, Ukraine Will Lose :https://rumble.com/v73dwhi-greenland-trump-wants-it-eu-fears-us.-vance-ukraine-will-lose-donetsk.-batt.html?e9s=src_v1_ucp_a
2025-12-25_12:01: query_rumble:https://rumble.com/c/kimiversen?page=1
2025-12-25_12:02: query_rumble:https://rumble.com/c/tuckercarlson?page=1
2025-12-25_12:02: query_rumble:https://rumble.com/c/thejimmydoreshow?page=1
2025-12-25_12:02: Jimmy Dore:Tim Dillon Gets Erika Kirk & TPUSA EXACTLY RIGHT! W/ Ryan Matta :https://rumble.com/v73ev2i-tim-dillon-gets-erika-kirk-and-tpusa-exactly-right-w-ryan-matta.html?e9s=src_v1_ucp_a
2025-12-25_12:03: Jimmy Dore:"Ben Shapiro Is The One Feeding Antisemitism!" - Megyn Kelly :https://rumble.com/v73fq7k-ben-shapiro-is-the-one-feeding-antisemitism-megyn-kelly.html?e9s=src_v1_ucp_a
2025-12-25_12:04: Jimmy Dore:Trump DEFENDS Clinton Over Epstein While TRASHING "Lowlife" Massie! :https://rumble.com/v73ev4y-trump-defends-clinton-over-epstein-while-trashing-lowlife-massie.html?e9s=src_v1_ucp_a
2025-12-25_12:04: Jimmy Dore:Holiday Wishes For Jimmy From JD Vance, Kash Patel, George Clooney & :https://rumble.com/v73fp54-holiday-wishes-for-jimmy-from-jd-vance-kash-patel-george-clooney-and-more.html?e9s=src_v1_ucp_a
2025-12-25_12:04: Jimmy Dore:SHOCKING Corruption At Child Protective Services! W/ Ryan Matta :https://rumble.com/v73fpac-shocking-corruption-at-child-protective-services-w-ryan-matta.html?e9s=src_v1_ucp_a
2025-12-25_12:05: Jimmy Dore:Too Sketchy! Tyler Robinson's Defense Team Has Ties To Tpusa Insiders! :https://rumble.com/v73fq6i-too-sketchy-tyler-robinsons-defense-team-has-ties-to-tpusa-insiders.html?e9s=src_v1_ucp_a
2025-12-25_12:05: Jimmy Dore:HUGE Rift Between Ben Shapiro & Megyn Kelly! :https://rumble.com/v73fjx8-huge-rift-between-ben-shapiro-and-megyn-kelly.html?e9s=src_v1_ucp_a
2025-12-25_12:06: Jimmy Dore:Bari Weiss Faces BRUTAL BACKLASH For Spiking 60 Minutes Immigration :https://rumble.com/v73euz2-bari-weiss-faces-brutal-backlash-for-spiking-60-minutes-immigration-story.html?e9s=src_v1_ucp_a
2025-12-25_12:06: Jimmy Dore:DOJ PROTECTED Powerful Epstein Co Conspirators! :https://rumble.com/v73eutu-doj-protected-powerful-epstein-co-conspirators.html?e9s=src_v1_ucp_a
2025-12-25_12:09: Jimmy Dore:Julian Assange Sues Nobel Organization For Honoring Warmonger :https://rumble.com/v73fr90-julian-assange-sues-nobel-organization-for-honoring-warmonger.html?e9s=src_v1_ucp_a
2025-12-25_12:10: Jimmy Dore:Erika Kirk's SHADY Family MOB Ties! :https://rumble.com/v73euw2-erika-kirks-shady-family-mob-ties.html?e9s=src_v1_ucp_a
2025-12-25_12:10: Jimmy Dore:Ben Shapiro CONFRONTED About Israel's Attack On The USS Liberty :https://rumble.com/v73fqa6-ben-shapiro-confronted-about-israels-attack-on-the-uss-liberty.html?e9s=src_v1_ucp_a
2025-12-25_17:24: Syriana Analysis:Syria's New Order: Is Israel Slipping? Debate With Alex Krainer : :https://youtube.com/watch?v=xziX6JB9Lq4
2025-12-25_17:44: query_rumble:https://rumble.com/c/thenewatlas?page=1
2025-12-25_19:19: query_rumble:https://rumble.com/c/alexchristoforou?page=1
2025-12-25_19:19: Alex Christoforou:Macron Hits Back At US Sanctions. Bush Putin Docs Reveal Early NATO :https://rumble.com/v73ggge-macron-hits-back-at-us-sanctions.-bush-putin-docs-reveal-early-nato-warning.html?e9s=src_v1_ucp_a
2025-12-26_08:20: query_rumble:https://rumble.com/c/kimiversen?page=1
2025-12-26_08:20: query_rumble:https://rumble.com/c/tuckercarlson?page=1
2025-12-26_08:20: query_rumble:https://rumble.com/c/rtnews?page=1
2025-12-26_08:20: RT News:Crosstalk Productive, Constructive :https://rumble.com/v73f72g-crosstalk-productive-constructive.html?e9s=src_v1_ucp_a
2025-12-27_09:30: query_rumble:https://rumble.com/c/alexchristoforou?page=1
2025-12-27_09:30: Alex Christoforou:Nigeria Strikes, Hegseth More To Come. Zelensky Going To Mar A-Lago. :https://rumble.com/v73hp6m-nigeria-strikes-hegseth-more-to-come.-zelensky-going-to-mar-a-lago.-hunter-.html?e9s=src_v1_ucp_a
2025-12-27_09:31: query_rumble:https://rumble.com/c/goingunderground?page=1
2025-12-27_09:31: Going UnderGround:Collapse Of Liberalism: Ukraine Proxy War, Western Capitalism's :https://rumble.com/v73h8ro-the-collapse-of-liberalism-ukraine-proxy-war-western-capitalisms-failure-an.html?e9s=src_v1_ucp_a
2025-12-27_15:39: Mohammad Marandi:Trump CORNERED, Iran's New Missiles Push Netanyahu To BEG For War : :https://youtube.com/watch?v=hSkPRJswsYU
2025-12-27_15:41: query_rumble:https://rumble.com/c/goingunderground?page=1
2025-12-27_17:31: query_rumble:https://rumble.com/c/alexchristoforou?page=1
2025-12-27_19:02: query_rumble:https://rumble.com/c/alexchristoforou?page=1
2025-12-27_19:02: Alex Christoforou:Guliapole Falls. Zelensky, 60 Day Ceasefire. Oreshniks Belarus. China :https://rumble.com/v73j16o-guliapole-falls.-zelensky-60-day-ceasefire.-oreshniks-belarus.-china-sancti.html?e9s=src_v1_ucp_a
2025-12-27_19:06: Pilot Debrief:Instagram Pilot's Emergency Caught On Camera! :https://youtube.com/watch?v=eXgb2vsA6GQ
2025-12-27_19:07: Mentour Pilot:"Brace For IMPACT!!" : Carmel Mid Air Collision :https://youtube.com/watch?v=4M_HQrERAvs
2025-12-27_19:09: query_rumble:https://rumble.com/c/DeepFocuswithJohnKiriakou?page=1
2025-12-27_19:09: query_rumble:https://rumble.com/c/tuckercarlson?page=1
2025-12-27_19:09: Tucker Carlson:Gold, Crypto, The Debt Crisis, And How To Survive When The US Needs A :https://rumble.com/v73hpok-gold-crypto-the-debt-crisis-and-how-to-survive-when-the-us-needs-a-bailout.html?e9s=src_v1_ucp_a
2025-12-27_19:12: query_rumble:https://rumble.com/c/21WIRE?page=1
2025-12-27_19:12: query_rumble:https://rumble.com/user/21WIRE/livestreams
2025-12-27_19:12: query_rumble:https://rumble.com/c/c-6293844?page=1
2025-12-27_19:12: Neil Oliver:Neil Oliver: ...It's FRIGHTENING What's HAPPENING! :https://rumble.com/v73c6ti-neil-oliver-...its-frightening-whats-happening.html?e9s=src_v1_ucp_a
2025-12-27_19:14: query_rumble:https://rumble.com/c/RealCandaceO?page=1
2025-12-27_19:14: Missionary Bush Pilot:I Found A Crashed Plane In The Swamp :https://youtube.com/watch?v=3btBIROQggo
2025-12-28_11:20: Danny Haiphong:Putin & China's Christmas Surprise BLINDSIDES Trump, Everything Just :https://youtube.com/watch?v=go_ZOBK8t50
2025-12-28_11:29: Danny Haiphong:Pepe Escobar: Trump HUMILIATED - Putin, China & Venezuela CRUSH His :https://youtube.com/watch?v=RjXk2b0annY
2025-12-28_11:30: Dialogue Works:Richard Wolff & Michael Hudson: The End Of Unipolarity? U.S. Force :https://youtube.com/watch?v=ho4GSaUimC8
2025-12-28_11:31: Dialogue Works:Alex Krainer: The West Is Breaking Itself :https://youtube.com/watch?v=NeYwDfI38Z0
2025-12-28_11:33: Rick Beato:Beatles Secrets That Dominic Miller Uncovered :https://youtube.com/watch?v=gJ5z-S4RSuo
2025-12-28_11:38: The Grayzone:It's A Big Club - The Grayzone :https://youtube.com/watch?v=42c2NP_1RNg
2025-12-28_11:43: query_rumble:https://rumble.com/c/glenndiesen?page=1
2025-12-28_11:44: Glenn Diesen:Daniel Klein: Adam Smith's Civilizationalist Conservative Liberal :https://rumble.com/v73is02-daniel-klein-adam-smiths-civilizationalist-conservative-liberal-universalis.html?e9s=src_v1_ucp_a
2025-12-28_11:45: query_rumble:https://rumble.com/c/ggreenwald?page=1
2025-12-28_11:45: query_rumble:https://rumble.com/c/goingunderground?page=1
2025-12-28_11:45: query_rumble:https://rumble.com/c/DeepFocuswithJohnKiriakou?page=1
2025-12-28_11:46: query_rumble:https://rumble.com/c/rtnews?page=1
2025-12-28_11:46: query_rumble:https://rumble.com/c/tuckercarlson?page=1
2025-12-28_18:31: query_rumble:https://rumble.com/c/alexchristoforou?page=1
2025-12-28_18:31: Alex Christoforou:Putin, Last Chance June 2024 TERMS. Buffer Zone Operation. Carney Gives :https://rumble.com/v73kha8-putin-last-chance-june-2024-terms.-buffer-zone-operation.-carney-gives-2.5b.html?e9s=src_v1_ucp_a
2025-12-29_09:18: Danny Haiphong:Putin's War BOMBSHELL Destroys Trump's Ukraine Plan : Larry Johnson & :https://youtube.com/watch?v=p-VF-MVS_Hc
2025-12-29_09:18: Dialogue Works:COL. Jacques Baud: Is The West Finally Waking Up? :https://youtube.com/watch?v=V0vDYf_YXmc
2025-12-29_09:19: Dialogue Works:COL. Larry Wilkerson: This Is The Playbook For Destroying The West :https://youtube.com/watch?v=zVF2tnlf3BY
2025-12-29_09:20: query_rumble:https://rumble.com/c/duedissidence/livestreams
2025-12-29_09:20: Due Dissidence:2025 IN REVIEW: Winners, Losers, DISSIDENTS Of The Year, PREDICTIONS :https://rumble.com/v73kqbe-2025-in-review-winners-losers-dissidents-of-the-year-predictions-for-2026.html?e9s=src_v1_ucp_l
2025-12-29_09:27: query_rumble:https://rumble.com/c/kimiversen?page=1
2025-12-29_09:28: Kim Iversen:Trump Wants To Give IMMUNITY To Pesticide Companies Giving US Cancer :https://rumble.com/v73hu68-trump-wants-to-give-immunity-to-pesticide-companies-giving-us-cancer.html?e9s=src_v1_ucp_a
2025-12-29_18:27: query_rumble:https://rumble.com/c/alexchristoforou?page=1
2025-12-29_18:28: Alex Christoforou:Bad Outcome For Zelensky. Trump; NO Ceasefire, Return To Alaska Deal. :https://rumble.com/v73m2pk-bad-outcome-for-zelensky.-trump-no-ceasefire-return-to-alaska-deal.-estonia.html?e9s=src_v1_ucp_a
2025-12-29_22:31: Danny Haiphong:Putin's Massive Kinzhal Strike BLOWS UP Trump Zelensky Farce, Russia :https://youtube.com/watch?v=kLczimneqPk
2025-12-29_22:33: Dialogue Works:Ray Mcgovern: Did Russia Have A Choice? :https://youtube.com/watch?v=w24parHs8_U
2025-12-29_22:35: Dialogue Works:COL. Jacques Baud: Is The West Finally Waking Up? :https://youtube.com/watch?v=V0vDYf_YXmc
2025-12-29_23:22: George Galloway:YEAR OF THE GUN # Trump and Zelensky # Myanmar poll # Old world over # MOATS LIV:https://rumble.com/v73k8w0-year-of-the-gun-trump-and-zelensky-myanmar-poll-old-world-over-moats-live.html?e9s=src_v1_ucp_l
2025-12-30_09:59: query_rumble:https://rumble.com/c/ggreenwald?page=1
2025-12-30_09:59: query_rumble:https://rumble.com/c/goingunderground?page=1
2025-12-30_09:59: Going UnderGround:Prof. John Mearsheimer Reviews 2025: Trump's Foreign Policy Failures, :https://rumble.com/v73l07m-prof.-john-mearsheimer-reviews-2025-trumps-foreign-policy-failures-ukraine-.html?e9s=src_v1_ucp_a
2025-12-30_10:00: query_rumble:https://rumble.com/c/kimiversen?page=1
2025-12-30_10:00: Kim Iversen:Jimmy Dore Was Right - They Tried To DESTROY Him :https://rumble.com/v73md6u-jimmy-dore-was-right-they-tried-to-destroy-him.html?e9s=src_v1_ucp_a
2025-12-30_10:03: query_rumble:https://rumble.com/c/rtnews?page=1
2025-12-30_10:03: RT News:Crosstalk Bullhorns: Stages Of Grief :https://rumble.com/v73leoi-crosstalk-bullhorns-stages-of-grief.html?e9s=src_v1_ucp_a
2025-12-30_10:04: Blan Colirio:NTSB Final Report N52156 Cessna Cardinal RG KGOO:https://youtube.com/watch?v=Jx7CcLnsYeM
2025-12-30_11:59: Judging Freedom:[Live Special] COL. Douglas Macgregor : 2025 Year End Review + 2026 :https://youtube.com/watch?v=nzuP4WC5tuc
2025-12-30_17:01: Judge Napolitano - Judging:[Live Special] COL. Douglas Macgregor : 2025 Year End Review + 2026 :https://youtube.com/watch?v=nzuP4WC5tuc
2025-12-30_23:42: Alex Christoforou:Russia claims drones target Putin home. Trump shocked. Zelensky needs US to win.:https://rumble.com/v73nipo-russia-claims-drones-target-putin-home.-trump-shocked.-zelensky-needs-us-to.html?e9s=src_v1_ucp_a
2025-12-31_09:43: Kim Iversen:A Woman Describes Seeing Her Child On A UFO During Encounter:https://rumble.com/v73nrkq-aliens-stole-her-baby-then-brought-him-back.html?e9s=src_v1_ucp_a
2025-12-31_09:46: Jimmy Dore:More CRAZY Financial Shenanigans Behind The Scenes At TPUSA!:https://rumble.com/v73nyoy-more-crazy-financial-shenanigans-behind-the-scenes-at-tpusa.html?e9s=src_v1_ucp_a
2025-12-31_09:46: Jimmy Dore:Tucker Calls For Americans To Unify Against The Oligarchy!:https://rumble.com/v73nyo0-tucker-calls-for-americans-to-unify-against-the-oligarchy.html?e9s=src_v1_ucp_a
2025-12-31_09:47: Jimmy Dore:Tucker CALLS OUT Fake Pastors For Supporting Israeli Genocide!:https://rumble.com/v73nymg-tucker-calls-out-fake-pastors-for-supporting-israeli-genocide.html?e9s=src_v1_ucp_a
2025-12-31_09:47: Jimmy Dore:Alex Jones TURNED Against Candace Owens By Laura Loomer!:https://rumble.com/v73n4kc-alex-jones-turned-against-candace-owens-by-laura-loomer.html?e9s=src_v1_ucp_a
2025-12-31_09:48: Jimmy Dore:Briahna Joy Gray SUSPENDED On Instagram For Criticizing Israel!:https://rumble.com/v73n4s0-briahna-joy-gray-suspended-on-instagram-for-criticizing-israel.html?e9s=src_v1_ucp_a
2025-12-31_09:48: Jimmy Dore:Candace Haters' EPIC SELF-OWN Over Ft. Huachuca Story!:https://rumble.com/v73n4n2-candace-haters-epic-self-own-over-ft.-huachuca-story.html?e9s=src_v1_ucp_a
2025-12-31_09:49: Jimmy Dore:Internet GOES NUTS Mocking "Grieving Widow" Erika Kirk:https://rumble.com/v73n4ps-internet-goes-nuts-mocking-grieving-widow-erika-kirk.html?e9s=src_v1_ucp_a
2025-12-31_09:49: Jimmy Dore:EXPOSED! Bounties Posted By Astroturf Influencer Campaigns Online!:https://rumble.com/v73nyl8-exposed-bounties-posted-by-astroturf-influencer-campaigns-online.html?e9s=src_v1_ucp_a
2025-12-31_09:49: Jimmy Dore:Trump Announces Attacks On Venezuelan Land!:https://rumble.com/v73n4eu-trump-announces-attacks-on-venezuelan-land.html?e9s=src_v1_ucp_a
2025-12-31_09:50: Jimmy Dore:Massive Astroturf Campaign To SHUT UP Candace Owens!:https://rumble.com/v73nypa-massive-astroturf-campaign-to-shut-up-candace-owens.html?e9s=src_v1_ucp_a
2025-12-31_11:26: Glenn Diesen:Seyed M. Marandi: Netanyahu in the U.S. to Sell War with Iran:https://rumble.com/v73n8rm-seyed-m.-marandi-netanyahu-in-the-u.s.-to-sell-war-with-iran.html?e9s=src_v1_ucp_a
2025-12-31_11:28: Glenn Diesen:Seyed M. Marandi: Netanyahu in the U.S. to Sell War with Iran:https://rumble.com/v73n8rm-seyed-m.-marandi-netanyahu-in-the-u.s.-to-sell-war-with-iran.html?e9s=src_v1_ucp_a
2025-12-31_11:31: Due Dissidence:Trump-Bibi LOVEFEST at Mar-a-Lago, Somali Fraud Story BREAKS INTERNET, Alex Jone:https://rumble.com/v73nh7c-trump-bibi-lovefest-at-mar-a-lago-somali-fraud-story-breaks-internet-alex-j.html?e9s=src_v1_ucp_l
2025-12-31_11:39: RT News:Crosstalk Bullhorns: Stormy 2025:https://rumble.com/v73on10-crosstalk-bullhorns-stormy-2025.html?e9s=src_v1_ucp_a
