#!/usr/bin/zsh
file /home/kmiller/.local/share/Enpass/icons/item/cc/discover.png
file /home/kmiller/.local/share/Enpass/icons/item/cc/visa.png
file /home/kmiller/.local/share/Enpass/icons/item/cc/discover@3x.png
file /home/kmiller/.local/share/Enpass/icons/item/cc/others@2x.png
file /home/kmiller/.local/share/Enpass/icons/item/cc/others.png
file /home/kmiller/.local/share/Enpass/icons/item/cc/visa@3x.png
file /home/kmiller/.local/share/Enpass/icons/item/cc/diners_club.png
file /home/kmiller/.local/share/Enpass/icons/item/cc/maestro@3x.png
file /home/kmiller/.local/share/Enpass/icons/item/cc/maestro@2x.png
file /home/kmiller/.local/share/Enpass/icons/item/cc/master@2x.png
file /home/kmiller/.local/share/Enpass/icons/item/cc/american_express@2x.png
file /home/kmiller/.local/share/Enpass/icons/item/cc/cirrus@3x.png
file /home/kmiller/.local/share/Enpass/icons/item/cc/cirrus@2x.png
file /home/kmiller/.local/share/Enpass/icons/item/cc/diners_club@3x.png
file /home/kmiller/.local/share/Enpass/icons/item/cc/american_express.png
file /home/kmiller/.local/share/Enpass/icons/item/cc/cirrus.png
file /home/kmiller/.local/share/Enpass/icons/item/cc/american_express@3x.png
file /home/kmiller/.local/share/Enpass/icons/item/cc/maestro@1x.png
file /home/kmiller/.local/share/Enpass/icons/item/cc/discover@2x.png
file /home/kmiller/.local/share/Enpass/icons/item/cc/diners_club@2x.png
file /home/kmiller/.local/share/Enpass/icons/item/cc/master.png
file /home/kmiller/.local/share/Enpass/icons/item/cc/visa@2x.png
file /home/kmiller/.local/share/Enpass/icons/item/cc/others@3x.png
file /home/kmiller/.local/share/Enpass/icons/item/cc/master@3x.png
file /home/kmiller/.local/share/Enpass/icons/item/web/weebly.com.png
file /home/kmiller/.local/share/Enpass/icons/item/web/taringa.net@3x.png
file /home/kmiller/.local/share/Enpass/icons/item/web/slickdeals.com@3x.png
file /home/kmiller/.local/share/Enpass/icons/item/web/basecamp.com.png
file /home/kmiller/.local/share/Enpass/icons/item/web/msn.com@2x.png
file /home/kmiller/.local/share/Enpass/icons/item/web/walmart.com.png
file /home/kmiller/.local/share/Enpass/icons/item/web/rakuten.co.jp@2x.png
file /home/kmiller/.local/share/Enpass/icons/item/web/foursquare.com.png
file /home/kmiller/.local/share/Enpass/icons/item/web/wellsfargo.com@3x.png
file /home/kmiller/.local/share/Enpass/icons/item/web/shutterstock.com@3x.png
file /home/kmiller/.local/share/Enpass/icons/item/web/oracle.com.png
file /home/kmiller/.local/share/Enpass/icons/item/web/elpais.com@2x.png
file /home/kmiller/.local/share/Enpass/icons/item/web/dell.com.png
file /home/kmiller/.local/share/Enpass/icons/item/web/amazonaws.com@3x.png
file /home/kmiller/.local/share/Enpass/icons/item/web/foxnews.com@3x.png
file /home/kmiller/.local/share/Enpass/icons/item/web/acronis.com@2x.png
file /home/kmiller/.local/share/Enpass/icons/item/web/mail.ru.png
file /home/kmiller/.local/share/Enpass/icons/item/web/zhihu.com@2x.png
file /home/kmiller/.local/share/Enpass/icons/item/web/soundcloud.com@2x.png
file /home/kmiller/.local/share/Enpass/icons/item/web/comcast.net@3x.png
file /home/kmiller/.local/share/Enpass/icons/item/web/coccoc.com@2x.png
file /home/kmiller/.local/share/Enpass/icons/item/web/web.de@2x.png
file /home/kmiller/.local/share/Enpass/icons/item/web/forbes.com@2x.png
file /home/kmiller/.local/share/Enpass/icons/item/web/softonic.com.png
file /home/kmiller/.local/share/Enpass/icons/item/web/aliexpress.com.png
file /home/kmiller/.local/share/Enpass/icons/item/web/zendesk.com@3x.png
file /home/kmiller/.local/share/Enpass/icons/item/web/youtube.com@3x.png
file /home/kmiller/.local/share/Enpass/icons/item/web/barclaycard.co.uk@2x.png
file /home/kmiller/.local/share/Enpass/icons/item/web/avast.com@3x.png
file /home/kmiller/.local/share/Enpass/icons/item/web/outbrain.com@3x.png
file /home/kmiller/.local/share/Enpass/icons/item/web/themeforest.net@2x.png
file /home/kmiller/.local/share/Enpass/icons/item/web/flipkart.com@2x.png
file /home/kmiller/.local/share/Enpass/icons/item/web/bet365.com@3x.png
file /home/kmiller/.local/share/Enpass/icons/item/web/sina.com.cn@3x.png
file /home/kmiller/.local/share/Enpass/icons/item/web/trello.com@2x.png
file /home/kmiller/.local/share/Enpass/icons/item/web/kakaku.com.png
file /home/kmiller/.local/share/Enpass/icons/item/web/github.com@3x.png
file /home/kmiller/.local/share/Enpass/icons/item/web/dell.com@2x.png
file /home/kmiller/.local/share/Enpass/icons/item/web/onedrive.live.com@2x.png
file /home/kmiller/.local/share/Enpass/icons/item/web/ups.com.png
file /home/kmiller/.local/share/Enpass/icons/item/web/washingtonpost.com.png
file /home/kmiller/.local/share/Enpass/icons/item/web/ameblo.jp.png
file /home/kmiller/.local/share/Enpass/icons/item/web/fedex.com.png
file /home/kmiller/.local/share/Enpass/icons/item/web/clipconverter.cc@3x.png
file /home/kmiller/.local/share/Enpass/icons/item/web/bilibili.com@3x.png
file /home/kmiller/.local/share/Enpass/icons/item/web/theladbible.com@2x.png
file /home/kmiller/.local/share/Enpass/icons/item/web/allegro.pl@3x.png
file /home/kmiller/.local/share/Enpass/icons/item/web/500px.com.png
file /home/kmiller/.local/share/Enpass/icons/item/web/vimeo.com@2x.png
file /home/kmiller/.local/share/Enpass/icons/item/web/twitter.com.png
file /home/kmiller/.local/share/Enpass/icons/item/web/angle.co@3x.png
file /home/kmiller/.local/share/Enpass/icons/item/web/bloomberg.com@2x.png
file /home/kmiller/.local/share/Enpass/icons/item/web/washingtonpost.com@3x.png
file /home/kmiller/.local/share/Enpass/icons/item/web/cnet.com@3x.png
file /home/kmiller/.local/share/Enpass/icons/item/web/alipay.com@3x.png
file /home/kmiller/.local/share/Enpass/icons/item/web/onet.pl@2x.png
file /home/kmiller/.local/share/Enpass/icons/item/web/ebay.com.png
file /home/kmiller/.local/share/Enpass/icons/item/web/ups.com@3x.png
file /home/kmiller/.local/share/Enpass/icons/item/web/irctc.co.in.png
file /home/kmiller/.local/share/Enpass/icons/item/web/elpais.com.png
file /home/kmiller/.local/share/Enpass/icons/item/web/disney.com@2x.png
file /home/kmiller/.local/share/Enpass/icons/item/web/oracle.com@3x.png
file /home/kmiller/.local/share/Enpass/icons/item/web/yts.ag.png
file /home/kmiller/.local/share/Enpass/icons/item/web/paypal.com@3x.png
file /home/kmiller/.local/share/Enpass/icons/item/web/office.com.png
file /home/kmiller/.local/share/Enpass/icons/item/web/directrev.com@2x.png
file /home/kmiller/.local/share/Enpass/icons/item/web/gizmodo.in@3x.png
file /home/kmiller/.local/share/Enpass/icons/item/web/ask.com@2x.png
file /home/kmiller/.local/share/Enpass/icons/item/web/9gag.com.png
file /home/kmiller/.local/share/Enpass/icons/item/web/mega.nz@3x.png
file /home/kmiller/.local/share/Enpass/icons/item/web/box.com.png
file /home/kmiller/.local/share/Enpass/icons/item/web/alfabank.com.png
file /home/kmiller/.local/share/Enpass/icons/item/web/evernote.com.png
file /home/kmiller/.local/share/Enpass/icons/item/web/bbc.com@3x.png
file /home/kmiller/.local/share/Enpass/icons/item/web/barclaycard.co.uk.png
file /home/kmiller/.local/share/Enpass/icons/item/web/wikihow.com.png
file /home/kmiller/.local/share/Enpass/icons/item/web/adobe.com.png
file /home/kmiller/.local/share/Enpass/icons/item/web/zendesk.com@2x.png
file /home/kmiller/.local/share/Enpass/icons/item/web/facebook.com@3x.png
file /home/kmiller/.local/share/Enpass/icons/item/web/pixnet.net.png
file /home/kmiller/.local/share/Enpass/icons/item/web/hdfcbank.com@3x.png
file /home/kmiller/.local/share/Enpass/icons/item/web/telegram.org.png
file /home/kmiller/.local/share/Enpass/icons/item/web/vice.com@3x.png
file /home/kmiller/.local/share/Enpass/icons/item/web/archive.org@2x.png
file /home/kmiller/.local/share/Enpass/icons/item/web/playstation.com.png
file /home/kmiller/.local/share/Enpass/icons/item/web/zhihu.com.png
file /home/kmiller/.local/share/Enpass/icons/item/web/medium.com@3x.png
file /home/kmiller/.local/share/Enpass/icons/item/web/apple.com.png
file /home/kmiller/.local/share/Enpass/icons/item/web/yandex.com@3x.png
file /home/kmiller/.local/share/Enpass/icons/item/web/blackberry.com@3x.png
file /home/kmiller/.local/share/Enpass/icons/item/web/ask.com@3x.png
file /home/kmiller/.local/share/Enpass/icons/item/web/todou.com.png
file /home/kmiller/.local/share/Enpass/icons/item/web/amazon.com.png
file /home/kmiller/.local/share/Enpass/icons/item/web/slashdot.org@2x.png
file /home/kmiller/.local/share/Enpass/icons/item/web/9gag.com@3x.png
file /home/kmiller/.local/share/Enpass/icons/item/web/imgur.com.png
file /home/kmiller/.local/share/Enpass/icons/item/web/envato.com.png
file /home/kmiller/.local/share/Enpass/icons/item/web/dictionary.com.png
file /home/kmiller/.local/share/Enpass/icons/item/web/kompass.com@2x.png
file /home/kmiller/.local/share/Enpass/icons/item/web/imdb.com.png
file /home/kmiller/.local/share/Enpass/icons/item/web/rt.com@3x.png
file /home/kmiller/.local/share/Enpass/icons/item/web/slashdot.org@3x.png
file /home/kmiller/.local/share/Enpass/icons/item/web/reddit.com@3x.png
file /home/kmiller/.local/share/Enpass/icons/item/web/disqus.com@3x.png
file /home/kmiller/.local/share/Enpass/icons/item/web/godaddy.com@3x.png
file /home/kmiller/.local/share/Enpass/icons/item/web/netflix.com.png
file /home/kmiller/.local/share/Enpass/icons/item/web/9gag.com@2x.png
file /home/kmiller/.local/share/Enpass/icons/item/web/kinopoisk.ru@3x.png
file /home/kmiller/.local/share/Enpass/icons/item/web/tianya.cn.png
file /home/kmiller/.local/share/Enpass/icons/item/web/disqus.com.png
file /home/kmiller/.local/share/Enpass/icons/item/web/bestbuy.com.png
file /home/kmiller/.local/share/Enpass/icons/item/web/onlinesbi.com.png
file /home/kmiller/.local/share/Enpass/icons/item/web/bitauto.com@3x.png
file /home/kmiller/.local/share/Enpass/icons/item/web/nytimes.com.png
file /home/kmiller/.local/share/Enpass/icons/item/web/directrev.com@3x.png
file /home/kmiller/.local/share/Enpass/icons/item/web/vimeo.com.png
file /home/kmiller/.local/share/Enpass/icons/item/web/flickr.com@2x.png
file /home/kmiller/.local/share/Enpass/icons/item/web/4shared.com.png
file /home/kmiller/.local/share/Enpass/icons/item/web/office.com@3x.png
file /home/kmiller/.local/share/Enpass/icons/item/web/basecamp.com@2x.png
file /home/kmiller/.local/share/Enpass/icons/item/web/hp.com.png
file /home/kmiller/.local/share/Enpass/icons/item/web/500px.com@3x.png
file /home/kmiller/.local/share/Enpass/icons/item/web/douban.com@3x.png
file /home/kmiller/.local/share/Enpass/icons/item/web/paypal.com.png
file /home/kmiller/.local/share/Enpass/icons/item/web/walmart.com@2x.png
file /home/kmiller/.local/share/Enpass/icons/item/web/gizmodo.in.png
file /home/kmiller/.local/share/Enpass/icons/item/web/onet.pl.png
file /home/kmiller/.local/share/Enpass/icons/item/web/indeed.com.png
file /home/kmiller/.local/share/Enpass/icons/item/web/bitauto.com@2x.png
file /home/kmiller/.local/share/Enpass/icons/item/web/asos.com@3x.png
file /home/kmiller/.local/share/Enpass/icons/item/web/authorize.net@2x.png
file /home/kmiller/.local/share/Enpass/icons/item/web/deviantart.com@2x.png
file /home/kmiller/.local/share/Enpass/icons/item/web/airbnb.com@3x.png
file /home/kmiller/.local/share/Enpass/icons/item/web/avito.ru.png
file /home/kmiller/.local/share/Enpass/icons/item/web/fedex.com@2x.png
file /home/kmiller/.local/share/Enpass/icons/item/web/badoo.com.png
file /home/kmiller/.local/share/Enpass/icons/item/web/abs-cbn.com@2x.png
file /home/kmiller/.local/share/Enpass/icons/item/web/zol.com.cn.png
file /home/kmiller/.local/share/Enpass/icons/item/web/twitter.com@2x.png
file /home/kmiller/.local/share/Enpass/icons/item/web/bilibili.com.png
file /home/kmiller/.local/share/Enpass/icons/item/web/twitch.tv@3x.png
file /home/kmiller/.local/share/Enpass/icons/item/web/kaskus.co.id@2x.png
file /home/kmiller/.local/share/Enpass/icons/item/web/adobe.com@2x.png
file /home/kmiller/.local/share/Enpass/icons/item/web/yahoo.com.png
file /home/kmiller/.local/share/Enpass/icons/item/web/avg.com.png
file /home/kmiller/.local/share/Enpass/icons/item/web/goo.ne.jp.png
file /home/kmiller/.local/share/Enpass/icons/item/web/alibaba.com@2x.png
file /home/kmiller/.local/share/Enpass/icons/item/web/dell.com@3x.png
file /home/kmiller/.local/share/Enpass/icons/item/web/qq.com@2x.png
file /home/kmiller/.local/share/Enpass/icons/item/web/att.com@3x.png
file /home/kmiller/.local/share/Enpass/icons/item/web/leboncoin.fr.png
file /home/kmiller/.local/share/Enpass/icons/item/web/freepik.com@3x.png
file /home/kmiller/.local/share/Enpass/icons/item/web/taobao.com@2x.png
file /home/kmiller/.local/share/Enpass/icons/item/web/shopify.com@3x.png
file /home/kmiller/.local/share/Enpass/icons/item/web/pandora.com.png
file /home/kmiller/.local/share/Enpass/icons/item/web/usatoday.com@3x.png
file /home/kmiller/.local/share/Enpass/icons/item/web/craigslist.org.png
file /home/kmiller/.local/share/Enpass/icons/item/web/dailymotion.com@2x.png
file /home/kmiller/.local/share/Enpass/icons/item/web/zendesk.com.png
file /home/kmiller/.local/share/Enpass/icons/item/web/msn.com@3x.png
file /home/kmiller/.local/share/Enpass/icons/item/web/weibo.com.png
file /home/kmiller/.local/share/Enpass/icons/item/web/vk.com@3x.png
file /home/kmiller/.local/share/Enpass/icons/item/web/capitalone.com.png
file /home/kmiller/.local/share/Enpass/icons/item/web/adac.de@3x.png
file /home/kmiller/.local/share/Enpass/icons/item/web/facebook.com.png
file /home/kmiller/.local/share/Enpass/icons/item/web/mercadolibre.com.ar@2x.png
file /home/kmiller/.local/share/Enpass/icons/item/web/mi.com@2x.png
file /home/kmiller/.local/share/Enpass/icons/item/web/dhl.com@2x.png
file /home/kmiller/.local/share/Enpass/icons/item/web/youdao.com@3x.png
file /home/kmiller/.local/share/Enpass/icons/item/web/engadget.com.png
file /home/kmiller/.local/share/Enpass/icons/item/web/buzzfeed.com.png
file /home/kmiller/.local/share/Enpass/icons/item/web/businessinsider.com@2x.png
file /home/kmiller/.local/share/Enpass/icons/item/web/t-online.de@3x.png
file /home/kmiller/.local/share/Enpass/icons/item/web/abebooks.com.png
file /home/kmiller/.local/share/Enpass/icons/item/web/bilibili.com@2x.png
file /home/kmiller/.local/share/Enpass/icons/item/web/outbrain.com@2x.png
file /home/kmiller/.local/share/Enpass/icons/item/web/baidu.com@3x.png
file /home/kmiller/.local/share/Enpass/icons/item/web/last.fm.png
file /home/kmiller/.local/share/Enpass/icons/item/web/kickstarter.com.png
file /home/kmiller/.local/share/Enpass/icons/item/web/doubleclickbygoogle.com.png
file /home/kmiller/.local/share/Enpass/icons/item/web/foursquare.com@3x.png
file /home/kmiller/.local/share/Enpass/icons/item/web/bing.com@3x.png
file /home/kmiller/.local/share/Enpass/icons/item/web/digg.com.png
file /home/kmiller/.local/share/Enpass/icons/item/web/asos.com.png
file /home/kmiller/.local/share/Enpass/icons/item/web/dropbox.com@3x.png
file /home/kmiller/.local/share/Enpass/icons/item/web/deviantart.com.png
file /home/kmiller/.local/share/Enpass/icons/item/web/taringa.net.png
file /home/kmiller/.local/share/Enpass/icons/item/web/slickdeals.com.png
file /home/kmiller/.local/share/Enpass/icons/item/web/clipconverter.cc.png
file /home/kmiller/.local/share/Enpass/icons/item/web/orange.com@2x.png
file /home/kmiller/.local/share/Enpass/icons/item/web/vine.co@3x.png
file /home/kmiller/.local/share/Enpass/icons/item/web/hao123.com@2x.png
file /home/kmiller/.local/share/Enpass/icons/item/web/zol.com.cn@2x.png
file /home/kmiller/.local/share/Enpass/icons/item/web/imdb.com@3x.png
file /home/kmiller/.local/share/Enpass/icons/item/web/avast.com.png
file /home/kmiller/.local/share/Enpass/icons/item/web/rdio_inc@3x.png
file /home/kmiller/.local/share/Enpass/icons/item/web/tianya.cn@2x.png
file /home/kmiller/.local/share/Enpass/icons/item/web/aol.com@2x.png
file /home/kmiller/.local/share/Enpass/icons/item/web/dailymail.co.uk@3x.png
file /home/kmiller/.local/share/Enpass/icons/item/web/spiegel.de@3x.png
file /home/kmiller/.local/share/Enpass/icons/item/web/att.com@2x.png
file /home/kmiller/.local/share/Enpass/icons/item/web/usatoday.com@2x.png
file /home/kmiller/.local/share/Enpass/icons/item/web/hulu.com@2x.png
file /home/kmiller/.local/share/Enpass/icons/item/web/zhihu.com@3x.png
file /home/kmiller/.local/share/Enpass/icons/item/web/buzzfeed.com@2x.png
file /home/kmiller/.local/share/Enpass/icons/item/web/onlinesbi.com@3x.png
file /home/kmiller/.local/share/Enpass/icons/item/web/spotify.com.png
file /home/kmiller/.local/share/Enpass/icons/item/web/nicovideo.jp@2x.png
file /home/kmiller/.local/share/Enpass/icons/item/web/history.com@2x.png
file /home/kmiller/.local/share/Enpass/icons/item/web/naver.com@3x.png
file /home/kmiller/.local/share/Enpass/icons/item/web/sohu.com@2x.png
file /home/kmiller/.local/share/Enpass/icons/item/web/live.com@3x.png
file /home/kmiller/.local/share/Enpass/icons/item/web/mozilla.org.png
file /home/kmiller/.local/share/Enpass/icons/item/web/dribble.com@3x.png
file /home/kmiller/.local/share/Enpass/icons/item/web/digg.com@3x.png
file /home/kmiller/.local/share/Enpass/icons/item/web/indeed.com@2x.png
file /home/kmiller/.local/share/Enpass/icons/item/web/backcountry.com@2x.png
file /home/kmiller/.local/share/Enpass/icons/item/web/alibaba.com@3x.png
file /home/kmiller/.local/share/Enpass/icons/item/web/dropbox.com@2x.png
file /home/kmiller/.local/share/Enpass/icons/item/web/elpais.com@3x.png
file /home/kmiller/.local/share/Enpass/icons/item/web/tokopedia.com@3x.png
file /home/kmiller/.local/share/Enpass/icons/item/web/bbc.com@2x.png
file /home/kmiller/.local/share/Enpass/icons/item/web/onedrive.live.com@3x.png
file /home/kmiller/.local/share/Enpass/icons/item/web/webmd.com@3x.png
file /home/kmiller/.local/share/Enpass/icons/item/web/ouo.io.png
file /home/kmiller/.local/share/Enpass/icons/item/web/slack.com@2x.png
file /home/kmiller/.local/share/Enpass/icons/item/web/messenger.com.png
file /home/kmiller/.local/share/Enpass/icons/item/web/outbrain.com.png
file /home/kmiller/.local/share/Enpass/icons/item/web/ebay.com@2x.png
file /home/kmiller/.local/share/Enpass/icons/item/web/citi.com@3x.png
file /home/kmiller/.local/share/Enpass/icons/item/web/nicovideo.jp.png
file /home/kmiller/.local/share/Enpass/icons/item/web/avito.ru@3x.png
file /home/kmiller/.local/share/Enpass/icons/item/web/adac.de.png
file /home/kmiller/.local/share/Enpass/icons/item/web/ycombinator.com.png
file /home/kmiller/.local/share/Enpass/icons/item/web/web.de.png
file /home/kmiller/.local/share/Enpass/icons/item/web/diply.com@2x.png
file /home/kmiller/.local/share/Enpass/icons/item/web/bankofamerica.com@2x.png
file /home/kmiller/.local/share/Enpass/icons/item/web/slideshare.net@2x.png
file /home/kmiller/.local/share/Enpass/icons/item/web/kickstarter.com@2x.png
file /home/kmiller/.local/share/Enpass/icons/item/web/udn.com@2x.png
file /home/kmiller/.local/share/Enpass/icons/item/web/messenger.com@3x.png
file /home/kmiller/.local/share/Enpass/icons/item/web/backcountry.com@3x.png
file /home/kmiller/.local/share/Enpass/icons/item/web/mercadolibre.com.ar.png
file /home/kmiller/.local/share/Enpass/icons/item/web/wix.com@3x.png
file /home/kmiller/.local/share/Enpass/icons/item/web/microsoft.com@3x.png
file /home/kmiller/.local/share/Enpass/icons/item/web/rediff.com@3x.png
file /home/kmiller/.local/share/Enpass/icons/item/web/orange.com@3x.png
file /home/kmiller/.local/share/Enpass/icons/item/web/bbc.com.png
file /home/kmiller/.local/share/Enpass/icons/item/web/flipkart.com@3x.png
file /home/kmiller/.local/share/Enpass/icons/item/web/onlinesbi.com@2x.png
file /home/kmiller/.local/share/Enpass/icons/item/web/mediafire.com@3x.png
file /home/kmiller/.local/share/Enpass/icons/item/web/wetransfer.com@2x.png
file /home/kmiller/.local/share/Enpass/icons/item/web/intuit.com@2x.png
file /home/kmiller/.local/share/Enpass/icons/item/web/ouo.io@3x.png
file /home/kmiller/.local/share/Enpass/icons/item/web/stack_overflow.com.png
file /home/kmiller/.local/share/Enpass/icons/item/web/lowes.com.png
file /home/kmiller/.local/share/Enpass/icons/item/web/quora.com@3x.png
file /home/kmiller/.local/share/Enpass/icons/item/web/amazon.com@3x.png
file /home/kmiller/.local/share/Enpass/icons/item/web/ycombinator.com@2x.png
file /home/kmiller/.local/share/Enpass/icons/item/web/thepiratebay.org@2x.png
file /home/kmiller/.local/share/Enpass/icons/item/web/enpass.io.png
file /home/kmiller/.local/share/Enpass/icons/item/web/drupal.org.png
file /home/kmiller/.local/share/Enpass/icons/item/web/openid.net@2x.png
file /home/kmiller/.local/share/Enpass/icons/item/web/backcountry.com.png
file /home/kmiller/.local/share/Enpass/icons/item/web/theladbible.com.png
file /home/kmiller/.local/share/Enpass/icons/item/web/buzzfeed.com@3x.png
file /home/kmiller/.local/share/Enpass/icons/item/web/apple.com@2x.png
file /home/kmiller/.local/share/Enpass/icons/item/web/enpass.io@3x.png
file /home/kmiller/.local/share/Enpass/icons/item/web/yelp.com.png
file /home/kmiller/.local/share/Enpass/icons/item/web/taringa.net@2x.png
file /home/kmiller/.local/share/Enpass/icons/item/web/abebooks.com@3x.png
file /home/kmiller/.local/share/Enpass/icons/item/web/feedly.com@2x.png
file /home/kmiller/.local/share/Enpass/icons/item/web/messenger.com@2x.png
file /home/kmiller/.local/share/Enpass/icons/item/web/weather.com@3x.png
file /home/kmiller/.local/share/Enpass/icons/item/web/alexa.com@2x.png
file /home/kmiller/.local/share/Enpass/icons/item/web/pinterest.com@3x.png
file /home/kmiller/.local/share/Enpass/icons/item/web/zillow.com@3x.png
file /home/kmiller/.local/share/Enpass/icons/item/web/jd.com.png
file /home/kmiller/.local/share/Enpass/icons/item/web/weibo.com@3x.png
file /home/kmiller/.local/share/Enpass/icons/item/web/steamcommunity.com.png
file /home/kmiller/.local/share/Enpass/icons/item/web/addthis.com.png
file /home/kmiller/.local/share/Enpass/icons/item/web/wikia.com@3x.png
file /home/kmiller/.local/share/Enpass/icons/item/web/ouo.io@2x.png
file /home/kmiller/.local/share/Enpass/icons/item/web/aarp.org@3x.png
file /home/kmiller/.local/share/Enpass/icons/item/web/dhl.com@3x.png
file /home/kmiller/.local/share/Enpass/icons/item/web/blogger.com.png
file /home/kmiller/.local/share/Enpass/icons/item/web/web.de@3x.png
file /home/kmiller/.local/share/Enpass/icons/item/web/atlassian.com@3x.png
file /home/kmiller/.local/share/Enpass/icons/item/web/craigslist.org@2x.png
file /home/kmiller/.local/share/Enpass/icons/item/web/taobao.com@3x.png
file /home/kmiller/.local/share/Enpass/icons/item/web/stack_overflow.com@3x.png
file /home/kmiller/.local/share/Enpass/icons/item/web/oracle.com@2x.png
file /home/kmiller/.local/share/Enpass/icons/item/web/medium.com.png
file /home/kmiller/.local/share/Enpass/icons/item/web/tumblr.com@2x.png
file /home/kmiller/.local/share/Enpass/icons/item/web/capitalone.com@2x.png
file /home/kmiller/.local/share/Enpass/icons/item/web/bing.com.png
file /home/kmiller/.local/share/Enpass/icons/item/web/directrev.com.png
file /home/kmiller/.local/share/Enpass/icons/item/web/hao123.com@3x.png
file /home/kmiller/.local/share/Enpass/icons/item/web/china.com@2x.png
file /home/kmiller/.local/share/Enpass/icons/item/web/dictionary.com@2x.png
file /home/kmiller/.local/share/Enpass/icons/item/web/1and1.com@2x.png
file /home/kmiller/.local/share/Enpass/icons/item/web/webmd.com.png
file /home/kmiller/.local/share/Enpass/icons/item/web/linkdin.com.png
file /home/kmiller/.local/share/Enpass/icons/item/web/onet.pl@3x.png
file /home/kmiller/.local/share/Enpass/icons/item/web/nih.gov@2x.png
file /home/kmiller/.local/share/Enpass/icons/item/web/aol.com@3x.png
file /home/kmiller/.local/share/Enpass/icons/item/web/sina.com.cn.png
file /home/kmiller/.local/share/Enpass/icons/item/web/academia.edu@2x.png
file /home/kmiller/.local/share/Enpass/icons/item/web/google.com.png
file /home/kmiller/.local/share/Enpass/icons/item/web/gmx.net@2x.png
file /home/kmiller/.local/share/Enpass/icons/item/web/doubleclickbygoogle.com@2x.png
file /home/kmiller/.local/share/Enpass/icons/item/web/bankofamerica.com@3x.png
file /home/kmiller/.local/share/Enpass/icons/item/web/blackberry.com.png
file /home/kmiller/.local/share/Enpass/icons/item/web/freepik.com@2x.png
file /home/kmiller/.local/share/Enpass/icons/item/web/ok.ru@3x.png
file /home/kmiller/.local/share/Enpass/icons/item/web/slideshare.net@3x.png
file /home/kmiller/.local/share/Enpass/icons/item/web/livedoor.com@2x.png
file /home/kmiller/.local/share/Enpass/icons/item/web/disney.com@3x.png
file /home/kmiller/.local/share/Enpass/icons/item/web/kaskus.co.id.png
file /home/kmiller/.local/share/Enpass/icons/item/web/daum.net@2x.png
file /home/kmiller/.local/share/Enpass/icons/item/web/baidu.com@2x.png
file /home/kmiller/.local/share/Enpass/icons/item/web/zoho.com.png
file /home/kmiller/.local/share/Enpass/icons/item/web/pixnet.net@2x.png
file /home/kmiller/.local/share/Enpass/icons/item/web/ups.com@2x.png
file /home/kmiller/.local/share/Enpass/icons/item/web/twitch.tv.png
file /home/kmiller/.local/share/Enpass/icons/item/web/mail.ru@2x.png
file /home/kmiller/.local/share/Enpass/icons/item/web/pixiv.net@3x.png
file /home/kmiller/.local/share/Enpass/icons/item/web/soso.com@2x.png
file /home/kmiller/.local/share/Enpass/icons/item/web/last.fm@3x.png
file /home/kmiller/.local/share/Enpass/icons/item/web/qq.com@3x.png
file /home/kmiller/.local/share/Enpass/icons/item/web/onedrive.live.com.png
file /home/kmiller/.local/share/Enpass/icons/item/web/google.com@3x.png
file /home/kmiller/.local/share/Enpass/icons/item/web/abs-cbn.com@3x.png
file /home/kmiller/.local/share/Enpass/icons/item/web/versionwireless.com@3x.png
file /home/kmiller/.local/share/Enpass/icons/item/web/dribble.com@2x.png
file /home/kmiller/.local/share/Enpass/icons/item/web/about.com.png
file /home/kmiller/.local/share/Enpass/icons/item/web/ycombinator.com@3x.png
file /home/kmiller/.local/share/Enpass/icons/item/web/soundcloud.com@3x.png
file /home/kmiller/.local/share/Enpass/icons/item/web/engadget.com@3x.png
file /home/kmiller/.local/share/Enpass/icons/item/web/china.com.png
file /home/kmiller/.local/share/Enpass/icons/item/web/acronis.com.png
file /home/kmiller/.local/share/Enpass/icons/item/web/aliexpress.com@3x.png
file /home/kmiller/.local/share/Enpass/icons/item/web/flipkart.com.png
file /home/kmiller/.local/share/Enpass/icons/item/web/telegraph.co.uk.png
file /home/kmiller/.local/share/Enpass/icons/item/web/reddit.com.png
file /home/kmiller/.local/share/Enpass/icons/item/web/marca.com.png
file /home/kmiller/.local/share/Enpass/icons/item/web/nytimes.com@2x.png
file /home/kmiller/.local/share/Enpass/icons/item/web/marca.com@2x.png
file /home/kmiller/.local/share/Enpass/icons/item/web/twitter.com@3x.png
file /home/kmiller/.local/share/Enpass/icons/item/web/doubleclickbygoogle.com@3x.png
file /home/kmiller/.local/share/Enpass/icons/item/web/salesforce.com@3x.png
file /home/kmiller/.local/share/Enpass/icons/item/web/kinopoisk.ru.png
file /home/kmiller/.local/share/Enpass/icons/item/web/clipconverter.cc@2x.png
file /home/kmiller/.local/share/Enpass/icons/item/web/goodreads.com@2x.png
file /home/kmiller/.local/share/Enpass/icons/item/web/instagram.com.png
file /home/kmiller/.local/share/Enpass/icons/item/web/nicovideo.jp@3x.png
file /home/kmiller/.local/share/Enpass/icons/item/web/zillow.com.png
file /home/kmiller/.local/share/Enpass/icons/item/web/kompass.com@3x.png
file /home/kmiller/.local/share/Enpass/icons/item/web/gmx.net.png
file /home/kmiller/.local/share/Enpass/icons/item/web/myspace.com.png
file /home/kmiller/.local/share/Enpass/icons/item/web/samsung.com.png
file /home/kmiller/.local/share/Enpass/icons/item/web/windows.com@3x.png
file /home/kmiller/.local/share/Enpass/icons/item/web/diply.com@3x.png
file /home/kmiller/.local/share/Enpass/icons/item/web/shutterstock.com@2x.png
file /home/kmiller/.local/share/Enpass/icons/item/web/vine.co.png
file /home/kmiller/.local/share/Enpass/icons/item/web/taboola.com@3x.png
file /home/kmiller/.local/share/Enpass/icons/item/web/tumblr.com.png
file /home/kmiller/.local/share/Enpass/icons/item/web/vice.com.png
file /home/kmiller/.local/share/Enpass/icons/item/web/naver.com.png
file /home/kmiller/.local/share/Enpass/icons/item/web/trello.com.png
file /home/kmiller/.local/share/Enpass/icons/item/web/slack.com@3x.png
file /home/kmiller/.local/share/Enpass/icons/item/web/versionwireless.com@2x.png
file /home/kmiller/.local/share/Enpass/icons/item/web/wsj.com.png
file /home/kmiller/.local/share/Enpass/icons/item/web/soundcloud.com.png
file /home/kmiller/.local/share/Enpass/icons/item/web/dictionary.com@3x.png
file /home/kmiller/.local/share/Enpass/icons/item/web/slideshare.net.png
file /home/kmiller/.local/share/Enpass/icons/item/web/vice.com@2x.png
file /home/kmiller/.local/share/Enpass/icons/item/web/google.com@2x.png
file /home/kmiller/.local/share/Enpass/icons/item/web/lowes.com@3x.png
file /home/kmiller/.local/share/Enpass/icons/item/web/youdao.com.png
file /home/kmiller/.local/share/Enpass/icons/item/web/businessinsider.com.png
file /home/kmiller/.local/share/Enpass/icons/item/web/baidu.com.png
file /home/kmiller/.local/share/Enpass/icons/item/web/adac.de@2x.png
file /home/kmiller/.local/share/Enpass/icons/item/web/goal.com.png
file /home/kmiller/.local/share/Enpass/icons/item/web/kaskus.co.id@3x.png
file /home/kmiller/.local/share/Enpass/icons/item/web/envato.com@3x.png
file /home/kmiller/.local/share/Enpass/icons/item/web/thehomedepot.com.png
file /home/kmiller/.local/share/Enpass/icons/item/web/comcast.net@2x.png
file /home/kmiller/.local/share/Enpass/icons/item/web/zol.com.cn@3x.png
file /home/kmiller/.local/share/Enpass/icons/item/web/myspace.com@3x.png
file /home/kmiller/.local/share/Enpass/icons/item/web/sohu.com.png
file /home/kmiller/.local/share/Enpass/icons/item/web/foxnews.com@2x.png
file /home/kmiller/.local/share/Enpass/icons/item/web/drupal.org@3x.png
file /home/kmiller/.local/share/Enpass/icons/item/web/mi.com@3x.png
file /home/kmiller/.local/share/Enpass/icons/item/web/daum.net.png
file /home/kmiller/.local/share/Enpass/icons/item/web/livedoor.com@3x.png
file /home/kmiller/.local/share/Enpass/icons/item/web/ameblo.jp@2x.png
file /home/kmiller/.local/share/Enpass/icons/item/web/envato.com@2x.png
file /home/kmiller/.local/share/Enpass/icons/item/web/reddit.com@2x.png
file /home/kmiller/.local/share/Enpass/icons/item/web/ameblo.jp@3x.png
file /home/kmiller/.local/share/Enpass/icons/item/web/avg.com@2x.png
file /home/kmiller/.local/share/Enpass/icons/item/web/uol.com.br@3x.png
file /home/kmiller/.local/share/Enpass/icons/item/web/rt.com@2x.png
file /home/kmiller/.local/share/Enpass/icons/item/web/blastingnews.com.png
file /home/kmiller/.local/share/Enpass/icons/item/web/engadget.com@2x.png
file /home/kmiller/.local/share/Enpass/icons/item/web/youku.com@3x.png
file /home/kmiller/.local/share/Enpass/icons/item/web/telegram.org@2x.png
file /home/kmiller/.local/share/Enpass/icons/item/web/tripadvisor.com.png
file /home/kmiller/.local/share/Enpass/icons/item/web/linkdin.com@3x.png
file /home/kmiller/.local/share/Enpass/icons/item/web/vk.com@2x.png
file /home/kmiller/.local/share/Enpass/icons/item/web/alfabank.com@3x.png
file /home/kmiller/.local/share/Enpass/icons/item/web/google_drive@3x.png
file /home/kmiller/.local/share/Enpass/icons/item/web/hdfcbank.com@2x.png
file /home/kmiller/.local/share/Enpass/icons/item/web/weather.com.png
file /home/kmiller/.local/share/Enpass/icons/item/web/bankofamerica.com.png
file /home/kmiller/.local/share/Enpass/icons/item/web/bing.com@2x.png
file /home/kmiller/.local/share/Enpass/icons/item/web/enpass.io@2x.png
file /home/kmiller/.local/share/Enpass/icons/item/web/last.fm@2x.png
file /home/kmiller/.local/share/Enpass/icons/item/web/paytm.com@2x.png
file /home/kmiller/.local/share/Enpass/icons/item/web/mega.nz@2x.png
file /home/kmiller/.local/share/Enpass/icons/item/web/live.com@2x.png
file /home/kmiller/.local/share/Enpass/icons/item/web/infusionsoft.com.png
file /home/kmiller/.local/share/Enpass/icons/item/web/flickr.com@3x.png
file /home/kmiller/.local/share/Enpass/icons/item/web/xing.com@3x.png
file /home/kmiller/.local/share/Enpass/icons/item/web/vine.co@2x.png
file /home/kmiller/.local/share/Enpass/icons/item/web/basecamp.com@3x.png
file /home/kmiller/.local/share/Enpass/icons/item/web/kakaku.com@2x.png
file /home/kmiller/.local/share/Enpass/icons/item/web/asos.com@2x.png
file /home/kmiller/.local/share/Enpass/icons/item/web/box.com@2x.png
file /home/kmiller/.local/share/Enpass/icons/item/web/salesforce.com@2x.png
file /home/kmiller/.local/share/Enpass/icons/item/web/rt.com.png
file /home/kmiller/.local/share/Enpass/icons/item/web/angle.co@2x.png
file /home/kmiller/.local/share/Enpass/icons/item/web/paytm.com@3x.png
file /home/kmiller/.local/share/Enpass/icons/item/web/chinadaily.com.cn.png
file /home/kmiller/.local/share/Enpass/icons/item/web/yandex.com.png
file /home/kmiller/.local/share/Enpass/icons/item/web/addthis.com@2x.png
file /home/kmiller/.local/share/Enpass/icons/item/web/tokopedia.com.png
file /home/kmiller/.local/share/Enpass/icons/item/web/slack.com.png
file /home/kmiller/.local/share/Enpass/icons/item/web/huffingstonpost.com@3x.png
file /home/kmiller/.local/share/Enpass/icons/item/web/douban.com.png
file /home/kmiller/.local/share/Enpass/icons/item/web/dmm.com@3x.png
file /home/kmiller/.local/share/Enpass/icons/item/web/udn.com.png
file /home/kmiller/.local/share/Enpass/icons/item/web/foxnews.com.png
file /home/kmiller/.local/share/Enpass/icons/item/web/irctc.co.in@3x.png
file /home/kmiller/.local/share/Enpass/icons/item/web/aarp.org@2x.png
file /home/kmiller/.local/share/Enpass/icons/item/web/wikihow.com@2x.png
file /home/kmiller/.local/share/Enpass/icons/item/web/wellsfargo.com.png
file /home/kmiller/.local/share/Enpass/icons/item/web/tripadvisor.com@3x.png
file /home/kmiller/.local/share/Enpass/icons/item/web/authorize.net@3x.png
file /home/kmiller/.local/share/Enpass/icons/item/web/huffingstonpost.com@2x.png
file /home/kmiller/.local/share/Enpass/icons/item/web/windows.com@2x.png
file /home/kmiller/.local/share/Enpass/icons/item/web/drupal.org@2x.png
file /home/kmiller/.local/share/Enpass/icons/item/web/theguardian.com@2x.png
file /home/kmiller/.local/share/Enpass/icons/item/web/soso.com@3x.png
file /home/kmiller/.local/share/Enpass/icons/item/web/aliexpress.com@2x.png
file /home/kmiller/.local/share/Enpass/icons/item/web/rakuten.co.jp.png
file /home/kmiller/.local/share/Enpass/icons/item/web/businessinsider.com@3x.png
file /home/kmiller/.local/share/Enpass/icons/item/web/zoho.com@2x.png
file /home/kmiller/.local/share/Enpass/icons/item/web/flickr.com.png
file /home/kmiller/.local/share/Enpass/icons/item/web/fc2.com.png
file /home/kmiller/.local/share/Enpass/icons/item/web/thepiratebay.org@3x.png
file /home/kmiller/.local/share/Enpass/icons/item/web/about.com@2x.png
file /home/kmiller/.local/share/Enpass/icons/item/web/avast.com@2x.png
file /home/kmiller/.local/share/Enpass/icons/item/web/allstate.com@2x.png
file /home/kmiller/.local/share/Enpass/icons/item/web/digikala.com.png
file /home/kmiller/.local/share/Enpass/icons/item/web/kompass.com.png
file /home/kmiller/.local/share/Enpass/icons/item/web/freepik.com.png
file /home/kmiller/.local/share/Enpass/icons/item/web/digikala.com@2x.png
file /home/kmiller/.local/share/Enpass/icons/item/web/seznam.cz.png
file /home/kmiller/.local/share/Enpass/icons/item/web/google_drive@2x.png
file /home/kmiller/.local/share/Enpass/icons/item/web/disney.com.png
file /home/kmiller/.local/share/Enpass/icons/item/web/slashdot.org.png
file /home/kmiller/.local/share/Enpass/icons/item/web/bloomberg.com@3x.png
file /home/kmiller/.local/share/Enpass/icons/item/web/icloud.com@2x.png
file /home/kmiller/.local/share/Enpass/icons/item/web/godaddy.com.png
file /home/kmiller/.local/share/Enpass/icons/item/web/leboncoin.fr@2x.png
file /home/kmiller/.local/share/Enpass/icons/item/web/digg.com@2x.png
file /home/kmiller/.local/share/Enpass/icons/item/web/intuit.com.png
file /home/kmiller/.local/share/Enpass/icons/item/web/yandex.com@2x.png
file /home/kmiller/.local/share/Enpass/icons/item/web/alexa.com.png
file /home/kmiller/.local/share/Enpass/icons/item/web/icloud.com.png
file /home/kmiller/.local/share/Enpass/icons/item/web/intuit.com@3x.png
file /home/kmiller/.local/share/Enpass/icons/item/web/bestbuy.com@2x.png
file /home/kmiller/.local/share/Enpass/icons/item/web/github.com@2x.png
file /home/kmiller/.local/share/Enpass/icons/item/web/tmall.com@2x.png
file /home/kmiller/.local/share/Enpass/icons/item/web/yahoo.com@3x.png
file /home/kmiller/.local/share/Enpass/icons/item/web/apple.com@3x.png
file /home/kmiller/.local/share/Enpass/icons/item/web/wikipedia.org.png
file /home/kmiller/.local/share/Enpass/icons/item/web/samsung.com@3x.png
file /home/kmiller/.local/share/Enpass/icons/item/web/hurriyet.com.tr@2x.png
file /home/kmiller/.local/share/Enpass/icons/item/web/weebly.com@2x.png
file /home/kmiller/.local/share/Enpass/icons/item/web/mailchimp.com@2x.png
file /home/kmiller/.local/share/Enpass/icons/item/web/accuweather.com.png
file /home/kmiller/.local/share/Enpass/icons/item/web/todou.com@2x.png
file /home/kmiller/.local/share/Enpass/icons/item/web/abebooks.com@2x.png
file /home/kmiller/.local/share/Enpass/icons/item/web/sberbank.ru.png
file /home/kmiller/.local/share/Enpass/icons/item/web/china.com@3x.png
file /home/kmiller/.local/share/Enpass/icons/item/web/yesky.com@2x.png
file /home/kmiller/.local/share/Enpass/icons/item/web/yahoo.co.jp.png
file /home/kmiller/.local/share/Enpass/icons/item/web/evernote.com@2x.png
file /home/kmiller/.local/share/Enpass/icons/item/web/bitauto.com.png
file /home/kmiller/.local/share/Enpass/icons/item/web/globo.com@3x.png
file /home/kmiller/.local/share/Enpass/icons/item/web/rdio_inc.png
file /home/kmiller/.local/share/Enpass/icons/item/web/tumblr.com@3x.png
file /home/kmiller/.local/share/Enpass/icons/item/web/booking.com@2x.png
file /home/kmiller/.local/share/Enpass/icons/item/web/gizmodo.in@2x.png
file /home/kmiller/.local/share/Enpass/icons/item/web/jd.com@3x.png
file /home/kmiller/.local/share/Enpass/icons/item/web/google_drive.png
file /home/kmiller/.local/share/Enpass/icons/item/web/cnet.com@2x.png
file /home/kmiller/.local/share/Enpass/icons/item/web/instagram.com@3x.png
file /home/kmiller/.local/share/Enpass/icons/item/web/academia.edu@3x.png
file /home/kmiller/.local/share/Enpass/icons/item/web/etsy.com@2x.png
file /home/kmiller/.local/share/Enpass/icons/item/web/history.com.png
file /home/kmiller/.local/share/Enpass/icons/item/web/arto.dk@3x.png
file /home/kmiller/.local/share/Enpass/icons/item/web/academia.edu.png
file /home/kmiller/.local/share/Enpass/icons/item/web/dailymail.co.uk@2x.png
file /home/kmiller/.local/share/Enpass/icons/item/web/huffingstonpost.com.png
file /home/kmiller/.local/share/Enpass/icons/item/web/alexa.com@3x.png
file /home/kmiller/.local/share/Enpass/icons/item/web/etsy.com@3x.png
file /home/kmiller/.local/share/Enpass/icons/item/web/aim.com@2x.png
file /home/kmiller/.local/share/Enpass/icons/item/web/indeed.com@3x.png
file /home/kmiller/.local/share/Enpass/icons/item/web/1and1.com@3x.png
file /home/kmiller/.local/share/Enpass/icons/item/web/themeforest.net.png
file /home/kmiller/.local/share/Enpass/icons/item/web/washingtonpost.com@2x.png
file /home/kmiller/.local/share/Enpass/icons/item/web/theguardian.com@3x.png
file /home/kmiller/.local/share/Enpass/icons/item/web/naver.com@2x.png
file /home/kmiller/.local/share/Enpass/icons/item/web/steamcommunity.com@3x.png
file /home/kmiller/.local/share/Enpass/icons/item/web/goo.ne.jp@3x.png
file /home/kmiller/.local/share/Enpass/icons/item/web/ebay.com@3x.png
file /home/kmiller/.local/share/Enpass/icons/item/web/espn.go.com.png
file /home/kmiller/.local/share/Enpass/icons/item/web/cnet.com.png
file /home/kmiller/.local/share/Enpass/icons/item/web/telegraph.co.uk@2x.png
file /home/kmiller/.local/share/Enpass/icons/item/web/ndtv.com@2x.png
file /home/kmiller/.local/share/Enpass/icons/item/web/tripadvisor.com@2x.png
file /home/kmiller/.local/share/Enpass/icons/item/web/ndtv.com.png
file /home/kmiller/.local/share/Enpass/icons/item/web/alfabank.com@2x.png
file /home/kmiller/.local/share/Enpass/icons/item/web/jd.com@2x.png
file /home/kmiller/.local/share/Enpass/icons/item/web/uptodown.com.png
file /home/kmiller/.local/share/Enpass/icons/item/web/alibaba.com.png
file /home/kmiller/.local/share/Enpass/icons/item/web/about.com@3x.png
file /home/kmiller/.local/share/Enpass/icons/item/web/yelp.com@3x.png
file /home/kmiller/.local/share/Enpass/icons/item/web/foursquare.com@2x.png
file /home/kmiller/.local/share/Enpass/icons/item/web/behance.net.png
file /home/kmiller/.local/share/Enpass/icons/item/web/badoo.com@2x.png
file /home/kmiller/.local/share/Enpass/icons/item/web/pinterest.com@2x.png
file /home/kmiller/.local/share/Enpass/icons/item/web/hulu.com.png
file /home/kmiller/.local/share/Enpass/icons/item/web/authorize.net.png
file /home/kmiller/.local/share/Enpass/icons/item/web/zoho.com@3x.png
file /home/kmiller/.local/share/Enpass/icons/item/web/stack_overflow.com@2x.png
file /home/kmiller/.local/share/Enpass/icons/item/web/dhl.com.png
file /home/kmiller/.local/share/Enpass/icons/item/web/softonic.com@3x.png
file /home/kmiller/.local/share/Enpass/icons/item/web/wix.com.png
file /home/kmiller/.local/share/Enpass/icons/item/web/att.com.png
file /home/kmiller/.local/share/Enpass/icons/item/web/ndtv.com@3x.png
file /home/kmiller/.local/share/Enpass/icons/item/web/nih.gov.png
file /home/kmiller/.local/share/Enpass/icons/item/web/godaddy.com@2x.png
file /home/kmiller/.local/share/Enpass/icons/item/web/tianya.cn@3x.png
file /home/kmiller/.local/share/Enpass/icons/item/web/coccoc.com@3x.png
file /home/kmiller/.local/share/Enpass/icons/item/web/dribble.com.png
file /home/kmiller/.local/share/Enpass/icons/item/web/allstate.com.png
file /home/kmiller/.local/share/Enpass/icons/item/web/yahoo.com@2x.png
file /home/kmiller/.local/share/Enpass/icons/item/web/mlb.com@2x.png
file /home/kmiller/.local/share/Enpass/icons/item/web/hdfcbank.com.png
file /home/kmiller/.local/share/Enpass/icons/item/web/spotify.com@2x.png
file /home/kmiller/.local/share/Enpass/icons/item/web/nytimes.com@3x.png
file /home/kmiller/.local/share/Enpass/icons/item/web/deviantart.com@3x.png
file /home/kmiller/.local/share/Enpass/icons/item/web/mozilla.org@3x.png
file /home/kmiller/.local/share/Enpass/icons/item/web/netflix.com@3x.png
file /home/kmiller/.local/share/Enpass/icons/item/web/ign.com@3x.png
file /home/kmiller/.local/share/Enpass/icons/item/web/shopify.com.png
file /home/kmiller/.local/share/Enpass/icons/item/web/barclaycard.co.uk@3x.png
file /home/kmiller/.local/share/Enpass/icons/item/web/wsj.com@3x.png
file /home/kmiller/.local/share/Enpass/icons/item/web/wikimedia.org.png
file /home/kmiller/.local/share/Enpass/icons/item/web/lowes.com@2x.png
file /home/kmiller/.local/share/Enpass/icons/item/web/sahibinden.com.png
file /home/kmiller/.local/share/Enpass/icons/item/web/bloomberg.com.png
file /home/kmiller/.local/share/Enpass/icons/item/web/uol.com.br@2x.png
file /home/kmiller/.local/share/Enpass/icons/item/web/espn.go.com@2x.png
file /home/kmiller/.local/share/Enpass/icons/item/web/rdio_inc@2x.png
file /home/kmiller/.local/share/Enpass/icons/item/web/sberbank.ru@3x.png
file /home/kmiller/.local/share/Enpass/icons/item/web/spiegel.de.png
file /home/kmiller/.local/share/Enpass/icons/item/web/youtube.com.png
file /home/kmiller/.local/share/Enpass/icons/item/web/yts.ag@2x.png
file /home/kmiller/.local/share/Enpass/icons/item/web/openid.net@3x.png
file /home/kmiller/.local/share/Enpass/icons/item/web/daum.net@3x.png
file /home/kmiller/.local/share/Enpass/icons/item/web/yts.ag@3x.png
file /home/kmiller/.local/share/Enpass/icons/item/web/adobe.com@3x.png
file /home/kmiller/.local/share/Enpass/icons/item/web/blastingnews.com@3x.png
file /home/kmiller/.local/share/Enpass/icons/item/web/target.com@2x.png
file /home/kmiller/.local/share/Enpass/icons/item/web/arto.dk.png
file /home/kmiller/.local/share/Enpass/icons/item/web/amazonaws.com.png
file /home/kmiller/.local/share/Enpass/icons/item/web/kickstarter.com@3x.png
file /home/kmiller/.local/share/Enpass/icons/item/web/udn.com@3x.png
file /home/kmiller/.local/share/Enpass/icons/item/web/dailymotion.com@3x.png
file /home/kmiller/.local/share/Enpass/icons/item/web/ign.com@2x.png
file /home/kmiller/.local/share/Enpass/icons/item/web/dmm.com@2x.png
file /home/kmiller/.local/share/Enpass/icons/item/web/wikia.com@2x.png
file /home/kmiller/.local/share/Enpass/icons/item/web/skype.com.png
file /home/kmiller/.local/share/Enpass/icons/item/web/avg.com@3x.png
file /home/kmiller/.local/share/Enpass/icons/item/web/weebly.com@3x.png
file /home/kmiller/.local/share/Enpass/icons/item/web/mercadolibre.com.ar@3x.png
file /home/kmiller/.local/share/Enpass/icons/item/web/seznam.cz@3x.png
file /home/kmiller/.local/share/Enpass/icons/item/web/bestbuy.com@3x.png
file /home/kmiller/.local/share/Enpass/icons/item/web/quora.com.png
file /home/kmiller/.local/share/Enpass/icons/item/web/arto.dk@2x.png
file /home/kmiller/.local/share/Enpass/icons/item/web/openid.net.png
file /home/kmiller/.local/share/Enpass/icons/item/web/blogger.com@2x.png
file /home/kmiller/.local/share/Enpass/icons/item/web/angle.co.png
file /home/kmiller/.local/share/Enpass/icons/item/web/forbes.com.png
file /home/kmiller/.local/share/Enpass/icons/item/web/ok.ru.png
file /home/kmiller/.local/share/Enpass/icons/item/web/dailymotion.com.png
file /home/kmiller/.local/share/Enpass/icons/item/web/mi.com.png
file /home/kmiller/.local/share/Enpass/icons/item/web/rakuten.co.jp@3x.png
file /home/kmiller/.local/share/Enpass/icons/item/web/amazon.com@2x.png
file /home/kmiller/.local/share/Enpass/icons/item/web/orange.com.png
file /home/kmiller/.local/share/Enpass/icons/item/web/cctv.cn.png
file /home/kmiller/.local/share/Enpass/icons/item/web/youku.com.png
file /home/kmiller/.local/share/Enpass/icons/item/web/soso.com.png
file /home/kmiller/.local/share/Enpass/icons/item/web/behance.net@2x.png
file /home/kmiller/.local/share/Enpass/icons/item/web/goal.com@2x.png
file /home/kmiller/.local/share/Enpass/icons/item/web/chase.com@2x.png
file /home/kmiller/.local/share/Enpass/icons/item/web/goal.com@3x.png
file /home/kmiller/.local/share/Enpass/icons/item/web/hp.com@2x.png
file /home/kmiller/.local/share/Enpass/icons/item/web/spiegel.de@2x.png
file /home/kmiller/.local/share/Enpass/icons/item/web/citi.com@2x.png
file /home/kmiller/.local/share/Enpass/icons/item/web/sahibinden.com@3x.png
file /home/kmiller/.local/share/Enpass/icons/item/web/mailchimp.com@3x.png
file /home/kmiller/.local/share/Enpass/icons/item/web/chinadaily.com.cn@3x.png
file /home/kmiller/.local/share/Enpass/icons/item/web/spotify.com@3x.png
file /home/kmiller/.local/share/Enpass/icons/item/web/twitch.tv@2x.png
file /home/kmiller/.local/share/Enpass/icons/item/web/yahoo.co.jp@2x.png
file /home/kmiller/.local/share/Enpass/icons/item/web/cctv.cn@3x.png
file /home/kmiller/.local/share/Enpass/icons/item/web/leboncoin.fr@3x.png
file /home/kmiller/.local/share/Enpass/icons/item/web/alipay.com.png
file /home/kmiller/.local/share/Enpass/icons/item/web/pixnet.net@3x.png
file /home/kmiller/.local/share/Enpass/icons/item/web/acronis.com@3x.png
file /home/kmiller/.local/share/Enpass/icons/item/web/4shared.com@2x.png
file /home/kmiller/.local/share/Enpass/icons/item/web/imgur.com@2x.png
file /home/kmiller/.local/share/Enpass/icons/item/web/ok.ru@2x.png
file /home/kmiller/.local/share/Enpass/icons/item/web/abs-cbn.com.png
file /home/kmiller/.local/share/Enpass/icons/item/web/wix.com@2x.png
file /home/kmiller/.local/share/Enpass/icons/item/web/icloud.com@3x.png
file /home/kmiller/.local/share/Enpass/icons/item/web/theguardian.com.png
file /home/kmiller/.local/share/Enpass/icons/item/web/salesforce.com.png
file /home/kmiller/.local/share/Enpass/icons/item/web/themeforest.net@3x.png
file /home/kmiller/.local/share/Enpass/icons/item/web/wetransfer.com.png
file /home/kmiller/.local/share/Enpass/icons/item/web/aol.com.png
file /home/kmiller/.local/share/Enpass/icons/item/web/taboola.com.png
file /home/kmiller/.local/share/Enpass/icons/item/web/accuweather.com@2x.png
file /home/kmiller/.local/share/Enpass/icons/item/web/tmall.com@3x.png
file /home/kmiller/.local/share/Enpass/icons/item/web/medium.com@2x.png
file /home/kmiller/.local/share/Enpass/icons/item/web/booking.com.png
file /home/kmiller/.local/share/Enpass/icons/item/web/whatsapp.com.png
file /home/kmiller/.local/share/Enpass/icons/item/web/microsoft.com@2x.png
file /home/kmiller/.local/share/Enpass/icons/item/web/todou.com@3x.png
file /home/kmiller/.local/share/Enpass/icons/item/web/espn.go.com@3x.png
file /home/kmiller/.local/share/Enpass/icons/item/web/t-online.de.png
file /home/kmiller/.local/share/Enpass/icons/item/web/ign.com.png
file /home/kmiller/.local/share/Enpass/icons/item/web/thepiratebay.org.png
file /home/kmiller/.local/share/Enpass/icons/item/web/wikimedia.org@2x.png
file /home/kmiller/.local/share/Enpass/icons/item/web/cctv.cn@2x.png
file /home/kmiller/.local/share/Enpass/icons/item/web/infusionsoft.com@3x.png
file /home/kmiller/.local/share/Enpass/icons/item/web/atlassian.com@2x.png
file /home/kmiller/.local/share/Enpass/icons/item/web/youku.com@2x.png
file /home/kmiller/.local/share/Enpass/icons/item/web/blackberry.com@2x.png
file /home/kmiller/.local/share/Enpass/icons/item/web/playstation.com@3x.png
file /home/kmiller/.local/share/Enpass/icons/item/web/dmm.com.png
file /home/kmiller/.local/share/Enpass/icons/item/web/taboola.com@2x.png
file /home/kmiller/.local/share/Enpass/icons/item/web/aim.com.png
file /home/kmiller/.local/share/Enpass/icons/item/web/telegram.org@3x.png
file /home/kmiller/.local/share/Enpass/icons/item/web/feedly.com.png
file /home/kmiller/.local/share/Enpass/icons/item/web/digikala.com@3x.png
file /home/kmiller/.local/share/Enpass/icons/item/web/ikea.com@3x.png
file /home/kmiller/.local/share/Enpass/icons/item/web/allstate.com@3x.png
file /home/kmiller/.local/share/Enpass/icons/item/web/xing.com@2x.png
file /home/kmiller/.local/share/Enpass/icons/item/web/shopify.com@2x.png
file /home/kmiller/.local/share/Enpass/icons/item/web/seznam.cz@2x.png
file /home/kmiller/.local/share/Enpass/icons/item/web/target.com.png
file /home/kmiller/.local/share/Enpass/icons/item/web/uptodown.com@2x.png
file /home/kmiller/.local/share/Enpass/icons/item/web/facebook.com@2x.png
file /home/kmiller/.local/share/Enpass/icons/item/web/rediff.com.png
file /home/kmiller/.local/share/Enpass/icons/item/web/thehomedepot.com@3x.png
file /home/kmiller/.local/share/Enpass/icons/item/web/paytm.com.png
file /home/kmiller/.local/share/Enpass/icons/item/web/versionwireless.com.png
file /home/kmiller/.local/share/Enpass/icons/item/web/douban.com@2x.png
file /home/kmiller/.local/share/Enpass/icons/item/web/quora.com@2x.png
file /home/kmiller/.local/share/Enpass/icons/item/web/ikea.com.png
file /home/kmiller/.local/share/Enpass/icons/item/web/chase.com.png
file /home/kmiller/.local/share/Enpass/icons/item/web/pandora.com@3x.png
file /home/kmiller/.local/share/Enpass/icons/item/web/evernote.com@3x.png
file /home/kmiller/.local/share/Enpass/icons/item/web/wikimedia.org@3x.png
file /home/kmiller/.local/share/Enpass/icons/item/web/citi.com.png
file /home/kmiller/.local/share/Enpass/icons/item/web/sberbank.ru@2x.png
file /home/kmiller/.local/share/Enpass/icons/item/web/walmart.com@3x.png
file /home/kmiller/.local/share/Enpass/icons/item/web/pandora.com@2x.png
file /home/kmiller/.local/share/Enpass/icons/item/web/feedly.com@3x.png
file /home/kmiller/.local/share/Enpass/icons/item/web/rediff.com@2x.png
file /home/kmiller/.local/share/Enpass/icons/item/web/milliyet.com.tr@3x.png
file /home/kmiller/.local/share/Enpass/icons/item/web/sahibinden.com@2x.png
file /home/kmiller/.local/share/Enpass/icons/item/web/disqus.com@2x.png
file /home/kmiller/.local/share/Enpass/icons/item/web/msn.com.png
file /home/kmiller/.local/share/Enpass/icons/item/web/etsy.com.png
file /home/kmiller/.local/share/Enpass/icons/item/web/myspace.com@2x.png
file /home/kmiller/.local/share/Enpass/icons/item/web/capitalone.com@3x.png
file /home/kmiller/.local/share/Enpass/icons/item/web/windows.com.png
file /home/kmiller/.local/share/Enpass/icons/item/web/wordpress.com.png
file /home/kmiller/.local/share/Enpass/icons/item/web/pixiv.net@2x.png
file /home/kmiller/.local/share/Enpass/icons/item/web/wikia.com.png
file /home/kmiller/.local/share/Enpass/icons/item/web/box.com@3x.png
file /home/kmiller/.local/share/Enpass/icons/item/web/t-online.de@2x.png
file /home/kmiller/.local/share/Enpass/icons/item/web/accuweather.com@3x.png
file /home/kmiller/.local/share/Enpass/icons/item/web/yelp.com@2x.png
file /home/kmiller/.local/share/Enpass/icons/item/web/avito.ru@2x.png
file /home/kmiller/.local/share/Enpass/icons/item/web/whatsapp.com@2x.png
file /home/kmiller/.local/share/Enpass/icons/item/web/milliyet.com.tr.png
file /home/kmiller/.local/share/Enpass/icons/item/web/hurriyet.com.tr.png
file /home/kmiller/.local/share/Enpass/icons/item/web/mozilla.org@2x.png
file /home/kmiller/.local/share/Enpass/icons/item/web/mail.ru@3x.png
file /home/kmiller/.local/share/Enpass/icons/item/web/blastingnews.com@2x.png
file /home/kmiller/.local/share/Enpass/icons/item/web/dropbox.com.png
file /home/kmiller/.local/share/Enpass/icons/item/web/history.com@3x.png
file /home/kmiller/.local/share/Enpass/icons/item/web/badoo.com@3x.png
file /home/kmiller/.local/share/Enpass/icons/item/web/vk.com.png
file /home/kmiller/.local/share/Enpass/icons/item/web/atlassian.com.png
file /home/kmiller/.local/share/Enpass/icons/item/web/softonic.com@2x.png
file /home/kmiller/.local/share/Enpass/icons/item/web/wordpress.com@3x.png
file /home/kmiller/.local/share/Enpass/icons/item/web/1and1.com.png
file /home/kmiller/.local/share/Enpass/icons/item/web/archive.org@3x.png
file /home/kmiller/.local/share/Enpass/icons/item/web/allegro.pl.png
file /home/kmiller/.local/share/Enpass/icons/item/web/dailymail.co.uk.png
file /home/kmiller/.local/share/Enpass/icons/item/web/tmall.com.png
file /home/kmiller/.local/share/Enpass/icons/item/web/youtube.com@2x.png
file /home/kmiller/.local/share/Enpass/icons/item/web/gmx.net@3x.png
file /home/kmiller/.local/share/Enpass/icons/item/web/shutterstock.com.png
file /home/kmiller/.local/share/Enpass/icons/item/web/webmd.com@2x.png
file /home/kmiller/.local/share/Enpass/icons/item/web/thehomedepot.com@2x.png
file /home/kmiller/.local/share/Enpass/icons/item/web/goodreads.com.png
file /home/kmiller/.local/share/Enpass/icons/item/web/youdao.com@2x.png
file /home/kmiller/.local/share/Enpass/icons/item/web/alipay.com@2x.png
file /home/kmiller/.local/share/Enpass/icons/item/web/mailchimp.com.png
file /home/kmiller/.local/share/Enpass/icons/item/web/fc2.com@3x.png
file /home/kmiller/.local/share/Enpass/icons/item/web/office.com@2x.png
file /home/kmiller/.local/share/Enpass/icons/item/web/craigslist.org@3x.png
file /home/kmiller/.local/share/Enpass/icons/item/web/live.com@1x.png
file /home/kmiller/.local/share/Enpass/icons/item/web/telegraph.co.uk@3x.png
file /home/kmiller/.local/share/Enpass/icons/item/web/mega.nz.png
file /home/kmiller/.local/share/Enpass/icons/item/web/sohu.com@3x.png
file /home/kmiller/.local/share/Enpass/icons/item/web/zillow.com@2x.png
file /home/kmiller/.local/share/Enpass/icons/item/web/target.com@3x.png
file /home/kmiller/.local/share/Enpass/icons/item/web/irctc.co.in@2x.png
file /home/kmiller/.local/share/Enpass/icons/item/web/hulu.com@3x.png
file /home/kmiller/.local/share/Enpass/icons/item/web/diply.com.png
file /home/kmiller/.local/share/Enpass/icons/item/web/milliyet.com.tr@2x.png
file /home/kmiller/.local/share/Enpass/icons/item/web/github.com.png
file /home/kmiller/.local/share/Enpass/icons/item/web/wikihow.com@3x.png
file /home/kmiller/.local/share/Enpass/icons/item/web/amazonaws.com@2x.png
file /home/kmiller/.local/share/Enpass/icons/item/web/forbes.com@3x.png
file /home/kmiller/.local/share/Enpass/icons/item/web/wellsfargo.com@2x.png
file /home/kmiller/.local/share/Enpass/icons/item/web/tokopedia.com@2x.png
file /home/kmiller/.local/share/Enpass/icons/item/web/weather.com@2x.png
file /home/kmiller/.local/share/Enpass/icons/item/web/theladbible.com@3x.png
file /home/kmiller/.local/share/Enpass/icons/item/web/ask.com.png
file /home/kmiller/.local/share/Enpass/icons/item/web/aarp.org.png
file /home/kmiller/.local/share/Enpass/icons/item/web/chase.com@3x.png
file /home/kmiller/.local/share/Enpass/icons/item/web/goo.ne.jp@2x.png
file /home/kmiller/.local/share/Enpass/icons/item/web/whatsapp.com@3x.png
file /home/kmiller/.local/share/Enpass/icons/item/web/bet365.com.png
file /home/kmiller/.local/share/Enpass/icons/item/web/sina.com.cn@2x.png
file /home/kmiller/.local/share/Enpass/icons/item/web/comcast.net.png
file /home/kmiller/.local/share/Enpass/icons/item/web/aim.com@3x.png
file /home/kmiller/.local/share/Enpass/icons/item/web/uptodown.com@3x.png
file /home/kmiller/.local/share/Enpass/icons/item/web/steamcommunity.com@2x.png
file /home/kmiller/.local/share/Enpass/icons/item/web/taobao.com.png
file /home/kmiller/.local/share/Enpass/icons/item/web/netflix.com@2x.png
file /home/kmiller/.local/share/Enpass/icons/item/web/hurriyet.com.tr@3x.png
file /home/kmiller/.local/share/Enpass/icons/item/web/hp.com@3x.png
file /home/kmiller/.local/share/Enpass/icons/item/web/fedex.com@3x.png
file /home/kmiller/.local/share/Enpass/icons/item/web/uol.com.br.png
file /home/kmiller/.local/share/Enpass/icons/item/web/booking.com@3x.png
file /home/kmiller/.local/share/Enpass/icons/item/web/slickdeals.com@2x.png
file /home/kmiller/.local/share/Enpass/icons/item/web/airbnb.com@2x.png
file /home/kmiller/.local/share/Enpass/icons/item/web/bet365.com@2x.png
file /home/kmiller/.local/share/Enpass/icons/item/web/behance.net@3x.png
file /home/kmiller/.local/share/Enpass/icons/item/web/linkdin.com@2x.png
file /home/kmiller/.local/share/Enpass/icons/item/web/marca.com@3x.png
file /home/kmiller/.local/share/Enpass/icons/item/web/kakaku.com@3x.png
file /home/kmiller/.local/share/Enpass/icons/item/web/pixiv.net.png
file /home/kmiller/.local/share/Enpass/icons/item/web/paypal.com@2x.png
file /home/kmiller/.local/share/Enpass/icons/item/web/goodreads.com@3x.png
file /home/kmiller/.local/share/Enpass/icons/item/web/weibo.com@2x.png
file /home/kmiller/.local/share/Enpass/icons/item/web/mediafire.com@2x.png
file /home/kmiller/.local/share/Enpass/icons/item/web/wordpress.com@2x.png
file /home/kmiller/.local/share/Enpass/icons/item/web/infusionsoft.com@2x.png
file /home/kmiller/.local/share/Enpass/icons/item/web/xing.com.png
file /home/kmiller/.local/share/Enpass/icons/item/web/skype.com@3x.png
file /home/kmiller/.local/share/Enpass/icons/item/web/allegro.pl@2x.png
file /home/kmiller/.local/share/Enpass/icons/item/web/blogger.com@3x.png
file /home/kmiller/.local/share/Enpass/icons/item/web/airbnb.com.png
file /home/kmiller/.local/share/Enpass/icons/item/web/globo.com.png
file /home/kmiller/.local/share/Enpass/icons/item/web/livedoor.com.png
file /home/kmiller/.local/share/Enpass/icons/item/web/trello.com@3x.png
file /home/kmiller/.local/share/Enpass/icons/item/web/yahoo.co.jp@3x.png
file /home/kmiller/.local/share/Enpass/icons/item/web/usatoday.com.png
file /home/kmiller/.local/share/Enpass/icons/item/web/mediafire.com.png
file /home/kmiller/.local/share/Enpass/icons/item/web/yesky.com.png
file /home/kmiller/.local/share/Enpass/icons/item/web/ikea.com@2x.png
file /home/kmiller/.local/share/Enpass/icons/item/web/wetransfer.com@3x.png
file /home/kmiller/.local/share/Enpass/icons/item/web/wikipedia.org@2x.png
file /home/kmiller/.local/share/Enpass/icons/item/web/skype.com@2x.png
file /home/kmiller/.local/share/Enpass/icons/item/web/playstation.com@2x.png
file /home/kmiller/.local/share/Enpass/icons/item/web/fc2.com@2x.png
file /home/kmiller/.local/share/Enpass/icons/item/web/mlb.com@3x.png
file /home/kmiller/.local/share/Enpass/icons/item/web/4shared.com@3x.png
file /home/kmiller/.local/share/Enpass/icons/item/web/kinopoisk.ru@2x.png
file /home/kmiller/.local/share/Enpass/icons/item/web/nih.gov@3x.png
file /home/kmiller/.local/share/Enpass/icons/item/web/pinterest.com.png
file /home/kmiller/.local/share/Enpass/icons/item/web/chinadaily.com.cn@2x.png
file /home/kmiller/.local/share/Enpass/icons/item/web/qq.com.png
file /home/kmiller/.local/share/Enpass/icons/item/web/yesky.com@3x.png
file /home/kmiller/.local/share/Enpass/icons/item/web/coccoc.com.png
file /home/kmiller/.local/share/Enpass/icons/item/web/globo.com@2x.png
file /home/kmiller/.local/share/Enpass/icons/item/web/archive.org.png
file /home/kmiller/.local/share/Enpass/icons/item/web/microsoft.com.png
file /home/kmiller/.local/share/Enpass/icons/item/web/instagram.com@2x.png
file /home/kmiller/.local/share/Enpass/icons/item/web/mlb.com.png
file /home/kmiller/.local/share/Enpass/icons/item/web/imdb.com@2x.png
file /home/kmiller/.local/share/Enpass/icons/item/web/500px.com@2x.png
file /home/kmiller/.local/share/Enpass/icons/item/web/vimeo.com@3x.png
file /home/kmiller/.local/share/Enpass/icons/item/web/addthis.com@3x.png
file /home/kmiller/.local/share/Enpass/icons/item/web/hao123.com.png
file /home/kmiller/.local/share/Enpass/icons/item/web/wikipedia.org@3x.png
file /home/kmiller/.local/share/Enpass/icons/item/web/imgur.com@3x.png
file /home/kmiller/.local/share/Enpass/icons/item/web/samsung.com@2x.png
file /home/kmiller/.local/share/Enpass/icons/item/web/wsj.com@2x.png
file /home/kmiller/.local/share/Enpass/icons/item/misc/folder@3x.png
file /home/kmiller/.local/share/Enpass/icons/item/misc/ftp_account.png
file /home/kmiller/.local/share/Enpass/icons/item/misc/password_2@3x.png
file /home/kmiller/.local/share/Enpass/icons/item/misc/email_account_3.png
file /home/kmiller/.local/share/Enpass/icons/item/misc/calling@3x.png
file /home/kmiller/.local/share/Enpass/icons/item/misc/cell_phone@2x.png
file /home/kmiller/.local/share/Enpass/icons/item/misc/finance@2x.png
file /home/kmiller/.local/share/Enpass/icons/item/misc/passport@2x.png
file /home/kmiller/.local/share/Enpass/icons/item/misc/email_account_3@2x.png
file /home/kmiller/.local/share/Enpass/icons/item/misc/ftp_account@3x.png
file /home/kmiller/.local/share/Enpass/icons/item/misc/user@2x.png
file /home/kmiller/.local/share/Enpass/icons/item/misc/secure_note.png
file /home/kmiller/.local/share/Enpass/icons/item/misc/stock_investment@2x.png
file /home/kmiller/.local/share/Enpass/icons/item/misc/calling@2x.png
file /home/kmiller/.local/share/Enpass/icons/item/misc/travelling_visa@2x.png
file /home/kmiller/.local/share/Enpass/icons/item/misc/server@2x.png
file /home/kmiller/.local/share/Enpass/icons/item/misc/alphabet_z@2x.png
file /home/kmiller/.local/share/Enpass/icons/item/misc/cloud@2x.png
file /home/kmiller/.local/share/Enpass/icons/item/misc/library_card@2x.png
file /home/kmiller/.local/share/Enpass/icons/item/misc/folder.png
file /home/kmiller/.local/share/Enpass/icons/item/misc/folder_sync.png
file /home/kmiller/.local/share/Enpass/icons/item/misc/service_provider@3x.png
file /home/kmiller/.local/share/Enpass/icons/item/misc/internet_provider.png
file /home/kmiller/.local/share/Enpass/icons/item/misc/voter_card@3x.png
file /home/kmiller/.local/share/Enpass/icons/item/misc/loan@3x.png
file /home/kmiller/.local/share/Enpass/icons/item/misc/insurance_policy.png
file /home/kmiller/.local/share/Enpass/icons/item/misc/password_1.png
file /home/kmiller/.local/share/Enpass/icons/item/misc/lens_prescription.png
file /home/kmiller/.local/share/Enpass/icons/item/misc/password_1@2x.png
file /home/kmiller/.local/share/Enpass/icons/item/misc/loan@2x.png
file /home/kmiller/.local/share/Enpass/icons/item/misc/shopping_cart@3x.png
file /home/kmiller/.local/share/Enpass/icons/item/misc/server@3x.png
file /home/kmiller/.local/share/Enpass/icons/item/misc/shopping_cart.png
file /home/kmiller/.local/share/Enpass/icons/item/misc/mobile_tower@2x.png
file /home/kmiller/.local/share/Enpass/icons/item/misc/outdoor_license@2x.png
file /home/kmiller/.local/share/Enpass/icons/item/misc/briefcase@3x.png
file /home/kmiller/.local/share/Enpass/icons/item/misc/service_provider.png
file /home/kmiller/.local/share/Enpass/icons/item/misc/cell_phone@3x.png
file /home/kmiller/.local/share/Enpass/icons/item/misc/sd_card@2x.png
file /home/kmiller/.local/share/Enpass/icons/item/misc/voicemail.png
file /home/kmiller/.local/share/Enpass/icons/item/misc/login.png
file /home/kmiller/.local/share/Enpass/icons/item/misc/address@2x.png
file /home/kmiller/.local/share/Enpass/icons/item/misc/web_hosting.png
file /home/kmiller/.local/share/Enpass/icons/item/misc/password_2@2x.png
file /home/kmiller/.local/share/Enpass/icons/item/misc/isic_card.png
file /home/kmiller/.local/share/Enpass/icons/item/misc/login@3x.png
file /home/kmiller/.local/share/Enpass/icons/item/misc/stock_investment@3x.png
file /home/kmiller/.local/share/Enpass/icons/item/misc/alphabet_q.png
file /home/kmiller/.local/share/Enpass/icons/item/misc/voter_card@2x.png
file /home/kmiller/.local/share/Enpass/icons/item/misc/isic_card@3x.png
file /home/kmiller/.local/share/Enpass/icons/item/misc/database@2x.png
file /home/kmiller/.local/share/Enpass/icons/item/misc/starbucks.png
file /home/kmiller/.local/share/Enpass/icons/item/misc/emergency_numbers.png
file /home/kmiller/.local/share/Enpass/icons/item/misc/starbucks@2x.png
file /home/kmiller/.local/share/Enpass/icons/item/misc/computer@3x.png
file /home/kmiller/.local/share/Enpass/icons/item/misc/lens_prescription@3x.png
file /home/kmiller/.local/share/Enpass/icons/item/misc/mutual_fund.png
file /home/kmiller/.local/share/Enpass/icons/item/misc/driving_license_1@3x.png
file /home/kmiller/.local/share/Enpass/icons/item/misc/security@2x.png
file /home/kmiller/.local/share/Enpass/icons/item/misc/email_account_5@2x.png
file /home/kmiller/.local/share/Enpass/icons/item/misc/software_license.png
file /home/kmiller/.local/share/Enpass/icons/item/misc/ftp_account@2x.png
file /home/kmiller/.local/share/Enpass/icons/item/misc/alphabet_z.png
file /home/kmiller/.local/share/Enpass/icons/item/misc/voicemail@2x.png
file /home/kmiller/.local/share/Enpass/icons/item/misc/mutual_fund@3x.png
file /home/kmiller/.local/share/Enpass/icons/item/misc/travelling_visa@3x.png
file /home/kmiller/.local/share/Enpass/icons/item/misc/flight_1@2x.png
file /home/kmiller/.local/share/Enpass/icons/item/misc/itz_card@2x.png
file /home/kmiller/.local/share/Enpass/icons/item/misc/alphabet_r@2x.png
file /home/kmiller/.local/share/Enpass/icons/item/misc/share.png
file /home/kmiller/.local/share/Enpass/icons/item/misc/calling.png
file /home/kmiller/.local/share/Enpass/icons/item/misc/identity_card@3x.png
file /home/kmiller/.local/share/Enpass/icons/item/misc/alphabet_h@3x.png
file /home/kmiller/.local/share/Enpass/icons/item/misc/stock_investment.png
file /home/kmiller/.local/share/Enpass/icons/item/misc/library_card.png
file /home/kmiller/.local/share/Enpass/icons/item/misc/club_membership.png
file /home/kmiller/.local/share/Enpass/icons/item/misc/email_account_2@3x.png
file /home/kmiller/.local/share/Enpass/icons/item/misc/calender.png
file /home/kmiller/.local/share/Enpass/icons/item/misc/database@3x.png
file /home/kmiller/.local/share/Enpass/icons/item/misc/calender@3x.png
file /home/kmiller/.local/share/Enpass/icons/item/misc/hotel_reservation@3x.png
file /home/kmiller/.local/share/Enpass/icons/item/misc/finance.png
file /home/kmiller/.local/share/Enpass/icons/item/misc/emergency_numbers@2x.png
file /home/kmiller/.local/share/Enpass/icons/item/misc/doctor@2x.png
file /home/kmiller/.local/share/Enpass/icons/item/misc/alphabet_z@3x.png
file /home/kmiller/.local/share/Enpass/icons/item/misc/address@3x.png
file /home/kmiller/.local/share/Enpass/icons/item/misc/email_account_5@3x.png
file /home/kmiller/.local/share/Enpass/icons/item/misc/location.png
file /home/kmiller/.local/share/Enpass/icons/item/misc/instant_messaging.png
file /home/kmiller/.local/share/Enpass/icons/item/misc/mobile_tower.png
file /home/kmiller/.local/share/Enpass/icons/item/misc/email_account_5.png
file /home/kmiller/.local/share/Enpass/icons/item/misc/itz_card@3x.png
file /home/kmiller/.local/share/Enpass/icons/item/misc/computer@2x.png
file /home/kmiller/.local/share/Enpass/icons/item/misc/bank.png
file /home/kmiller/.local/share/Enpass/icons/item/misc/flight_1@3x.png
file /home/kmiller/.local/share/Enpass/icons/item/misc/passport@3x.png
file /home/kmiller/.local/share/Enpass/icons/item/misc/combination_lock.png
file /home/kmiller/.local/share/Enpass/icons/item/misc/calender@2x.png
file /home/kmiller/.local/share/Enpass/icons/item/misc/driving_license_1@2x.png
file /home/kmiller/.local/share/Enpass/icons/item/misc/cell_phone.png
file /home/kmiller/.local/share/Enpass/icons/item/misc/login@2x.png
file /home/kmiller/.local/share/Enpass/icons/item/misc/alphabet_r@3x.png
file /home/kmiller/.local/share/Enpass/icons/item/misc/email_account_4@2x.png
file /home/kmiller/.local/share/Enpass/icons/item/misc/software_license@2x.png
file /home/kmiller/.local/share/Enpass/icons/item/misc/wireless_router@3x.png
file /home/kmiller/.local/share/Enpass/icons/item/misc/reward_program@3x.png
file /home/kmiller/.local/share/Enpass/icons/item/misc/database.png
file /home/kmiller/.local/share/Enpass/icons/item/misc/lock.png
file /home/kmiller/.local/share/Enpass/icons/item/misc/secure_note@3x.png
file /home/kmiller/.local/share/Enpass/icons/item/misc/driving_license_2.png
file /home/kmiller/.local/share/Enpass/icons/item/misc/reward_program.png
file /home/kmiller/.local/share/Enpass/icons/item/misc/password_1@3x.png
file /home/kmiller/.local/share/Enpass/icons/item/misc/share@2x.png
file /home/kmiller/.local/share/Enpass/icons/item/misc/library_card@3x.png
file /home/kmiller/.local/share/Enpass/icons/item/misc/alphabet_g.png
file /home/kmiller/.local/share/Enpass/icons/item/misc/bank@2x.png
file /home/kmiller/.local/share/Enpass/icons/item/misc/pan_card.png
file /home/kmiller/.local/share/Enpass/icons/item/misc/emergency_numbers@3x.png
file /home/kmiller/.local/share/Enpass/icons/item/misc/doctor.png
file /home/kmiller/.local/share/Enpass/icons/item/misc/server.png
file /home/kmiller/.local/share/Enpass/icons/item/misc/serial_number@2x.png
file /home/kmiller/.local/share/Enpass/icons/item/misc/vehicle.png
file /home/kmiller/.local/share/Enpass/icons/item/misc/alphabet_q@2x.png
file /home/kmiller/.local/share/Enpass/icons/item/misc/sd_card.png
file /home/kmiller/.local/share/Enpass/icons/item/misc/flight_2@3x.png
file /home/kmiller/.local/share/Enpass/icons/item/misc/property.png
file /home/kmiller/.local/share/Enpass/icons/item/misc/alphabet_x@2x.png
file /home/kmiller/.local/share/Enpass/icons/item/misc/wireless_router@2x.png
file /home/kmiller/.local/share/Enpass/icons/item/misc/security@3x.png
file /home/kmiller/.local/share/Enpass/icons/item/misc/email_account_2@2x.png
file /home/kmiller/.local/share/Enpass/icons/item/misc/folder@2x.png
file /home/kmiller/.local/share/Enpass/icons/item/misc/serial_number.png
file /home/kmiller/.local/share/Enpass/icons/item/misc/club_membership@2x.png
file /home/kmiller/.local/share/Enpass/icons/item/misc/flight_2.png
file /home/kmiller/.local/share/Enpass/icons/item/misc/email_account_1@2x.png
file /home/kmiller/.local/share/Enpass/icons/item/misc/mutual_fund@2x.png
file /home/kmiller/.local/share/Enpass/icons/item/misc/mobile_tower@3x.png
file /home/kmiller/.local/share/Enpass/icons/item/misc/identity_card@2x.png
file /home/kmiller/.local/share/Enpass/icons/item/misc/voicemail@3x.png
file /home/kmiller/.local/share/Enpass/icons/item/misc/contact.png
file /home/kmiller/.local/share/Enpass/icons/item/misc/voter_card.png
file /home/kmiller/.local/share/Enpass/icons/item/misc/web_hosting@2x.png
file /home/kmiller/.local/share/Enpass/icons/item/misc/alphabet_x.png
file /home/kmiller/.local/share/Enpass/icons/item/misc/pan_card@2x.png
file /home/kmiller/.local/share/Enpass/icons/item/misc/registration_code@3x.png
file /home/kmiller/.local/share/Enpass/icons/item/misc/property@2x.png
file /home/kmiller/.local/share/Enpass/icons/item/misc/alphabet_g@3x.png
file /home/kmiller/.local/share/Enpass/icons/item/misc/address.png
file /home/kmiller/.local/share/Enpass/icons/item/misc/internet_provider@2x.png
file /home/kmiller/.local/share/Enpass/icons/item/misc/flight_1.png
file /home/kmiller/.local/share/Enpass/icons/item/misc/alphabet_i.png
file /home/kmiller/.local/share/Enpass/icons/item/misc/alphabet_h.png
file /home/kmiller/.local/share/Enpass/icons/item/misc/alphabet_i@2x.png
file /home/kmiller/.local/share/Enpass/icons/item/misc/instant_messaging@3x.png
file /home/kmiller/.local/share/Enpass/icons/item/misc/loan.png
file /home/kmiller/.local/share/Enpass/icons/item/misc/serial_number@3x.png
file /home/kmiller/.local/share/Enpass/icons/item/misc/briefcase.png
file /home/kmiller/.local/share/Enpass/icons/item/misc/prescription@2x.png
file /home/kmiller/.local/share/Enpass/icons/item/misc/contact@2x.png
file /home/kmiller/.local/share/Enpass/icons/item/misc/cloud@3x.png
file /home/kmiller/.local/share/Enpass/icons/item/misc/email_account_1@3x.png
file /home/kmiller/.local/share/Enpass/icons/item/misc/combination_lock@3x.png
file /home/kmiller/.local/share/Enpass/icons/item/misc/tower@2x.png
file /home/kmiller/.local/share/Enpass/icons/item/misc/secure_note@2x.png
file /home/kmiller/.local/share/Enpass/icons/item/misc/lens_prescription@2x.png
file /home/kmiller/.local/share/Enpass/icons/item/misc/tower@3x.png
file /home/kmiller/.local/share/Enpass/icons/item/misc/location@2x.png
file /home/kmiller/.local/share/Enpass/icons/item/misc/prescription@3x.png
file /home/kmiller/.local/share/Enpass/icons/item/misc/wireless_router.png
file /home/kmiller/.local/share/Enpass/icons/item/misc/briefcase@2x.png
file /home/kmiller/.local/share/Enpass/icons/item/misc/security.png
file /home/kmiller/.local/share/Enpass/icons/item/misc/outdoor_license.png
file /home/kmiller/.local/share/Enpass/icons/item/misc/cloth_size@2x.png
file /home/kmiller/.local/share/Enpass/icons/item/misc/software_license@3x.png
file /home/kmiller/.local/share/Enpass/icons/item/misc/vehicle@2x.png
file /home/kmiller/.local/share/Enpass/icons/item/misc/registration_code.png
file /home/kmiller/.local/share/Enpass/icons/item/misc/cloud.png
file /home/kmiller/.local/share/Enpass/icons/item/misc/vehicle@3x.png
file /home/kmiller/.local/share/Enpass/icons/item/misc/alphabet_p@2x.png
file /home/kmiller/.local/share/Enpass/icons/item/misc/service_provider@2x.png
file /home/kmiller/.local/share/Enpass/icons/item/misc/computer.png
file /home/kmiller/.local/share/Enpass/icons/item/misc/internet_provider@3x.png
file /home/kmiller/.local/share/Enpass/icons/item/misc/email_account_3@3x.png
file /home/kmiller/.local/share/Enpass/icons/item/misc/property@3x.png
file /home/kmiller/.local/share/Enpass/icons/item/misc/cloth_size.png
file /home/kmiller/.local/share/Enpass/icons/item/misc/travelling_visa.png
file /home/kmiller/.local/share/Enpass/icons/item/misc/alphabet_h@2x.png
file /home/kmiller/.local/share/Enpass/icons/item/misc/outdoor_license@3x.png
file /home/kmiller/.local/share/Enpass/icons/item/misc/combination_lock@2x.png
file /home/kmiller/.local/share/Enpass/icons/item/misc/web_hosting@3x.png
file /home/kmiller/.local/share/Enpass/icons/item/misc/tower.png
file /home/kmiller/.local/share/Enpass/icons/item/misc/folder_sync@2x.png
file /home/kmiller/.local/share/Enpass/icons/item/misc/lock@2x.png
file /home/kmiller/.local/share/Enpass/icons/item/misc/cloth_size@3x.png
file /home/kmiller/.local/share/Enpass/icons/item/misc/passport.png
file /home/kmiller/.local/share/Enpass/icons/item/misc/isic_card@2x.png
file /home/kmiller/.local/share/Enpass/icons/item/misc/shopping_cart@2x.png
file /home/kmiller/.local/share/Enpass/icons/item/misc/alphabet_i@3x.png
file /home/kmiller/.local/share/Enpass/icons/item/misc/driving_license_2@3x.png
file /home/kmiller/.local/share/Enpass/icons/item/misc/bank@3x.png
file /home/kmiller/.local/share/Enpass/icons/item/misc/share@3x.png
file /home/kmiller/.local/share/Enpass/icons/item/misc/pan_card@3x.png
file /home/kmiller/.local/share/Enpass/icons/item/misc/lock@3x.png
file /home/kmiller/.local/share/Enpass/icons/item/misc/driving_license_1.png
file /home/kmiller/.local/share/Enpass/icons/item/misc/folder_sync@3x.png
file /home/kmiller/.local/share/Enpass/icons/item/misc/insurance_policy@2x.png
file /home/kmiller/.local/share/Enpass/icons/item/misc/doctor@3x.png
file /home/kmiller/.local/share/Enpass/icons/item/misc/location@3x.png
file /home/kmiller/.local/share/Enpass/icons/item/misc/reward_program@2x.png
file /home/kmiller/.local/share/Enpass/icons/item/misc/email_account_2.png
file /home/kmiller/.local/share/Enpass/icons/item/misc/email_account_1.png
file /home/kmiller/.local/share/Enpass/icons/item/misc/password_2.png
file /home/kmiller/.local/share/Enpass/icons/item/misc/alphabet_p@3x.png
file /home/kmiller/.local/share/Enpass/icons/item/misc/instant_messaging@2x.png
file /home/kmiller/.local/share/Enpass/icons/item/misc/registration_code@2x.png
file /home/kmiller/.local/share/Enpass/icons/item/misc/driving_license_2@2x.png
file /home/kmiller/.local/share/Enpass/icons/item/misc/flight_2@2x.png
file /home/kmiller/.local/share/Enpass/icons/item/misc/club_membership@3x.png
file /home/kmiller/.local/share/Enpass/icons/item/misc/hotel_reservation.png
file /home/kmiller/.local/share/Enpass/icons/item/misc/alphabet_p.png
file /home/kmiller/.local/share/Enpass/icons/item/misc/email_account_4@3x.png
file /home/kmiller/.local/share/Enpass/icons/item/misc/alphabet_r.png
file /home/kmiller/.local/share/Enpass/icons/item/misc/alphabet_x@3x.png
file /home/kmiller/.local/share/Enpass/icons/item/misc/user.png
file /home/kmiller/.local/share/Enpass/icons/item/misc/finance@3x.png
file /home/kmiller/.local/share/Enpass/icons/item/misc/user@3x.png
file /home/kmiller/.local/share/Enpass/icons/item/misc/alphabet_q@3x.png
file /home/kmiller/.local/share/Enpass/icons/item/misc/itz_card.png
file /home/kmiller/.local/share/Enpass/icons/item/misc/prescription.png
file /home/kmiller/.local/share/Enpass/icons/item/misc/insurance_policy@3x.png
file /home/kmiller/.local/share/Enpass/icons/item/misc/contact@3x.png
file /home/kmiller/.local/share/Enpass/icons/item/misc/email_account_4.png
file /home/kmiller/.local/share/Enpass/icons/item/misc/sd_card@3x.png
file /home/kmiller/.local/share/Enpass/icons/item/misc/alphabet_g@2x.png
file /home/kmiller/.local/share/Enpass/icons/item/misc/hotel_reservation@2x.png
file /home/kmiller/.local/share/Enpass/icons/item/misc/starbucks@3x.png
file /home/kmiller/.local/share/Enpass/icons/item/misc/identity_card.png
file /home/kmiller/.local/share/Enpass/icons/item/legacy/i118@3x.png
file /home/kmiller/.local/share/Enpass/icons/item/legacy/i108.png
file /home/kmiller/.local/share/Enpass/icons/item/legacy/i105@2x.png
file /home/kmiller/.local/share/Enpass/icons/item/legacy/i108@2x.png
file /home/kmiller/.local/share/Enpass/icons/item/legacy/i119.png
file /home/kmiller/.local/share/Enpass/icons/item/legacy/i118@2x.png
file /home/kmiller/.local/share/Enpass/icons/item/legacy/i98@2x.png
file /home/kmiller/.local/share/Enpass/icons/item/legacy/i98@3x.png
file /home/kmiller/.local/share/Enpass/icons/item/legacy/i88@3x.png
file /home/kmiller/.local/share/Enpass/icons/item/legacy/i105@3x.png
file /home/kmiller/.local/share/Enpass/icons/item/legacy/i116@3x.png
file /home/kmiller/.local/share/Enpass/icons/item/legacy/i88@2x.png
file /home/kmiller/.local/share/Enpass/icons/item/legacy/i88.png
file /home/kmiller/.local/share/Enpass/icons/item/legacy/i118.png
file /home/kmiller/.local/share/Enpass/icons/item/legacy/i119@3x.png
file /home/kmiller/.local/share/Enpass/icons/item/legacy/i105.png
file /home/kmiller/.local/share/Enpass/icons/item/legacy/i108@3x.png
file /home/kmiller/.local/share/Enpass/icons/item/legacy/i119@2x.png
file /home/kmiller/.local/share/Enpass/icons/item/legacy/i116.png
file /home/kmiller/.local/share/Enpass/icons/item/legacy/i98.png
file /home/kmiller/.local/share/Enpass/icons/item/legacy/i116@2x.png
file /home/kmiller/.local/share/gnome-shell/extensions/gTile@vibou/images/anatomy.svg
file /home/kmiller/.local/share/gnome-shell/extensions/gTile@vibou/images/launcher/light/16/hover.png
file /home/kmiller/.local/share/gnome-shell/extensions/gTile@vibou/images/launcher/light/16/default.png
file /home/kmiller/.local/share/gnome-shell/extensions/gTile@vibou/images/launcher/light/16/active.png
file /home/kmiller/.local/share/gnome-shell/extensions/gTile@vibou/images/launcher/light/source/active.svg
file /home/kmiller/.local/share/gnome-shell/extensions/gTile@vibou/images/launcher/light/source/hover.svg
file /home/kmiller/.local/share/gnome-shell/extensions/gTile@vibou/images/launcher/light/source/default.svg
file /home/kmiller/.local/share/gnome-shell/extensions/gTile@vibou/images/launcher/dark/16/hover.png
file /home/kmiller/.local/share/gnome-shell/extensions/gTile@vibou/images/launcher/dark/16/default.png
file /home/kmiller/.local/share/gnome-shell/extensions/gTile@vibou/images/launcher/dark/16/active.png
file /home/kmiller/.local/share/gnome-shell/extensions/gTile@vibou/images/launcher/dark/source/active.svg
file /home/kmiller/.local/share/gnome-shell/extensions/gTile@vibou/images/launcher/dark/source/hover.svg
file /home/kmiller/.local/share/gnome-shell/extensions/gTile@vibou/images/launcher/dark/source/default.svg
file /home/kmiller/.local/share/gnome-shell/extensions/gTile@vibou/images/icons/light/16/scale.png
file /home/kmiller/.local/share/gnome-shell/extensions/gTile@vibou/images/icons/light/16/auto-close.png
file /home/kmiller/.local/share/gnome-shell/extensions/gTile@vibou/images/icons/light/16/close.png
file /home/kmiller/.local/share/gnome-shell/extensions/gTile@vibou/images/icons/light/16/followcursor.png
file /home/kmiller/.local/share/gnome-shell/extensions/gTile@vibou/images/icons/light/16/auto-tile-0.png
file /home/kmiller/.local/share/gnome-shell/extensions/gTile@vibou/images/icons/light/16/auto-tile-1.png
file /home/kmiller/.local/share/gnome-shell/extensions/gTile@vibou/images/icons/light/32/scale.png
file /home/kmiller/.local/share/gnome-shell/extensions/gTile@vibou/images/icons/light/32/auto-close.png
file /home/kmiller/.local/share/gnome-shell/extensions/gTile@vibou/images/icons/light/32/close.png
file /home/kmiller/.local/share/gnome-shell/extensions/gTile@vibou/images/icons/light/32/followcursor.png
file /home/kmiller/.local/share/gnome-shell/extensions/gTile@vibou/images/icons/light/32/auto-tile-0.png
file /home/kmiller/.local/share/gnome-shell/extensions/gTile@vibou/images/icons/light/32/auto-tile-1.png
file /home/kmiller/.local/share/gnome-shell/extensions/gTile@vibou/images/icons/light/48/scale.png
file /home/kmiller/.local/share/gnome-shell/extensions/gTile@vibou/images/icons/light/48/auto-close.png
file /home/kmiller/.local/share/gnome-shell/extensions/gTile@vibou/images/icons/light/48/close.png
file /home/kmiller/.local/share/gnome-shell/extensions/gTile@vibou/images/icons/light/48/followcursor.png
file /home/kmiller/.local/share/gnome-shell/extensions/gTile@vibou/images/icons/light/48/auto-tile-0.png
file /home/kmiller/.local/share/gnome-shell/extensions/gTile@vibou/images/icons/light/48/auto-tile-1.png
file /home/kmiller/.local/share/gnome-shell/extensions/gTile@vibou/images/icons/light/source/followcursor.svg
file /home/kmiller/.local/share/gnome-shell/extensions/gTile@vibou/images/icons/light/source/auto-tile-1.svg
file /home/kmiller/.local/share/gnome-shell/extensions/gTile@vibou/images/icons/light/source/auto-close.svg
file /home/kmiller/.local/share/gnome-shell/extensions/gTile@vibou/images/icons/light/source/close.svg
file /home/kmiller/.local/share/gnome-shell/extensions/gTile@vibou/images/icons/light/source/scale.svg
file /home/kmiller/.local/share/gnome-shell/extensions/gTile@vibou/images/icons/light/source/auto-tile-0.svg
file /home/kmiller/.local/share/gnome-shell/extensions/gTile@vibou/images/icons/dark/16/scale.png
file /home/kmiller/.local/share/gnome-shell/extensions/gTile@vibou/images/icons/dark/16/auto-close.png
file /home/kmiller/.local/share/gnome-shell/extensions/gTile@vibou/images/icons/dark/16/close.png
file /home/kmiller/.local/share/gnome-shell/extensions/gTile@vibou/images/icons/dark/16/followcursor.png
file /home/kmiller/.local/share/gnome-shell/extensions/gTile@vibou/images/icons/dark/16/auto-tile-0.png
file /home/kmiller/.local/share/gnome-shell/extensions/gTile@vibou/images/icons/dark/16/auto-tile-1.png
file /home/kmiller/.local/share/gnome-shell/extensions/gTile@vibou/images/icons/dark/32/scale.png
file /home/kmiller/.local/share/gnome-shell/extensions/gTile@vibou/images/icons/dark/32/auto-close.png
file /home/kmiller/.local/share/gnome-shell/extensions/gTile@vibou/images/icons/dark/32/close.png
file /home/kmiller/.local/share/gnome-shell/extensions/gTile@vibou/images/icons/dark/32/followcursor.png
file /home/kmiller/.local/share/gnome-shell/extensions/gTile@vibou/images/icons/dark/32/auto-tile-0.png
file /home/kmiller/.local/share/gnome-shell/extensions/gTile@vibou/images/icons/dark/32/auto-tile-1.png
file /home/kmiller/.local/share/gnome-shell/extensions/gTile@vibou/images/icons/dark/48/scale.png
file /home/kmiller/.local/share/gnome-shell/extensions/gTile@vibou/images/icons/dark/48/auto-close.png
file /home/kmiller/.local/share/gnome-shell/extensions/gTile@vibou/images/icons/dark/48/close.png
file /home/kmiller/.local/share/gnome-shell/extensions/gTile@vibou/images/icons/dark/48/followcursor.png
file /home/kmiller/.local/share/gnome-shell/extensions/gTile@vibou/images/icons/dark/48/auto-tile-0.png
file /home/kmiller/.local/share/gnome-shell/extensions/gTile@vibou/images/icons/dark/48/auto-tile-1.png
file /home/kmiller/.local/share/gnome-shell/extensions/gTile@vibou/images/icons/dark/source/followcursor.svg
file /home/kmiller/.local/share/gnome-shell/extensions/gTile@vibou/images/icons/dark/source/auto-tile-1.svg
file /home/kmiller/.local/share/gnome-shell/extensions/gTile@vibou/images/icons/dark/source/auto-close.svg
file /home/kmiller/.local/share/gnome-shell/extensions/gTile@vibou/images/icons/dark/source/close.svg
file /home/kmiller/.local/share/gnome-shell/extensions/gTile@vibou/images/icons/dark/source/scale.svg
file /home/kmiller/.local/share/gnome-shell/extensions/gTile@vibou/images/icons/dark/source/auto-tile-0.svg
file /home/kmiller/.local/share/gnome-shell/extensions/system-monitor@gnome-shell-extensions.gcampax.github.com/icons/upload-symbolic.svg
file /home/kmiller/.local/share/gnome-shell/extensions/system-monitor@gnome-shell-extensions.gcampax.github.com/icons/memory-symbolic.svg
file /home/kmiller/.local/share/gnome-shell/extensions/system-monitor@gnome-shell-extensions.gcampax.github.com/icons/processor-symbolic.svg
file /home/kmiller/.local/share/gnome-shell/extensions/system-monitor@gnome-shell-extensions.gcampax.github.com/icons/download-symbolic.svg
file /home/kmiller/.local/share/gnome-shell/extensions/system-monitor@gnome-shell-extensions.gcampax.github.com/icons/swap-symbolic.svg
file /home/kmiller/.local/share/gnome-shell/extensions/openweather-extension@penguin-teal.github.io/media/openweather-icon.svg
file /home/kmiller/.local/share/gnome-shell/extensions/openweather-extension@penguin-teal.github.io/media/status/weather-severe-alert-symbolic.svg
file /home/kmiller/.local/share/gnome-shell/extensions/openweather-extension@penguin-teal.github.io/media/status/weather-storm-symbolic.svg
file /home/kmiller/.local/share/gnome-shell/extensions/openweather-extension@penguin-teal.github.io/media/status/internet-web-browser-symbolic.svg
file /home/kmiller/.local/share/gnome-shell/extensions/openweather-extension@penguin-teal.github.io/media/status/weather-showers-scattered-symbolic.svg
file /home/kmiller/.local/share/gnome-shell/extensions/openweather-extension@penguin-teal.github.io/media/status/weather-fog-symbolic.svg
file /home/kmiller/.local/share/gnome-shell/extensions/openweather-extension@penguin-teal.github.io/media/status/weather-snow-symbolic.svg
file /home/kmiller/.local/share/gnome-shell/extensions/openweather-extension@penguin-teal.github.io/media/status/weather-showers-symbolic.svg
file /home/kmiller/.local/share/gnome-shell/extensions/openweather-extension@penguin-teal.github.io/media/status/weather-few-clouds-night-symbolic.svg
file /home/kmiller/.local/share/gnome-shell/extensions/openweather-extension@penguin-teal.github.io/media/status/weather-tornado-symbolic.svg
file /home/kmiller/.local/share/gnome-shell/extensions/openweather-extension@penguin-teal.github.io/media/status/weather-windy-symbolic.svg
file /home/kmiller/.local/share/gnome-shell/extensions/openweather-extension@penguin-teal.github.io/media/status/daytime-sunset-symbolic.svg
file /home/kmiller/.local/share/gnome-shell/extensions/openweather-extension@penguin-teal.github.io/media/status/weather-clear-symbolic.svg
file /home/kmiller/.local/share/gnome-shell/extensions/openweather-extension@penguin-teal.github.io/media/status/weather-clear-night-symbolic.svg
file /home/kmiller/.local/share/gnome-shell/extensions/openweather-extension@penguin-teal.github.io/media/status/weather-overcast-symbolic.svg
file /home/kmiller/.local/share/gnome-shell/extensions/openweather-extension@penguin-teal.github.io/media/status/daytime-sunrise-symbolic.svg
file /home/kmiller/.local/share/gnome-shell/extensions/openweather-extension@penguin-teal.github.io/media/status/weather-freezing-rain-symbolic.svg
file /home/kmiller/.local/share/gnome-shell/extensions/openweather-extension@penguin-teal.github.io/media/status/weather-few-clouds-symbolic.svg
file /home/kmiller/.local/share/gnome-shell/extensions/tiling-assistant@leleat-on-github/media/preferences-desktop-apps-symbolic.svg
file /home/kmiller/.local/share/gnome-shell/extensions/tiling-assistant@leleat-on-github/media/insert-link-symbolic.svg
file /home/kmiller/.local/share/JetBrains/Toolbox/toolbox.svg
file /home/kmiller/.local/share/icons/telegram.png
file /home/kmiller/.local/share/icons/hicolor/256x256/apps/chrome-hnpfjngllnobngcgfapefoaidbinmjnm-Default.png
file /home/kmiller/.local/share/icons/hicolor/16x16/apps/chrome-hnpfjngllnobngcgfapefoaidbinmjnm-Default.png
file /home/kmiller/.local/share/icons/hicolor/16x16/apps/chrome-nmmhkkegccagdldgiimedpiccmgmieda-Default.png
file /home/kmiller/.local/share/icons/hicolor/512x512/apps/chrome-hnpfjngllnobngcgfapefoaidbinmjnm-Default.png
file /home/kmiller/.local/share/icons/hicolor/scalable/apps/org.gnome.Shell.Extensions.GSConnect-symbolic.svg
file /home/kmiller/.local/share/icons/hicolor/scalable/apps/org.gnome.Shell.Extensions.GSConnect.svg
file /home/kmiller/.local/share/icons/hicolor/64x64/apps/jubler.png
file /home/kmiller/.local/share/icons/hicolor/48x48/apps/chrome-hnpfjngllnobngcgfapefoaidbinmjnm-Default.png
file /home/kmiller/.local/share/icons/hicolor/32x32/apps/jubler.png
file /home/kmiller/.local/share/icons/hicolor/32x32/apps/chrome-hnpfjngllnobngcgfapefoaidbinmjnm-Default.png
file /home/kmiller/.local/share/icons/hicolor/128x128/apps/jubler.png
file /home/kmiller/.local/share/icons/hicolor/128x128/apps/chrome-hnpfjngllnobngcgfapefoaidbinmjnm-Default.png
file /home/kmiller/.local/share/icons/hicolor/128x128/apps/chrome-nmmhkkegccagdldgiimedpiccmgmieda-Default.png
